#
# There is insufficient memory for the Java Runtime Environment to continue.
# Native memory allocation (malloc) failed to allocate 32744 bytes for ChunkPool::allocate
# Possible reasons:
#   The system is out of physical RAM or swap space
#   The process is running with CompressedOops enabled, and the Java Heap may be blocking the growth of the native heap
# Possible solutions:
#   Reduce memory load on the system
#   Increase physical memory or swap space
#   Check if swap backing store is full
#   Decrease Java heap size (-Xmx/-Xms)
#   Decrease number of Java threads
#   Decrease Java thread stack sizes (-Xss)
#   Set larger code cache with -XX:ReservedCodeCacheSize=
#   JVM is running with Unscaled Compressed Oops mode in which the Java heap is
#     placed in the first 4GB address space. The Java Heap base address is the
#     maximum limit for the native heap growth. Please use -XX:HeapBaseMinAddress
#     to set the Java Heap base and to place the Java Heap above 4GB virtual address.
# This output file may be truncated or incomplete.
#
#  Out of Memory Error (allocation.cpp:272), pid=4064, tid=0x00000000000032a8
#
# JRE version: OpenJDK Runtime Environment (8.0_282-b08) (build 1.8.0_282-b08)
# Java VM: OpenJDK 64-Bit Server VM (25.282-b08 mixed mode windows-amd64 compressed oops)
# Failed to write core dump. Minidumps are not enabled by default on client versions of Windows
#

---------------  T H R E A D  ---------------

Current thread (0x0000016fa12e5800):  JavaThread "C2 CompilerThread0" daemon [_thread_in_native, id=12968, stack(0x0000004b8b800000,0x0000004b8b900000)]

Stack: [0x0000004b8b800000,0x0000004b8b900000]
[error occurred during error reporting (printing stack bounds), id 0xc0000005]

Native frames: (J=compiled Java code, j=interpreted, Vv=VM code, C=native code)


Current CompileTask:
C2:    657  306       4       org.jacoco.agent.rt.internal_14f7ee5.asm.Item::isEqualTo (354 bytes)


---------------  P R O C E S S  ---------------

Java Threads: ( => current thread )
  0x0000016fa1388800 JavaThread "Service Thread" daemon [_thread_blocked, id=4228, stack(0x0000004b8bb00000,0x0000004b8bc00000)]
  0x0000016fa1365000 JavaThread "C1 CompilerThread2" daemon [_thread_in_native, id=5412, stack(0x0000004b8ba00000,0x0000004b8bb00000)]
  0x0000016fa1364000 JavaThread "C2 CompilerThread1" daemon [_thread_blocked, id=4104, stack(0x0000004b8b900000,0x0000004b8ba00000)]
=>0x0000016fa12e5800 JavaThread "C2 CompilerThread0" daemon [_thread_in_native, id=12968, stack(0x0000004b8b800000,0x0000004b8b900000)]
  0x0000016fa02fd800 JavaThread "Attach Listener" daemon [_thread_blocked, id=12824, stack(0x0000004b8b700000,0x0000004b8b800000)]
  0x0000016fa02fd000 JavaThread "Signal Dispatcher" daemon [_thread_blocked, id=8696, stack(0x0000004b8b600000,0x0000004b8b700000)]
  0x0000016fa024d800 JavaThread "Finalizer" daemon [_thread_blocked, id=4344, stack(0x0000004b8b500000,0x0000004b8b600000)]
  0x0000016f9fb1d800 JavaThread "Reference Handler" daemon [_thread_blocked, id=11972, stack(0x0000004b8b400000,0x0000004b8b500000)]
  0x0000016f89efd000 JavaThread "main" [_thread_in_vm, id=9608, stack(0x0000004b8ae00000,0x0000004b8af00000)]

Other Threads:
  0x0000016fa0223800 VMThread [stack: 0x0000004b8b300000,0x0000004b8b400000] [id=9436]
  0x0000016fa138b000 WatcherThread [stack: 0x0000004b8bc00000,0x0000004b8bd00000] [id=10280]

VM state:not at safepoint (normal execution)

VM Mutex/Monitor currently owned by a thread: None

heap address: 0x0000000088e00000, size: 1906 MB, Compressed Oops mode: 32-bit
Narrow klass base: 0x0000000000000000, Narrow klass shift: 3
Compressed class space size: 1073741824 Address: 0x0000000100000000

Heap:
 PSYoungGen      total 35840K, used 8067K [0x00000000d8500000, 0x00000000dad00000, 0x0000000100000000)
  eden space 30720K, 26% used [0x00000000d8500000,0x00000000d8ce0d88,0x00000000da300000)
  from space 5120K, 0% used [0x00000000da800000,0x00000000da800000,0x00000000dad00000)
  to   space 5120K, 0% used [0x00000000da300000,0x00000000da300000,0x00000000da800000)
 ParOldGen       total 81920K, used 0K [0x0000000088e00000, 0x000000008de00000, 0x00000000d8500000)
  object space 81920K, 0% used [0x0000000088e00000,0x0000000088e00000,0x000000008de00000)
 Metaspace       used 4675K, capacity 5464K, committed 5760K, reserved 1056768K
  class space    used 510K, capacity 568K, committed 640K, reserved 1048576K

Card table byte_map: [0x0000016f9ac60000,0x0000016f9b020000] byte_map_base: 0x0000016f9a819000

Marking Bits: (ParMarkBitMap*) 0x0000000070d60890
 Begin Bits: [0x0000016f9b2a0000, 0x0000016f9d068000)
 End Bits:   [0x0000016f9d068000, 0x0000016f9ee30000)

Polling page: 0x0000016f8a250000

CodeCache: size=245760Kb used=1788Kb max_used=1799Kb free=243971Kb
 bounds [0x0000016f8b8a0000, 0x0000016f8bb10000, 0x0000016f9a8a0000]
 total_blobs=568 nmethods=295 adapters=187
 compilation: enabled

Compilation events (10 events):
Event: 0.583 Thread 0x0000016fa1364000 nmethod 305 0x0000016f8ba61150 code [0x0000016f8ba61280, 0x0000016f8ba61318]
Event: 0.583 Thread 0x0000016fa12e5800  306       4       org.jacoco.agent.rt.internal_14f7ee5.asm.Item::isEqualTo (354 bytes)
Event: 0.584 Thread 0x0000016fa1364000  307       4       org.jacoco.agent.rt.internal_14f7ee5.asm.ClassWriter::get (49 bytes)
Event: 0.587 Thread 0x0000016fa1364000 nmethod 307 0x0000016f8ba60d90 code [0x0000016f8ba60ee0, 0x0000016f8ba61008]
Event: 0.589 Thread 0x0000016fa1364000  308       4       java.util.regex.Pattern$Node::match (27 bytes)
Event: 0.591 Thread 0x0000016fa1364000 nmethod 308 0x0000016f8ba5dfd0 code [0x0000016f8ba5e100, 0x0000016f8ba5e1b8]
Event: 0.592 Thread 0x0000016fa1364000  309 %     4       java.lang.String::lastIndexOf @ 21 (52 bytes)
Event: 0.597 Thread 0x0000016fa1364000 nmethod 309% 0x0000016f8ba5db90 code [0x0000016f8ba5dce0, 0x0000016f8ba5ded8]
Event: 0.597 Thread 0x0000016fa1364000  311       4       org.jacoco.agent.rt.internal_14f7ee5.asm.ClassReader::readInt (52 bytes)
Event: 0.599 Thread 0x0000016fa1364000 nmethod 311 0x0000016f8ba62890 code [0x0000016f8ba629c0, 0x0000016f8ba62ab8]

GC Heap History (0 events):
No events

Deoptimization events (0 events):
No events

Classes redefined (0 events):
No events

Internal exceptions (9 events):
Event: 0.059 Thread 0x0000016f89efd000 Exception <a 'java/lang/NoSuchMethodError': Method sun.misc.Unsafe.defineClass(Ljava/lang/String;[BII)Ljava/lang/Class; name or signature does not match> (0x00000000d8508288) thrown at [C:\wsjdk\Corretto8Src\installers\windows\zip\corretto-build\buildRoot
Event: 0.059 Thread 0x0000016f89efd000 Exception <a 'java/lang/NoSuchMethodError': Method sun.misc.Unsafe.prefetchRead(Ljava/lang/Object;J)V name or signature does not match> (0x00000000d8508570) thrown at [C:\wsjdk\Corretto8Src\installers\windows\zip\corretto-build\buildRoot\src\hotspot\src\s
Event: 0.202 Thread 0x0000016f89efd000 Exception <a 'java/io/FileNotFoundException'> (0x00000000d85b9f00) thrown at [C:\wsjdk\Corretto8Src\installers\windows\zip\corretto-build\buildRoot\src\hotspot\src\share\vm\prims\jni.cpp, line 711]
Event: 0.499 Thread 0x0000016f89efd000 Exception <a 'java/security/PrivilegedActionException'> (0x00000000d8ae7600) thrown at [C:\wsjdk\Corretto8Src\installers\windows\zip\corretto-build\buildRoot\src\hotspot\src\share\vm\prims\jvm.cpp, line 1522]
Event: 0.499 Thread 0x0000016f89efd000 Exception <a 'java/security/PrivilegedActionException'> (0x00000000d8ae7810) thrown at [C:\wsjdk\Corretto8Src\installers\windows\zip\corretto-build\buildRoot\src\hotspot\src\share\vm\prims\jvm.cpp, line 1522]
Event: 0.501 Thread 0x0000016f89efd000 Exception <a 'java/security/PrivilegedActionException'> (0x00000000d8ae9d10) thrown at [C:\wsjdk\Corretto8Src\installers\windows\zip\corretto-build\buildRoot\src\hotspot\src\share\vm\prims\jvm.cpp, line 1522]
Event: 0.501 Thread 0x0000016f89efd000 Exception <a 'java/security/PrivilegedActionException'> (0x00000000d8ae9f20) thrown at [C:\wsjdk\Corretto8Src\installers\windows\zip\corretto-build\buildRoot\src\hotspot\src\share\vm\prims\jvm.cpp, line 1522]
Event: 0.509 Thread 0x0000016f89efd000 Exception <a 'java/lang/NoClassDefFoundError': org/apache/commons/lang/StringUtils> (0x00000000d8b0caf8) thrown at [C:\wsjdk\Corretto8Src\installers\windows\zip\corretto-build\buildRoot\src\hotspot\src\share\vm\classfile\systemDictionary.cpp, line 206]
Event: 0.510 Thread 0x0000016f89efd000 Exception <a 'java/lang/NoClassDefFoundError': org/apache/commons/lang/StringUtils> (0x00000000d8b10308) thrown at [C:\wsjdk\Corretto8Src\installers\windows\zip\corretto-build\buildRoot\src\hotspot\src\share\vm\oops\constantPool.cpp, line 606]

Events (10 events):
Event: 0.579 loading class org/jacoco/agent/rt/internal_14f7ee5/asm/commons/JSRInlinerAdapter$Instantiation
Event: 0.579 loading class org/jacoco/agent/rt/internal_14f7ee5/asm/commons/JSRInlinerAdapter$Instantiation done
Event: 0.588 loading class org/gradle/internal/service/DefaultServiceRegistry$Provider
Event: 0.588 loading class org/gradle/internal/service/DefaultServiceRegistry$Provider done
Event: 0.589 loading class org/gradle/internal/concurrent/Stoppable
Event: 0.589 loading class org/gradle/internal/concurrent/Stoppable done
Event: 0.590 loading class org/gradle/internal/service/ServiceRegistration
Event: 0.590 loading class org/gradle/internal/service/ServiceRegistration done
Event: 0.591 loading class org/gradle/internal/service/ServiceValidationException
Event: 0.591 loading class org/gradle/internal/service/ServiceValidationException done


Dynamic libraries:
0x00007ff61f1d0000 - 0x00007ff61f20a000 	C:\Users\Никита\.jdks\corretto-1.8.0_282\bin\java.exe
0x00007ffb363e0000 - 0x00007ffb365d0000 	C:\WINDOWS\SYSTEM32\ntdll.dll
0x00007ffb35230000 - 0x00007ffb352e2000 	C:\WINDOWS\System32\KERNEL32.DLL
0x00007ffb33fd0000 - 0x00007ffb34275000 	C:\WINDOWS\System32\KERNELBASE.dll
0x00007ffb358c0000 - 0x00007ffb35963000 	C:\WINDOWS\System32\ADVAPI32.dll
0x00007ffb34500000 - 0x00007ffb3459e000 	C:\WINDOWS\System32\msvcrt.dll
0x00007ffb35430000 - 0x00007ffb354c7000 	C:\WINDOWS\System32\sechost.dll
0x00007ffb34ef0000 - 0x00007ffb3500f000 	C:\WINDOWS\System32\RPCRT4.dll
0x00007ffb345b0000 - 0x00007ffb34744000 	C:\WINDOWS\System32\USER32.dll
0x00007ffb33dd0000 - 0x00007ffb33df1000 	C:\WINDOWS\System32\win32u.dll
0x00007ffb354d0000 - 0x00007ffb354f6000 	C:\WINDOWS\System32\GDI32.dll
0x00007ffb33e00000 - 0x00007ffb33f98000 	C:\WINDOWS\System32\gdi32full.dll
0x00007ffb343f0000 - 0x00007ffb3448e000 	C:\WINDOWS\System32\msvcp_win.dll
0x00007ffb33360000 - 0x00007ffb3345a000 	C:\WINDOWS\System32\ucrtbase.dll
0x00007ffb26dc0000 - 0x00007ffb27044000 	C:\WINDOWS\WinSxS\amd64_microsoft.windows.common-controls_6595b64144ccf1df_6.0.18362.1316_none_9e7a364fe461dbd7\COMCTL32.dll
0x00007ffb36060000 - 0x00007ffb36397000 	C:\WINDOWS\System32\combase.dll
0x00007ffb33460000 - 0x00007ffb334e1000 	C:\WINDOWS\System32\bcryptPrimitives.dll
0x00007ffb34c40000 - 0x00007ffb34c6e000 	C:\WINDOWS\System32\IMM32.DLL
0x00007ffb10e20000 - 0x00007ffb10f0f000 	C:\Users\Никита\.jdks\corretto-1.8.0_282\jre\bin\msvcr120.dll
0x00007ffb10d70000 - 0x00007ffb10e16000 	C:\Users\Никита\.jdks\corretto-1.8.0_282\jre\bin\msvcp120.dll
0x0000000070570000 - 0x0000000070ddf000 	C:\Users\Никита\.jdks\corretto-1.8.0_282\jre\bin\server\jvm.dll
0x00007ffb35010000 - 0x00007ffb35018000 	C:\WINDOWS\System32\PSAPI.DLL
0x00007ffb2cd60000 - 0x00007ffb2cd6a000 	C:\WINDOWS\SYSTEM32\VERSION.dll
0x00007ffb25610000 - 0x00007ffb25619000 	C:\WINDOWS\SYSTEM32\WSOCK32.dll
0x00007ffb2fe60000 - 0x00007ffb2fe84000 	C:\WINDOWS\SYSTEM32\WINMM.dll
0x00007ffb34490000 - 0x00007ffb344ff000 	C:\WINDOWS\System32\WS2_32.dll
0x00007ffb2fe30000 - 0x00007ffb2fe5d000 	C:\WINDOWS\SYSTEM32\WINMMBASE.dll
0x00007ffb33d80000 - 0x00007ffb33dca000 	C:\WINDOWS\System32\cfgmgr32.dll
0x00007ffb2b130000 - 0x00007ffb2b13f000 	C:\Users\Никита\.jdks\corretto-1.8.0_282\jre\bin\verify.dll
0x00007ffb1dba0000 - 0x00007ffb1dbc9000 	C:\Users\Никита\.jdks\corretto-1.8.0_282\jre\bin\java.dll
0x00007ffb1ea50000 - 0x00007ffb1ea7a000 	C:\Users\Никита\.jdks\corretto-1.8.0_282\jre\bin\instrument.dll
0x00007ffb21170000 - 0x00007ffb21186000 	C:\Users\Никита\.jdks\corretto-1.8.0_282\jre\bin\zip.dll
0x00007ffb35970000 - 0x00007ffb36058000 	C:\WINDOWS\System32\SHELL32.dll
0x00007ffb35020000 - 0x00007ffb350c7000 	C:\WINDOWS\System32\shcore.dll
0x00007ffb334f0000 - 0x00007ffb33c6b000 	C:\WINDOWS\System32\windows.storage.dll
0x00007ffb332c0000 - 0x00007ffb332e3000 	C:\WINDOWS\System32\profapi.dll
0x00007ffb332f0000 - 0x00007ffb3333a000 	C:\WINDOWS\System32\powrprof.dll
0x00007ffb33290000 - 0x00007ffb332a0000 	C:\WINDOWS\System32\UMPDC.dll
0x00007ffb34d20000 - 0x00007ffb34d72000 	C:\WINDOWS\System32\shlwapi.dll
0x00007ffb33340000 - 0x00007ffb33351000 	C:\WINDOWS\System32\kernel.appcore.dll
0x00007ffb343d0000 - 0x00007ffb343e7000 	C:\WINDOWS\System32\cryptsp.dll
0x00007ffb20230000 - 0x00007ffb2024a000 	C:\Users\Никита\.jdks\corretto-1.8.0_282\jre\bin\net.dll
0x00007ffb32ad0000 - 0x00007ffb32b37000 	C:\WINDOWS\system32\mswsock.dll
0x00007ffb13f90000 - 0x00007ffb13fa6000 	C:\WINDOWS\system32\napinsp.dll
0x00007ffb13fb0000 - 0x00007ffb13fca000 	C:\WINDOWS\system32\pnrpnsp.dll
0x00007ffb32820000 - 0x00007ffb328eb000 	C:\WINDOWS\SYSTEM32\DNSAPI.dll
0x00007ffb345a0000 - 0x00007ffb345a8000 	C:\WINDOWS\System32\NSI.dll
0x00007ffb327e0000 - 0x00007ffb3281a000 	C:\WINDOWS\SYSTEM32\IPHLPAPI.DLL
0x00007ffb217d0000 - 0x00007ffb217de000 	C:\WINDOWS\System32\winrnr.dll
0x00007ffb2fc80000 - 0x00007ffb2fc9c000 	C:\WINDOWS\system32\NLAapi.dll
0x00007ffb198f0000 - 0x00007ffb19905000 	C:\WINDOWS\system32\wshbth.dll
0x00007ffb27740000 - 0x00007ffb2774a000 	C:\Windows\System32\rasadhlp.dll
0x00007ffb2b9f0000 - 0x00007ffb2ba67000 	C:\WINDOWS\System32\fwpuclnt.dll
0x00007ffb33fa0000 - 0x00007ffb33fc6000 	C:\WINDOWS\System32\bcrypt.dll
0x00007ffb1ea30000 - 0x00007ffb1ea42000 	C:\Users\Никита\.jdks\corretto-1.8.0_282\jre\bin\nio.dll

VM Arguments:
jvm_args: -Djava.security.manager=worker.org.gradle.process.internal.worker.child.BootstrapSecurityManager -Dorg.gradle.native=false -javaagent:build/tmp/expandedArchives/org.jacoco.agent-0.7.6.201602180812.jar_c6e4c8f58c148113c152dc0b1072a756/jacocoagent.jar=destfile=build/jacoco/test.exec,append=true,inclnolocationclasses=false,dumponexit=true,output=file,jmx=false -Dfile.encoding=windows-1251 -Duser.country=RU -Duser.language=ru -Duser.variant -ea 
java_command: worker.org.gradle.process.internal.worker.GradleWorkerMain 'Gradle Test Executor 81'
java_class_path (initial): C:\Users\Никита\.gradle\caches\4.3.1\workerMain\gradle-worker.jar;build/tmp/expandedArchives/org.jacoco.agent-0.7.6.201602180812.jar_c6e4c8f58c148113c152dc0b1072a756/jacocoagent.jar
Launcher Type: SUN_STANDARD

Environment Variables:
JAVA_HOME=C:\Program Files\Java\jdk-15.0.1
PATH=C:\Program Files\Common Files\Oracle\Java\javapath;C:\Program Files (x86)\NVIDIA Corporation\PhysX\Common;C:\Program Files (x86)\AMD APP\bin\x86_64;C:\Program Files (x86)\AMD APP\bin\x86;C:\WINDOWS\system32;C:\WINDOWS;C:\WINDOWS\System32\Wbem;C:\WINDOWS\System32\WindowsPowerShell\v1.0\;C:\Program Files (x86)\ATI Technologies\ATI.ACE\Core-Static;C:\Program Files (x86)\Common Files\Adobe\AGL;C:\WINDOWS\System32\OpenSSH\;C:\Program Files\Java\jdk-15.0.1\bin;C:\Program Files\Git\cmd;C:\Users\Никита\AppData\Local\Microsoft\WindowsApps;;C:\Program Files\JetBrains\PyCharm 2020.2.3\bin;;C:\Program Files\JetBrains\IntelliJ IDEA Community Edition 2020.3\bin;;C:\Program Files\JetBrains\PyCharm Community Edition 2020.3.2\bin;
USERNAME=Никита
OS=Windows_NT
PROCESSOR_IDENTIFIER=AMD64 Family 21 Model 16 Stepping 1, AuthenticAMD



---------------  S Y S T E M  ---------------

OS: Windows 10.0 , 64 bit Build 18362 (10.0.18362.1316)

CPU:total 4 (initial active 4) (4 cores per cpu, 1 threads per core) family 21 model 16 stepping 1, cmov, cx8, fxsr, mmx, sse, sse2, sse3, ssse3, sse4.1, sse4.2, popcnt, avx, aes, clmul, mmxext, 3dnowpref, lzcnt, sse4a, tsc, tscinvbit, tscinv, bmi1

Memory: 4k page, physical 7805192k(652116k free), swap 7805192k(3072k free)

vm_info: OpenJDK 64-Bit Server VM (25.282-b08) for windows-amd64 JRE (1.8.0_282-b08), built on Jan 14 2021 22:12:08 by "Administrator" with MS VC++ 12.0 (VS2013)

time: Thu Apr 29 15:17:38 2021
timezone: RTZ 2 (ceia)
elapsed time: 0.871718 seconds (0d 0h 0m 0s)

