#
# There is insufficient memory for the Java Runtime Environment to continue.
# Native memory allocation (malloc) failed to allocate 391680 bytes for Chunk::new
# Possible reasons:
#   The system is out of physical RAM or swap space
#   The process is running with CompressedOops enabled, and the Java Heap may be blocking the growth of the native heap
# Possible solutions:
#   Reduce memory load on the system
#   Increase physical memory or swap space
#   Check if swap backing store is full
#   Decrease Java heap size (-Xmx/-Xms)
#   Decrease number of Java threads
#   Decrease Java thread stack sizes (-Xss)
#   Set larger code cache with -XX:ReservedCodeCacheSize=
#   JVM is running with Unscaled Compressed Oops mode in which the Java heap is
#     placed in the first 4GB address space. The Java Heap base address is the
#     maximum limit for the native heap growth. Please use -XX:HeapBaseMinAddress
#     to set the Java Heap base and to place the Java Heap above 4GB virtual address.
# This output file may be truncated or incomplete.
#
#  Out of Memory Error (allocation.cpp:389), pid=11948, tid=0x0000000000002970
#
# JRE version: OpenJDK Runtime Environment (8.0_282-b08) (build 1.8.0_282-b08)
# Java VM: OpenJDK 64-Bit Server VM (25.282-b08 mixed mode windows-amd64 compressed oops)
# Failed to write core dump. Minidumps are not enabled by default on client versions of Windows
#

---------------  T H R E A D  ---------------

Current thread (0x0000018ffed4e000):  JavaThread "C2 CompilerThread1" daemon [_thread_in_native, id=10608, stack(0x0000003489200000,0x0000003489300000)]

Stack: [0x0000003489200000,0x0000003489300000]
[error occurred during error reporting (printing stack bounds), id 0xc0000005]

Native frames: (J=compiled Java code, j=interpreted, Vv=VM code, C=native code)


Current CompileTask:
C2:   4465 1597       4       org.jacoco.agent.rt.internal_14f7ee5.asm.ClassReader::copyPool (587 bytes)


---------------  P R O C E S S  ---------------

Java Threads: ( => current thread )
  0x0000018f8fad7800 JavaThread "/127.0.0.1:54698 to /127.0.0.1:54695 workers Thread 3" [_thread_in_native, id=4320, stack(0x0000003489900000,0x0000003489a00000)]
  0x0000018f90374800 JavaThread "/127.0.0.1:54698 to /127.0.0.1:54695 workers Thread 2" [_thread_in_Java, id=3292, stack(0x0000003489800000,0x0000003489900000)]
  0x0000018f8fa39000 JavaThread "Test worker" [_thread_blocked, id=10360, stack(0x0000003489700000,0x0000003489800000)]
  0x0000018f8f007800 JavaThread "Service Thread" daemon [_thread_blocked, id=8364, stack(0x0000003489400000,0x0000003489500000)]
  0x0000018ffed7e000 JavaThread "C1 CompilerThread2" daemon [_thread_blocked, id=12224, stack(0x0000003489300000,0x0000003489400000)]
=>0x0000018ffed4e000 JavaThread "C2 CompilerThread1" daemon [_thread_in_native, id=10608, stack(0x0000003489200000,0x0000003489300000)]
  0x0000018ffed59800 JavaThread "C2 CompilerThread0" daemon [_thread_in_native, id=11912, stack(0x0000003489100000,0x0000003489200000)]
  0x0000018ffecf8800 JavaThread "Attach Listener" daemon [_thread_blocked, id=10220, stack(0x0000003489000000,0x0000003489100000)]
  0x0000018ffecf7800 JavaThread "Signal Dispatcher" daemon [_thread_blocked, id=12840, stack(0x0000003488f00000,0x0000003489000000)]
  0x0000018ffec4d800 JavaThread "Finalizer" daemon [_thread_blocked, id=8444, stack(0x0000003488e00000,0x0000003488f00000)]
  0x0000018ffec46000 JavaThread "Reference Handler" daemon [_thread_blocked, id=11084, stack(0x0000003488d00000,0x0000003488e00000)]
  0x0000018ff78fd000 JavaThread "main" [_thread_blocked, id=408, stack(0x0000003488700000,0x0000003488800000)]

Other Threads:
  0x0000018ffec24000 VMThread [stack: 0x0000003488c00000,0x0000003488d00000] [id=8804]
  0x0000018f8f008000 WatcherThread [stack: 0x0000003489500000,0x0000003489600000] [id=7140]

VM state:synchronizing (normal execution)

VM Mutex/Monitor currently owned by a thread:  ([mutex/lock_event])
[0x0000018ff78f79e0] Safepoint_lock - owner thread: 0x0000018ffec24000
[0x0000018ff78fc9f0] Threads_lock - owner thread: 0x0000018ffec24000

heap address: 0x0000000088e00000, size: 1906 MB, Compressed Oops mode: 32-bit
Narrow klass base: 0x0000000000000000, Narrow klass shift: 3
Compressed class space size: 1073741824 Address: 0x0000000100000000

Heap:
 PSYoungGen      total 35840K, used 25426K [0x00000000d8500000, 0x00000000dad00000, 0x0000000100000000)
  eden space 30720K, 69% used [0x00000000d8500000,0x00000000d99de118,0x00000000da300000)
  from space 5120K, 79% used [0x00000000da800000,0x00000000dabf6758,0x00000000dad00000)
  to   space 5120K, 0% used [0x00000000da300000,0x00000000da300000,0x00000000da800000)
 ParOldGen       total 81920K, used 55K [0x0000000088e00000, 0x000000008de00000, 0x00000000d8500000)
  object space 81920K, 0% used [0x0000000088e00000,0x0000000088e0dc40,0x000000008de00000)
 Metaspace       used 14729K, capacity 15022K, committed 15232K, reserved 1062912K
  class space    used 1959K, capacity 2058K, committed 2176K, reserved 1048576K

Card table byte_map: [0x0000018ff9680000,0x0000018ff9a40000] byte_map_base: 0x0000018ff9239000

Marking Bits: (ParMarkBitMap*) 0x0000000070d60890
 Begin Bits: [0x0000018ff9cc0000, 0x0000018ffba88000)
 End Bits:   [0x0000018ffba88000, 0x0000018ffd850000)

Polling page: 0x0000018ff7880000

CodeCache: size=245760Kb used=6661Kb max_used=6661Kb free=239098Kb
 bounds [0x0000018f80000000, 0x0000018f80690000, 0x0000018f8f000000]
 total_blobs=1973 nmethods=1614 adapters=271
 compilation: enabled

Compilation events (10 events):
Event: 4.357 Thread 0x0000018ffed7e000 1624       3       org.gradle.internal.serialize.ExceptionReplacingObjectOutputStream::$jacocoInit (52 bytes)
Event: 4.357 Thread 0x0000018ffed7e000 nmethod 1624 0x0000018f8067cb50 code [0x0000018f8067cd20, 0x0000018f8067d5a0]
Event: 4.357 Thread 0x0000018ffed7e000 1626       3       java.io.ObjectOutputStream$BlockDataOutputStream::writeBytes (144 bytes)
Event: 4.358 Thread 0x0000018ffed7e000 nmethod 1626 0x0000018f8067d810 code [0x0000018f8067d9e0, 0x0000018f8067e140]
Event: 4.358 Thread 0x0000018ffed7e000 1625   !   3       java.io.ObjectOutputStream::writeObject0 (619 bytes)
Event: 4.365 Thread 0x0000018ffed7e000 nmethod 1625 0x0000018f8067e510 code [0x0000018f8067eb00, 0x0000018f806823e0]
Event: 4.365 Thread 0x0000018ffed7e000 1627       3       java.io.ObjectOutputStream$ReplaceTable::lookup (24 bytes)
Event: 4.365 Thread 0x0000018ffed7e000 nmethod 1627 0x0000018f806843d0 code [0x0000018f80684540, 0x0000018f80684790]
Event: 4.365 Thread 0x0000018ffed7e000 1622       3       sun.reflect.DelegatingConstructorAccessorImpl::newInstance (9 bytes)
Event: 4.366 Thread 0x0000018ffed7e000 nmethod 1622 0x0000018f806848d0 code [0x0000018f80684a40, 0x0000018f80684c70]

GC Heap History (8 events):
Event: 1.425 GC heap before
{Heap before GC invocations=1 (full 0):
 PSYoungGen      total 35840K, used 30720K [0x00000000d8500000, 0x00000000dad00000, 0x0000000100000000)
  eden space 30720K, 100% used [0x00000000d8500000,0x00000000da300000,0x00000000da300000)
  from space 5120K, 0% used [0x00000000da800000,0x00000000da800000,0x00000000dad00000)
  to   space 5120K, 0% used [0x00000000da300000,0x00000000da300000,0x00000000da800000)
 ParOldGen       total 81920K, used 0K [0x0000000088e00000, 0x000000008de00000, 0x00000000d8500000)
  object space 81920K, 0% used [0x0000000088e00000,0x0000000088e00000,0x000000008de00000)
 Metaspace       used 8157K, capacity 8392K, committed 8576K, reserved 1056768K
  class space    used 951K, capacity 1070K, committed 1152K, reserved 1048576K
Event: 1.435 GC heap after
Heap after GC invocations=1 (full 0):
 PSYoungGen      total 35840K, used 3161K [0x00000000d8500000, 0x00000000dad00000, 0x0000000100000000)
  eden space 30720K, 0% used [0x00000000d8500000,0x00000000d8500000,0x00000000da300000)
  from space 5120K, 61% used [0x00000000da300000,0x00000000da616668,0x00000000da800000)
  to   space 5120K, 0% used [0x00000000da800000,0x00000000da800000,0x00000000dad00000)
 ParOldGen       total 81920K, used 31K [0x0000000088e00000, 0x000000008de00000, 0x00000000d8500000)
  object space 81920K, 0% used [0x0000000088e00000,0x0000000088e07c40,0x000000008de00000)
 Metaspace       used 8157K, capacity 8392K, committed 8576K, reserved 1056768K
  class space    used 951K, capacity 1070K, committed 1152K, reserved 1048576K
}
Event: 2.873 GC heap before
{Heap before GC invocations=2 (full 0):
 PSYoungGen      total 35840K, used 33881K [0x00000000d8500000, 0x00000000dad00000, 0x0000000100000000)
  eden space 30720K, 100% used [0x00000000d8500000,0x00000000da300000,0x00000000da300000)
  from space 5120K, 61% used [0x00000000da300000,0x00000000da616668,0x00000000da800000)
  to   space 5120K, 0% used [0x00000000da800000,0x00000000da800000,0x00000000dad00000)
 ParOldGen       total 81920K, used 31K [0x0000000088e00000, 0x000000008de00000, 0x00000000d8500000)
  object space 81920K, 0% used [0x0000000088e00000,0x0000000088e07c40,0x000000008de00000)
 Metaspace       used 10638K, capacity 10872K, committed 11136K, reserved 1058816K
  class space    used 1270K, capacity 1361K, committed 1408K, reserved 1048576K
Event: 2.884 GC heap after
Heap after GC invocations=2 (full 0):
 PSYoungGen      total 35840K, used 3334K [0x00000000d8500000, 0x00000000dad00000, 0x0000000100000000)
  eden space 30720K, 0% used [0x00000000d8500000,0x00000000d8500000,0x00000000da300000)
  from space 5120K, 65% used [0x00000000da800000,0x00000000dab41920,0x00000000dad00000)
  to   space 5120K, 0% used [0x00000000da300000,0x00000000da300000,0x00000000da800000)
 ParOldGen       total 81920K, used 39K [0x0000000088e00000, 0x000000008de00000, 0x00000000d8500000)
  object space 81920K, 0% used [0x0000000088e00000,0x0000000088e09c40,0x000000008de00000)
 Metaspace       used 10638K, capacity 10872K, committed 11136K, reserved 1058816K
  class space    used 1270K, capacity 1361K, committed 1408K, reserved 1048576K
}
Event: 3.382 GC heap before
{Heap before GC invocations=3 (full 0):
 PSYoungGen      total 35840K, used 34054K [0x00000000d8500000, 0x00000000dad00000, 0x0000000100000000)
  eden space 30720K, 100% used [0x00000000d8500000,0x00000000da300000,0x00000000da300000)
  from space 5120K, 65% used [0x00000000da800000,0x00000000dab41920,0x00000000dad00000)
  to   space 5120K, 0% used [0x00000000da300000,0x00000000da300000,0x00000000da800000)
 ParOldGen       total 81920K, used 39K [0x0000000088e00000, 0x000000008de00000, 0x00000000d8500000)
  object space 81920K, 0% used [0x0000000088e00000,0x0000000088e09c40,0x000000008de00000)
 Metaspace       used 12065K, capacity 12280K, committed 12416K, reserved 1060864K
  class space    used 1531K, capacity 1617K, committed 1664K, reserved 1048576K
Event: 3.390 GC heap after
Heap after GC invocations=3 (full 0):
 PSYoungGen      total 35840K, used 3833K [0x00000000d8500000, 0x00000000dad00000, 0x0000000100000000)
  eden space 30720K, 0% used [0x00000000d8500000,0x00000000d8500000,0x00000000da300000)
  from space 5120K, 74% used [0x00000000da300000,0x00000000da6be600,0x00000000da800000)
  to   space 5120K, 0% used [0x00000000da800000,0x00000000da800000,0x00000000dad00000)
 ParOldGen       total 81920K, used 47K [0x0000000088e00000, 0x000000008de00000, 0x00000000d8500000)
  object space 81920K, 0% used [0x0000000088e00000,0x0000000088e0bc40,0x000000008de00000)
 Metaspace       used 12065K, capacity 12280K, committed 12416K, reserved 1060864K
  class space    used 1531K, capacity 1617K, committed 1664K, reserved 1048576K
}
Event: 3.957 GC heap before
{Heap before GC invocations=4 (full 0):
 PSYoungGen      total 35840K, used 34553K [0x00000000d8500000, 0x00000000dad00000, 0x0000000100000000)
  eden space 30720K, 100% used [0x00000000d8500000,0x00000000da300000,0x00000000da300000)
  from space 5120K, 74% used [0x00000000da300000,0x00000000da6be600,0x00000000da800000)
  to   space 5120K, 0% used [0x00000000da800000,0x00000000da800000,0x00000000dad00000)
 ParOldGen       total 81920K, used 47K [0x0000000088e00000, 0x000000008de00000, 0x00000000d8500000)
  object space 81920K, 0% used [0x0000000088e00000,0x0000000088e0bc40,0x000000008de00000)
 Metaspace       used 13569K, capacity 13818K, committed 13952K, reserved 1060864K
  class space    used 1782K, capacity 1884K, committed 1920K, reserved 1048576K
Event: 3.967 GC heap after
Heap after GC invocations=4 (full 0):
 PSYoungGen      total 35840K, used 4057K [0x00000000d8500000, 0x00000000dad00000, 0x0000000100000000)
  eden space 30720K, 0% used [0x00000000d8500000,0x00000000d8500000,0x00000000da300000)
  from space 5120K, 79% used [0x00000000da800000,0x00000000dabf6758,0x00000000dad00000)
  to   space 5120K, 0% used [0x00000000da300000,0x00000000da300000,0x00000000da800000)
 ParOldGen       total 81920K, used 55K [0x0000000088e00000, 0x000000008de00000, 0x00000000d8500000)
  object space 81920K, 0% used [0x0000000088e00000,0x0000000088e0dc40,0x000000008de00000)
 Metaspace       used 13569K, capacity 13818K, committed 13952K, reserved 1060864K
  class space    used 1782K, capacity 1884K, committed 1920K, reserved 1048576K
}

Deoptimization events (10 events):
Event: 2.698 Thread 0x0000018f8fa39000 Uncommon trap: reason=bimorphic action=maybe_recompile pc=0x0000018f804d0028 method=java.util.regex.Pattern$CharProperty.match(Ljava/util/regex/Matcher;ILjava/lang/CharSequence;)Z @ 18
Event: 2.803 Thread 0x0000018f8fa39000 Uncommon trap: reason=unstable_if action=reinterpret pc=0x0000018f801e5880 method=org.jacoco.agent.rt.internal_14f7ee5.asm.Item.isEqualTo(Lorg/jacoco/agent/rt/internal_14f7ee5/asm/Item;)Z @ 345
Event: 3.167 Thread 0x0000018f8fa39000 Uncommon trap: reason=unstable_if action=reinterpret pc=0x0000018f80202414 method=org.jacoco.agent.rt.internal_14f7ee5.asm.Type.getType([CI)Lorg/jacoco/agent/rt/internal_14f7ee5/asm/Type; @ 165
Event: 3.167 Thread 0x0000018f8fa39000 Uncommon trap: reason=unstable_if action=reinterpret pc=0x0000018f801feea8 method=org.jacoco.agent.rt.internal_14f7ee5.asm.Type.getType([CI)Lorg/jacoco/agent/rt/internal_14f7ee5/asm/Type; @ 165
Event: 3.219 Thread 0x0000018f8fa39000 Uncommon trap: reason=unstable_if action=reinterpret pc=0x0000018f8051ba6c method=org.jacoco.agent.rt.internal_14f7ee5.asm.ClassReader.readCode(Lorg/jacoco/agent/rt/internal_14f7ee5/asm/MethodVisitor;Lorg/jacoco/agent/rt/internal_14f7ee5/asm/Context;I)V @
Event: 3.671 Thread 0x0000018f8fa39000 Uncommon trap: reason=bimorphic action=maybe_recompile pc=0x0000018f805a4a34 method=java.util.HashMap.putVal(ILjava/lang/Object;Ljava/lang/Object;ZZ)Ljava/lang/Object; @ 203
Event: 3.671 Thread 0x0000018f8fa39000 Uncommon trap: reason=bimorphic action=maybe_recompile pc=0x0000018f805a4a34 method=java.util.HashMap.putVal(ILjava/lang/Object;Ljava/lang/Object;ZZ)Ljava/lang/Object; @ 203
Event: 3.672 Thread 0x0000018f8fa39000 Uncommon trap: reason=bimorphic action=maybe_recompile pc=0x0000018f805a4a34 method=java.util.HashMap.putVal(ILjava/lang/Object;Ljava/lang/Object;ZZ)Ljava/lang/Object; @ 203
Event: 3.672 Thread 0x0000018f8fa39000 Uncommon trap: reason=bimorphic action=maybe_recompile pc=0x0000018f805a4a34 method=java.util.HashMap.putVal(ILjava/lang/Object;Ljava/lang/Object;ZZ)Ljava/lang/Object; @ 203
Event: 4.302 Thread 0x0000018f8fa39000 Uncommon trap: reason=unstable_if action=reinterpret pc=0x0000018f804ba7a4 method=org.jacoco.agent.rt.internal_14f7ee5.core.internal.flow.LabelFlowAnalyzer.markMethodInvocationLine()V @ 4

Classes redefined (0 events):
No events

Internal exceptions (10 events):
Event: 1.075 Thread 0x0000018ff78fd000 Exception <a 'java/lang/NoSuchFieldError': method resolution failed> (0x00000000d98b6260) thrown at [C:\wsjdk\Corretto8Src\installers\windows\zip\corretto-build\buildRoot\src\hotspot\src\share\vm\prims\methodHandles.cpp, line 1169]
Event: 1.187 Thread 0x0000018ff78fd000 Exception <a 'java/lang/NoSuchMethodError': <clinit>> (0x00000000d9b27460) thrown at [C:\wsjdk\Corretto8Src\installers\windows\zip\corretto-build\buildRoot\src\hotspot\src\share\vm\prims\jni.cpp, line 1616]
Event: 1.189 Thread 0x0000018ff78fd000 Exception <a 'java/lang/NoSuchMethodError': <clinit>> (0x00000000d9b31c80) thrown at [C:\wsjdk\Corretto8Src\installers\windows\zip\corretto-build\buildRoot\src\hotspot\src\share\vm\prims\jni.cpp, line 1616]
Event: 1.409 Thread 0x0000018ff78fd000 Exception <a 'java/lang/ArrayIndexOutOfBoundsException'> (0x00000000da281b00) thrown at [C:\wsjdk\Corretto8Src\installers\windows\zip\corretto-build\buildRoot\src\hotspot\src\share\vm\runtime\sharedRuntime.cpp, line 609]
Event: 1.410 Thread 0x0000018ff78fd000 Exception <a 'java/lang/ArrayIndexOutOfBoundsException'> (0x00000000da282958) thrown at [C:\wsjdk\Corretto8Src\installers\windows\zip\corretto-build\buildRoot\src\hotspot\src\share\vm\runtime\sharedRuntime.cpp, line 609]
Event: 2.670 Thread 0x0000018f8fa39000 Implicit null exception at 0x0000018f80443e54 to 0x0000018f80444219
Event: 4.302 Thread 0x0000018f8fa39000 Implicit null exception at 0x0000018f804ba6d8 to 0x0000018f804ba791
Event: 4.324 Thread 0x0000018f8fa39000 Exception <a 'java/lang/reflect/InvocationTargetException'> (0x00000000d979d988) thrown at [C:\wsjdk\Corretto8Src\installers\windows\zip\corretto-build\buildRoot\src\hotspot\src\share\vm\runtime\reflection.cpp, line 1092]
Event: 4.344 Thread 0x0000018f90374800 Exception <a 'java/lang/NoSuchMethodError': <clinit>> (0x00000000d9969630) thrown at [C:\wsjdk\Corretto8Src\installers\windows\zip\corretto-build\buildRoot\src\hotspot\src\share\vm\prims\jni.cpp, line 1616]
Event: 4.356 Thread 0x0000018f90374800 Exception <a 'java/lang/NoSuchMethodError': <clinit>> (0x00000000d99c5c28) thrown at [C:\wsjdk\Corretto8Src\installers\windows\zip\corretto-build\buildRoot\src\hotspot\src\share\vm\prims\jni.cpp, line 1616]

Events (10 events):
Event: 4.350 loading class java/util/stream/BaseStream
Event: 4.350 loading class java/util/stream/BaseStream done
Event: 4.350 loading class java/util/stream/Stream done
Event: 4.350 loading class java/util/function/Consumer
Event: 4.350 loading class java/util/function/Consumer done
Event: 4.350 loading class java/util/function/Predicate
Event: 4.350 loading class java/util/function/Predicate done
Event: 4.351 loading class java/util/function/UnaryOperator
Event: 4.351 loading class java/util/function/UnaryOperator done
Event: 4.453 Executing VM operation: EnableBiasedLocking


Dynamic libraries:
0x00007ff61f1d0000 - 0x00007ff61f20a000 	C:\Users\Никита\.jdks\corretto-1.8.0_282\bin\java.exe
0x00007ffb363e0000 - 0x00007ffb365d0000 	C:\WINDOWS\SYSTEM32\ntdll.dll
0x00007ffb35230000 - 0x00007ffb352e2000 	C:\WINDOWS\System32\KERNEL32.DLL
0x00007ffb33fd0000 - 0x00007ffb34275000 	C:\WINDOWS\System32\KERNELBASE.dll
0x00007ffb358c0000 - 0x00007ffb35963000 	C:\WINDOWS\System32\ADVAPI32.dll
0x00007ffb34500000 - 0x00007ffb3459e000 	C:\WINDOWS\System32\msvcrt.dll
0x00007ffb35430000 - 0x00007ffb354c7000 	C:\WINDOWS\System32\sechost.dll
0x00007ffb34ef0000 - 0x00007ffb3500f000 	C:\WINDOWS\System32\RPCRT4.dll
0x00007ffb345b0000 - 0x00007ffb34744000 	C:\WINDOWS\System32\USER32.dll
0x00007ffb33dd0000 - 0x00007ffb33df1000 	C:\WINDOWS\System32\win32u.dll
0x00007ffb354d0000 - 0x00007ffb354f6000 	C:\WINDOWS\System32\GDI32.dll
0x00007ffb33e00000 - 0x00007ffb33f98000 	C:\WINDOWS\System32\gdi32full.dll
0x00007ffb343f0000 - 0x00007ffb3448e000 	C:\WINDOWS\System32\msvcp_win.dll
0x00007ffb33360000 - 0x00007ffb3345a000 	C:\WINDOWS\System32\ucrtbase.dll
0x00007ffb26dc0000 - 0x00007ffb27044000 	C:\WINDOWS\WinSxS\amd64_microsoft.windows.common-controls_6595b64144ccf1df_6.0.18362.1316_none_9e7a364fe461dbd7\COMCTL32.dll
0x00007ffb36060000 - 0x00007ffb36397000 	C:\WINDOWS\System32\combase.dll
0x00007ffb33460000 - 0x00007ffb334e1000 	C:\WINDOWS\System32\bcryptPrimitives.dll
0x00007ffb34c40000 - 0x00007ffb34c6e000 	C:\WINDOWS\System32\IMM32.DLL
0x00007ffb13c60000 - 0x00007ffb13d4f000 	C:\Users\Никита\.jdks\corretto-1.8.0_282\jre\bin\msvcr120.dll
0x00007ffb1db90000 - 0x00007ffb1dc36000 	C:\Users\Никита\.jdks\corretto-1.8.0_282\jre\bin\msvcp120.dll
0x0000000070570000 - 0x0000000070ddf000 	C:\Users\Никита\.jdks\corretto-1.8.0_282\jre\bin\server\jvm.dll
0x00007ffb35010000 - 0x00007ffb35018000 	C:\WINDOWS\System32\PSAPI.DLL
0x00007ffb2cd60000 - 0x00007ffb2cd6a000 	C:\WINDOWS\SYSTEM32\VERSION.dll
0x00007ffb2fe60000 - 0x00007ffb2fe84000 	C:\WINDOWS\SYSTEM32\WINMM.dll
0x00007ffb25610000 - 0x00007ffb25619000 	C:\WINDOWS\SYSTEM32\WSOCK32.dll
0x00007ffb34490000 - 0x00007ffb344ff000 	C:\WINDOWS\System32\WS2_32.dll
0x00007ffb2fe30000 - 0x00007ffb2fe5d000 	C:\WINDOWS\SYSTEM32\winmmbase.dll
0x00007ffb33d80000 - 0x00007ffb33dca000 	C:\WINDOWS\System32\cfgmgr32.dll
0x00007ffb2fcd0000 - 0x00007ffb2fcdf000 	C:\Users\Никита\.jdks\corretto-1.8.0_282\jre\bin\verify.dll
0x00007ffb22ca0000 - 0x00007ffb22cc9000 	C:\Users\Никита\.jdks\corretto-1.8.0_282\jre\bin\java.dll
0x00007ffb205f0000 - 0x00007ffb2061a000 	C:\Users\Никита\.jdks\corretto-1.8.0_282\jre\bin\instrument.dll
0x00007ffb2fca0000 - 0x00007ffb2fcb6000 	C:\Users\Никита\.jdks\corretto-1.8.0_282\jre\bin\zip.dll
0x00007ffb35970000 - 0x00007ffb36058000 	C:\WINDOWS\System32\SHELL32.dll
0x00007ffb35020000 - 0x00007ffb350c7000 	C:\WINDOWS\System32\shcore.dll
0x00007ffb334f0000 - 0x00007ffb33c6b000 	C:\WINDOWS\System32\windows.storage.dll
0x00007ffb332c0000 - 0x00007ffb332e3000 	C:\WINDOWS\System32\profapi.dll
0x00007ffb332f0000 - 0x00007ffb3333a000 	C:\WINDOWS\System32\powrprof.dll
0x00007ffb33290000 - 0x00007ffb332a0000 	C:\WINDOWS\System32\UMPDC.dll
0x00007ffb34d20000 - 0x00007ffb34d72000 	C:\WINDOWS\System32\shlwapi.dll
0x00007ffb33340000 - 0x00007ffb33351000 	C:\WINDOWS\System32\kernel.appcore.dll
0x00007ffb343d0000 - 0x00007ffb343e7000 	C:\WINDOWS\System32\cryptsp.dll
0x00007ffb28770000 - 0x00007ffb2878a000 	C:\Users\Никита\.jdks\corretto-1.8.0_282\jre\bin\net.dll
0x00007ffb32ad0000 - 0x00007ffb32b37000 	C:\WINDOWS\system32\mswsock.dll
0x00007ffb13f90000 - 0x00007ffb13fa6000 	C:\WINDOWS\system32\napinsp.dll
0x00007ffb13fb0000 - 0x00007ffb13fca000 	C:\WINDOWS\system32\pnrpnsp.dll
0x00007ffb32820000 - 0x00007ffb328eb000 	C:\WINDOWS\SYSTEM32\DNSAPI.dll
0x00007ffb345a0000 - 0x00007ffb345a8000 	C:\WINDOWS\System32\NSI.dll
0x00007ffb327e0000 - 0x00007ffb3281a000 	C:\WINDOWS\SYSTEM32\IPHLPAPI.DLL
0x00007ffb217d0000 - 0x00007ffb217de000 	C:\WINDOWS\System32\winrnr.dll
0x00007ffb2fc80000 - 0x00007ffb2fc9c000 	C:\WINDOWS\system32\NLAapi.dll
0x00007ffb198f0000 - 0x00007ffb19905000 	C:\WINDOWS\system32\wshbth.dll
0x00007ffb27740000 - 0x00007ffb2774a000 	C:\Windows\System32\rasadhlp.dll
0x00007ffb2b9f0000 - 0x00007ffb2ba67000 	C:\WINDOWS\System32\fwpuclnt.dll
0x00007ffb33fa0000 - 0x00007ffb33fc6000 	C:\WINDOWS\System32\bcrypt.dll
0x00007ffb21170000 - 0x00007ffb21182000 	C:\Users\Никита\.jdks\corretto-1.8.0_282\jre\bin\nio.dll
0x00007ffb32650000 - 0x00007ffb32683000 	C:\WINDOWS\system32\rsaenh.dll
0x00007ffb33170000 - 0x00007ffb33195000 	C:\WINDOWS\SYSTEM32\USERENV.dll
0x00007ffb32ca0000 - 0x00007ffb32cac000 	C:\WINDOWS\SYSTEM32\CRYPTBASE.dll
0x00007ffb2bad0000 - 0x00007ffb2bae6000 	C:\WINDOWS\SYSTEM32\dhcpcsvc6.DLL
0x00007ffb2bd10000 - 0x00007ffb2bd2c000 	C:\WINDOWS\SYSTEM32\dhcpcsvc.DLL

VM Arguments:
jvm_args: -Djava.security.manager=worker.org.gradle.process.internal.worker.child.BootstrapSecurityManager -Dorg.gradle.native=false -javaagent:build/tmp/expandedArchives/org.jacoco.agent-0.7.6.201602180812.jar_c6e4c8f58c148113c152dc0b1072a756/jacocoagent.jar=destfile=build/jacoco/test.exec,append=true,inclnolocationclasses=false,dumponexit=true,output=file,jmx=false -Dfile.encoding=windows-1251 -Duser.country=RU -Duser.language=ru -Duser.variant -ea 
java_command: worker.org.gradle.process.internal.worker.GradleWorkerMain 'Gradle Test Executor 2'
java_class_path (initial): C:\Users\Никита\.gradle\caches\4.3.1\workerMain\gradle-worker.jar;build/tmp/expandedArchives/org.jacoco.agent-0.7.6.201602180812.jar_c6e4c8f58c148113c152dc0b1072a756/jacocoagent.jar
Launcher Type: SUN_STANDARD

Environment Variables:
JAVA_HOME=C:\Program Files\Java\jdk-15.0.1
PATH=C:\Program Files\Common Files\Oracle\Java\javapath;C:\Program Files (x86)\NVIDIA Corporation\PhysX\Common;C:\Program Files (x86)\AMD APP\bin\x86_64;C:\Program Files (x86)\AMD APP\bin\x86;C:\WINDOWS\system32;C:\WINDOWS;C:\WINDOWS\System32\Wbem;C:\WINDOWS\System32\WindowsPowerShell\v1.0\;C:\Program Files (x86)\ATI Technologies\ATI.ACE\Core-Static;C:\Program Files (x86)\Common Files\Adobe\AGL;C:\WINDOWS\System32\OpenSSH\;C:\Program Files\Java\jdk-15.0.1\bin;C:\Program Files\Git\cmd;C:\Users\Никита\AppData\Local\Microsoft\WindowsApps;;C:\Program Files\JetBrains\PyCharm 2020.2.3\bin;;C:\Program Files\JetBrains\IntelliJ IDEA Community Edition 2020.3\bin;;C:\Program Files\JetBrains\PyCharm Community Edition 2020.3.2\bin;
USERNAME=Никита
OS=Windows_NT
PROCESSOR_IDENTIFIER=AMD64 Family 21 Model 16 Stepping 1, AuthenticAMD



---------------  S Y S T E M  ---------------

OS: Windows 10.0 , 64 bit Build 18362 (10.0.18362.1316)

CPU:total 4 (initial active 4) (4 cores per cpu, 1 threads per core) family 21 model 16 stepping 1, cmov, cx8, fxsr, mmx, sse, sse2, sse3, ssse3, sse4.1, sse4.2, popcnt, avx, aes, clmul, mmxext, 3dnowpref, lzcnt, sse4a, tsc, tscinvbit, tscinv, bmi1

Memory: 4k page, physical 7805192k(636000k free), swap 7805192k(5200k free)

vm_info: OpenJDK 64-Bit Server VM (25.282-b08) for windows-amd64 JRE (1.8.0_282-b08), built on Jan 14 2021 22:12:08 by "Administrator" with MS VC++ 12.0 (VS2013)

time: Thu Apr 29 15:43:24 2021
timezone: RTZ 2 (ceia)
elapsed time: 4.485808 seconds (0d 0h 0m 4s)

