#
# There is insufficient memory for the Java Runtime Environment to continue.
# Native memory allocation (malloc) failed to allocate 131088 bytes for Chunk::new
# Possible reasons:
#   The system is out of physical RAM or swap space
#   The process is running with CompressedOops enabled, and the Java Heap may be blocking the growth of the native heap
# Possible solutions:
#   Reduce memory load on the system
#   Increase physical memory or swap space
#   Check if swap backing store is full
#   Decrease Java heap size (-Xmx/-Xms)
#   Decrease number of Java threads
#   Decrease Java thread stack sizes (-Xss)
#   Set larger code cache with -XX:ReservedCodeCacheSize=
#   JVM is running with Unscaled Compressed Oops mode in which the Java heap is
#     placed in the first 4GB address space. The Java Heap base address is the
#     maximum limit for the native heap growth. Please use -XX:HeapBaseMinAddress
#     to set the Java Heap base and to place the Java Heap above 4GB virtual address.
# This output file may be truncated or incomplete.
#
#  Out of Memory Error (allocation.cpp:389), pid=12820, tid=0x00000000000003b8
#
# JRE version: OpenJDK Runtime Environment (8.0_282-b08) (build 1.8.0_282-b08)
# Java VM: OpenJDK 64-Bit Server VM (25.282-b08 mixed mode windows-amd64 compressed oops)
# Failed to write core dump. Minidumps are not enabled by default on client versions of Windows
#

---------------  T H R E A D  ---------------

Current thread (0x00000125675d4000):  JavaThread "C2 CompilerThread1" daemon [_thread_in_native, id=952, stack(0x0000002385200000,0x0000002385300000)]

Stack: [0x0000002385200000,0x0000002385300000]
[error occurred during error reporting (printing stack bounds), id 0xc0000005]

Native frames: (J=compiled Java code, j=interpreted, Vv=VM code, C=native code)


Current CompileTask:
C2:  79464 4892       4       java.net.URLClassLoader$1::run (5 bytes)


---------------  P R O C E S S  ---------------

Java Threads: ( => current thread )
  0x000001256c0e1000 JavaThread "/127.0.0.1:54695 to /127.0.0.1:54698 workers Thread 4" [_thread_in_native, id=7404, stack(0x0000002387600000,0x0000002387700000)]
  0x000001256c1ee800 JavaThread "/127.0.0.1:54695 to /127.0.0.1:54698 workers Thread 3" [_thread_blocked, id=7856, stack(0x0000002387500000,0x0000002387600000)]
  0x000001256c1ed800 JavaThread "/127.0.0.1:54695 to /127.0.0.1:54698 workers Thread 2" [_thread_blocked, id=2612, stack(0x0000002387400000,0x0000002387500000)]
  0x000001256c1e3800 JavaThread "/127.0.0.1:54695 to /127.0.0.1:54698 workers" [_thread_blocked, id=7340, stack(0x0000002387000000,0x0000002387100000)]
  0x000001256c1ed000 JavaThread "Forward streams with process: Gradle Test Executor 2 Thread 3" [_thread_in_native, id=12460, stack(0x0000002387300000,0x0000002387400000)]
  0x000001256c1ec000 JavaThread "Forward streams with process: Gradle Test Executor 2 Thread 2" [_thread_in_native, id=9388, stack(0x0000002387200000,0x0000002387300000)]
  0x000001256c1eb000 JavaThread "Forward streams with process: Gradle Test Executor 2" [_thread_blocked, id=2276, stack(0x0000002387100000,0x0000002387200000)]
  0x000001256c1ea800 JavaThread "Run Gradle Test Executor 2" [_thread_in_native, id=4744, stack(0x0000002386f00000,0x0000002387000000)]
  0x000001256c1e9000 JavaThread "Incoming local TCP Connector on port 54695" [_thread_blocked, id=6908, stack(0x0000002386e00000,0x0000002386f00000)]
  0x000001256c1e9800 JavaThread "Dispatch org.gradle.api.internal.tasks.testing.processors.RestartEveryNTestClassProcessor@627d1f65" [_thread_blocked, id=9168, stack(0x0000002386d00000,0x0000002386e00000)]
  0x000001256c1e1000 JavaThread "Dispatch org.gradle.api.internal.tasks.testing.results.AttachParentTestResultProcessor@31e9c9ee" [_thread_blocked, id=4240, stack(0x0000002386c00000,0x0000002386d00000)]
  0x000001256c1e7800 JavaThread "Task worker for ':' Thread 3" [_thread_blocked, id=12812, stack(0x0000002386b00000,0x0000002386c00000)]
  0x000001256c1e6800 JavaThread "Task worker for ':' Thread 2" [_thread_blocked, id=13188, stack(0x0000002386a00000,0x0000002386b00000)]
  0x000001256c1e2800 JavaThread "Task worker for ':'" [_thread_blocked, id=1884, stack(0x0000002386900000,0x0000002386a00000)]
  0x000001256c1e5800 JavaThread "Cache worker for Build Output Cleanup Cache (C:\Users\РќРёРєРёС‚Р°\Desktop\Cursera\CoffeeMaker_Mock_Assign\.gradle\buildOutputCleanup)" [_thread_blocked, id=11576, stack(0x0000002386800000,0x0000002386900000)]
  0x000001256c1e4000 JavaThread "Cache worker for task history cache (C:\Users\РќРёРєРёС‚Р°\Desktop\Cursera\CoffeeMaker_Mock_Assign\.gradle\4.3.1\taskHistory)" [_thread_blocked, id=10824, stack(0x0000002386700000,0x0000002386800000)]
  0x000001256c1e5000 JavaThread "build operations Thread 4" [_thread_blocked, id=11332, stack(0x0000002386600000,0x0000002386700000)]
  0x000001256c1df800 JavaThread "build operations Thread 3" [_thread_blocked, id=10924, stack(0x0000002386500000,0x0000002386600000)]
  0x000001256c1e2000 JavaThread "build operations Thread 2" [_thread_blocked, id=5192, stack(0x0000002386400000,0x0000002386500000)]
  0x000001256c1e0000 JavaThread "build operations" [_thread_blocked, id=12852, stack(0x0000002386300000,0x0000002386400000)]
  0x0000012569d29800 JavaThread "Cache worker for file content cache (C:\Users\РќРёРєРёС‚Р°\Desktop\Cursera\CoffeeMaker_Mock_Assign\.gradle\4.3.1\fileContent)" [_thread_blocked, id=4724, stack(0x0000002386100000,0x0000002386200000)]
  0x0000012569d28800 JavaThread "Cache worker for Artifact transforms cache (C:\Users\РќРёРєРёС‚Р°\.gradle\caches\transforms-1)" [_thread_blocked, id=6972, stack(0x0000002386000000,0x0000002386100000)]
  0x0000012569d24800 JavaThread "Cache worker for file hash cache (C:\Users\РќРёРєРёС‚Р°\Desktop\Cursera\CoffeeMaker_Mock_Assign\.gradle\4.3.1\fileHashes)" [_thread_blocked, id=8696, stack(0x0000002385d00000,0x0000002385e00000)]
  0x0000012569d24000 JavaThread "Stdin handler" [_thread_blocked, id=10000, stack(0x0000002385c00000,0x0000002385d00000)]
  0x0000012569d27800 JavaThread "Asynchronous log dispatcher for DefaultDaemonConnection: socket connection from /127.0.0.1:54655 to /127.0.0.1:54690" [_thread_blocked, id=10576, stack(0x0000002384e00000,0x0000002384f00000)]
  0x0000012569d23000 JavaThread "Cancel handler" [_thread_blocked, id=10344, stack(0x0000002384500000,0x0000002384600000)]
  0x0000012569d27000 JavaThread "Handler for socket connection from /127.0.0.1:54655 to /127.0.0.1:54690" [_thread_in_native, id=3876, stack(0x0000002384400000,0x0000002384500000)]
  0x0000012569d25800 JavaThread "Memory manager" [_thread_blocked, id=10984, stack(0x0000002386200000,0x0000002386300000)]
  0x000001256980d800 JavaThread "File lock request listener" [_thread_in_native, id=7372, stack(0x0000002385f00000,0x0000002386000000)]
  0x0000012569519000 JavaThread "Cache worker for file hash cache (C:\Users\РќРёРєРёС‚Р°\.gradle\caches\4.3.1\fileHashes)" [_thread_blocked, id=1480, stack(0x0000002385e00000,0x0000002385f00000)]
  0x0000012569642800 JavaThread "Daemon worker" [_thread_blocked, id=11828, stack(0x0000002385b00000,0x0000002385c00000)]
  0x00000125693b5800 JavaThread "Daemon" [_thread_blocked, id=12104, stack(0x0000002385800000,0x0000002385900000)]
  0x0000012568611800 JavaThread "Daemon periodic checks" [_thread_blocked, id=10552, stack(0x0000002385700000,0x0000002385800000)]
  0x00000125685c6000 JavaThread "Incoming local TCP Connector on port 54655" [_thread_in_native, id=5148, stack(0x0000002385600000,0x0000002385700000)]
  0x000001256764f800 JavaThread "Service Thread" daemon [_thread_blocked, id=7832, stack(0x0000002385400000,0x0000002385500000)]
  0x00000125675d8000 JavaThread "C1 CompilerThread2" daemon [_thread_blocked, id=9516, stack(0x0000002385300000,0x0000002385400000)]
=>0x00000125675d4000 JavaThread "C2 CompilerThread1" daemon [_thread_in_native, id=952, stack(0x0000002385200000,0x0000002385300000)]
  0x00000125675da800 JavaThread "C2 CompilerThread0" daemon [_thread_in_native, id=12872, stack(0x0000002385100000,0x0000002385200000)]
  0x00000125675cb000 JavaThread "Attach Listener" daemon [_thread_blocked, id=5128, stack(0x0000002385000000,0x0000002385100000)]
  0x00000125675ca000 JavaThread "Signal Dispatcher" daemon [_thread_blocked, id=11884, stack(0x0000002384f00000,0x0000002385000000)]
  0x0000012566e7e800 JavaThread "Finalizer" daemon [_thread_blocked, id=9288, stack(0x0000002384d00000,0x0000002384e00000)]
  0x00000125675a6000 JavaThread "Reference Handler" daemon [_thread_blocked, id=2912, stack(0x0000002384c00000,0x0000002384d00000)]
  0x0000012553388000 JavaThread "main" [_thread_blocked, id=1228, stack(0x0000002384600000,0x0000002384700000)]

Other Threads:
  0x0000012567584000 VMThread [stack: 0x0000002384b00000,0x0000002384c00000] [id=8156]
  0x0000012567664000 WatcherThread [stack: 0x0000002385500000,0x0000002385600000] [id=4172]

VM state:not at safepoint (normal execution)

VM Mutex/Monitor currently owned by a thread: None

heap address: 0x00000000c0000000, size: 1024 MB, Compressed Oops mode: 32-bit
Narrow klass base: 0x0000000000000000, Narrow klass shift: 3
Compressed class space size: 1073741824 Address: 0x0000000100000000

Heap:
 PSYoungGen      total 113152K, used 95954K [0x00000000eab00000, 0x00000000f2900000, 0x0000000100000000)
  eden space 100864K, 95% used [0x00000000eab00000,0x00000000f08b49c0,0x00000000f0d80000)
  from space 12288K, 0% used [0x00000000f1980000,0x00000000f1980000,0x00000000f2580000)
  to   space 12288K, 0% used [0x00000000f0d80000,0x00000000f0d80000,0x00000000f1980000)
 ParOldGen       total 91648K, used 21014K [0x00000000c0000000, 0x00000000c5980000, 0x00000000eab00000)
  object space 91648K, 22% used [0x00000000c0000000,0x00000000c14859c0,0x00000000c5980000)
 Metaspace       used 42656K, capacity 43634K, committed 43944K, reserved 1087488K
  class space    used 6143K, capacity 6451K, committed 6576K, reserved 1048576K

Card table byte_map: [0x0000012563ff0000,0x0000012564200000] byte_map_base: 0x00000125639f0000

Marking Bits: (ParMarkBitMap*) 0x0000000070d60890
 Begin Bits: [0x0000012564360000, 0x0000012565360000)
 End Bits:   [0x0000012565360000, 0x0000012566360000)

Polling page: 0x0000012553340000

CodeCache: size=245760Kb used=15194Kb max_used=15194Kb free=230565Kb
 bounds [0x0000012554c30000, 0x0000012555b20000, 0x0000012563c30000]
 total_blobs=5187 nmethods=4473 adapters=626
 compilation: enabled

Compilation events (10 events):
Event: 79.384 Thread 0x00000125675d8000 4896       1       java.io.ObjectStreamClass::getResolveException (5 bytes)
Event: 79.384 Thread 0x00000125675d8000 nmethod 4896 0x0000012555b093d0 code [0x0000012555b09520, 0x0000012555b09638]
Event: 79.384 Thread 0x00000125675d8000 4897       3       java.io.ObjectInputStream$HandleTable::lookupObject (26 bytes)
Event: 79.385 Thread 0x00000125675d8000 nmethod 4897 0x0000012555b06b50 code [0x0000012555b06cc0, 0x0000012555b06ef8]
Event: 79.385 Thread 0x00000125675d8000 4898       3       java.io.ObjectInputStream::readHandle (136 bytes)
Event: 79.388 Thread 0x00000125675d8000 nmethod 4898 0x0000012555b0f450 code [0x0000012555b0f780, 0x0000012555b10e50]
Event: 79.388 Thread 0x00000125675d8000 4899       3       org.gradle.internal.serialize.ExceptionReplacingObjectInputStream::resolveObject (11 bytes)
Event: 79.389 Thread 0x00000125675d8000 nmethod 4899 0x0000012555b08f50 code [0x0000012555b090c0, 0x0000012555b09310]
Event: 79.396 Thread 0x00000125675da800 nmethod 4886 0x0000012555b11d90 code [0x0000012555b11fa0, 0x0000012555b127d8]
Event: 79.396 Thread 0x00000125675da800 4893   !   4       java.net.URLClassLoader$1::run (63 bytes)

GC Heap History (10 events):
Event: 6.994 GC heap before
{Heap before GC invocations=8 (full 1):
 PSYoungGen      total 51200K, used 50754K [0x00000000eab00000, 0x00000000ef480000, 0x0000000100000000)
  eden space 47616K, 100% used [0x00000000eab00000,0x00000000ed980000,0x00000000ed980000)
  from space 3584K, 87% used [0x00000000ef100000,0x00000000ef410868,0x00000000ef480000)
  to   space 10752K, 0% used [0x00000000edf80000,0x00000000edf80000,0x00000000eea00000)
 ParOldGen       total 58368K, used 8727K [0x00000000c0000000, 0x00000000c3900000, 0x00000000eab00000)
  object space 58368K, 14% used [0x00000000c0000000,0x00000000c0885e30,0x00000000c3900000)
 Metaspace       used 26651K, capacity 27172K, committed 27312K, reserved 1073152K
  class space    used 3807K, capacity 3954K, committed 4016K, reserved 1048576K
Event: 7.009 GC heap after
Heap after GC invocations=8 (full 1):
 PSYoungGen      total 64512K, used 6634K [0x00000000eab00000, 0x00000000f0700000, 0x0000000100000000)
  eden space 53760K, 0% used [0x00000000eab00000,0x00000000eab00000,0x00000000edf80000)
  from space 10752K, 61% used [0x00000000edf80000,0x00000000ee5fa890,0x00000000eea00000)
  to   space 10240K, 0% used [0x00000000efd00000,0x00000000efd00000,0x00000000f0700000)
 ParOldGen       total 58368K, used 8735K [0x00000000c0000000, 0x00000000c3900000, 0x00000000eab00000)
  object space 58368K, 14% used [0x00000000c0000000,0x00000000c0887e30,0x00000000c3900000)
 Metaspace       used 26651K, capacity 27172K, committed 27312K, reserved 1073152K
  class space    used 3807K, capacity 3954K, committed 4016K, reserved 1048576K
}
Event: 8.333 GC heap before
{Heap before GC invocations=9 (full 1):
 PSYoungGen      total 64512K, used 60394K [0x00000000eab00000, 0x00000000f0700000, 0x0000000100000000)
  eden space 53760K, 100% used [0x00000000eab00000,0x00000000edf80000,0x00000000edf80000)
  from space 10752K, 61% used [0x00000000edf80000,0x00000000ee5fa890,0x00000000eea00000)
  to   space 10240K, 0% used [0x00000000efd00000,0x00000000efd00000,0x00000000f0700000)
 ParOldGen       total 58368K, used 8735K [0x00000000c0000000, 0x00000000c3900000, 0x00000000eab00000)
  object space 58368K, 14% used [0x00000000c0000000,0x00000000c0887e30,0x00000000c3900000)
 Metaspace       used 30744K, capacity 31360K, committed 31536K, reserved 1077248K
  class space    used 4374K, capacity 4579K, committed 4656K, reserved 1048576K
Event: 8.350 GC heap after
Heap after GC invocations=9 (full 1):
 PSYoungGen      total 83456K, used 8190K [0x00000000eab00000, 0x00000000f1100000, 0x0000000100000000)
  eden space 73216K, 0% used [0x00000000eab00000,0x00000000eab00000,0x00000000ef280000)
  from space 10240K, 79% used [0x00000000efd00000,0x00000000f04ffae8,0x00000000f0700000)
  to   space 10752K, 0% used [0x00000000ef280000,0x00000000ef280000,0x00000000efd00000)
 ParOldGen       total 58368K, used 8743K [0x00000000c0000000, 0x00000000c3900000, 0x00000000eab00000)
  object space 58368K, 14% used [0x00000000c0000000,0x00000000c0889e30,0x00000000c3900000)
 Metaspace       used 30744K, capacity 31360K, committed 31536K, reserved 1077248K
  class space    used 4374K, capacity 4579K, committed 4656K, reserved 1048576K
}
Event: 9.605 GC heap before
{Heap before GC invocations=10 (full 1):
 PSYoungGen      total 83456K, used 81406K [0x00000000eab00000, 0x00000000f1100000, 0x0000000100000000)
  eden space 73216K, 100% used [0x00000000eab00000,0x00000000ef280000,0x00000000ef280000)
  from space 10240K, 79% used [0x00000000efd00000,0x00000000f04ffae8,0x00000000f0700000)
  to   space 10752K, 0% used [0x00000000ef280000,0x00000000ef280000,0x00000000efd00000)
 ParOldGen       total 58368K, used 8743K [0x00000000c0000000, 0x00000000c3900000, 0x00000000eab00000)
  object space 58368K, 14% used [0x00000000c0000000,0x00000000c0889e30,0x00000000c3900000)
 Metaspace       used 33600K, capacity 34302K, committed 34608K, reserved 1079296K
  class space    used 4875K, capacity 5106K, committed 5168K, reserved 1048576K
Event: 9.652 GC heap after
Heap after GC invocations=10 (full 1):
 PSYoungGen      total 83968K, used 10751K [0x00000000eab00000, 0x00000000f2580000, 0x0000000100000000)
  eden space 73216K, 0% used [0x00000000eab00000,0x00000000eab00000,0x00000000ef280000)
  from space 10752K, 99% used [0x00000000ef280000,0x00000000efcffe28,0x00000000efd00000)
  to   space 12288K, 0% used [0x00000000f1980000,0x00000000f1980000,0x00000000f2580000)
 ParOldGen       total 58368K, used 10168K [0x00000000c0000000, 0x00000000c3900000, 0x00000000eab00000)
  object space 58368K, 17% used [0x00000000c0000000,0x00000000c09ee1d8,0x00000000c3900000)
 Metaspace       used 33600K, capacity 34302K, committed 34608K, reserved 1079296K
  class space    used 4875K, capacity 5106K, committed 5168K, reserved 1048576K
}
Event: 10.186 GC heap before
{Heap before GC invocations=11 (full 1):
 PSYoungGen      total 83968K, used 46683K [0x00000000eab00000, 0x00000000f2580000, 0x0000000100000000)
  eden space 73216K, 49% used [0x00000000eab00000,0x00000000ece17030,0x00000000ef280000)
  from space 10752K, 99% used [0x00000000ef280000,0x00000000efcffe28,0x00000000efd00000)
  to   space 12288K, 0% used [0x00000000f1980000,0x00000000f1980000,0x00000000f2580000)
 ParOldGen       total 58368K, used 10168K [0x00000000c0000000, 0x00000000c3900000, 0x00000000eab00000)
  object space 58368K, 17% used [0x00000000c0000000,0x00000000c09ee1d8,0x00000000c3900000)
 Metaspace       used 34559K, capacity 35262K, committed 35496K, reserved 1079296K
  class space    used 5053K, capacity 5288K, committed 5296K, reserved 1048576K
Event: 10.217 GC heap after
Heap after GC invocations=11 (full 1):
 PSYoungGen      total 113152K, used 8656K [0x00000000eab00000, 0x00000000f2900000, 0x0000000100000000)
  eden space 100864K, 0% used [0x00000000eab00000,0x00000000eab00000,0x00000000f0d80000)
  from space 12288K, 70% used [0x00000000f1980000,0x00000000f21f4010,0x00000000f2580000)
  to   space 12288K, 0% used [0x00000000f0d80000,0x00000000f0d80000,0x00000000f1980000)
 ParOldGen       total 58368K, used 14556K [0x00000000c0000000, 0x00000000c3900000, 0x00000000eab00000)
  object space 58368K, 24% used [0x00000000c0000000,0x00000000c0e37268,0x00000000c3900000)
 Metaspace       used 34559K, capacity 35262K, committed 35496K, reserved 1079296K
  class space    used 5053K, capacity 5288K, committed 5296K, reserved 1048576K
}
Event: 10.217 GC heap before
{Heap before GC invocations=12 (full 2):
 PSYoungGen      total 113152K, used 8656K [0x00000000eab00000, 0x00000000f2900000, 0x0000000100000000)
  eden space 100864K, 0% used [0x00000000eab00000,0x00000000eab00000,0x00000000f0d80000)
  from space 12288K, 70% used [0x00000000f1980000,0x00000000f21f4010,0x00000000f2580000)
  to   space 12288K, 0% used [0x00000000f0d80000,0x00000000f0d80000,0x00000000f1980000)
 ParOldGen       total 58368K, used 14556K [0x00000000c0000000, 0x00000000c3900000, 0x00000000eab00000)
  object space 58368K, 24% used [0x00000000c0000000,0x00000000c0e37268,0x00000000c3900000)
 Metaspace       used 34559K, capacity 35262K, committed 35496K, reserved 1079296K
  class space    used 5053K, capacity 5288K, committed 5296K, reserved 1048576K
Event: 10.385 GC heap after
Heap after GC invocations=12 (full 2):
 PSYoungGen      total 113152K, used 0K [0x00000000eab00000, 0x00000000f2900000, 0x0000000100000000)
  eden space 100864K, 0% used [0x00000000eab00000,0x00000000eab00000,0x00000000f0d80000)
  from space 12288K, 0% used [0x00000000f1980000,0x00000000f1980000,0x00000000f2580000)
  to   space 12288K, 0% used [0x00000000f0d80000,0x00000000f0d80000,0x00000000f1980000)
 ParOldGen       total 91648K, used 21014K [0x00000000c0000000, 0x00000000c5980000, 0x00000000eab00000)
  object space 91648K, 22% used [0x00000000c0000000,0x00000000c14859c0,0x00000000c5980000)
 Metaspace       used 34559K, capacity 35262K, committed 35496K, reserved 1079296K
  class space    used 5053K, capacity 5288K, committed 5296K, reserved 1048576K
}

Deoptimization events (10 events):
Event: 72.750 Thread 0x0000012569642800 Uncommon trap: reason=unstable_if action=reinterpret pc=0x00000125557d69b0 method=java.io.ObjectOutputStream$BlockDataOutputStream.getUTFLength(Ljava/lang/String;)J @ 73
Event: 72.864 Thread 0x0000012569642800 Uncommon trap: reason=class_check action=maybe_recompile pc=0x00000125551c1ac0 method=java.lang.reflect.Method.equals(Ljava/lang/Object;)Z @ 5
Event: 72.864 Thread 0x0000012569642800 Uncommon trap: reason=class_check action=maybe_recompile pc=0x0000012555357c24 method=org.gradle.model.internal.type.ModelType.wrap(Ljava/lang/reflect/Type;)Lorg/gradle/model/internal/type/TypeWrapper; @ 33
Event: 72.865 Thread 0x0000012569642800 Uncommon trap: reason=class_check action=maybe_recompile pc=0x00000125551c1ac0 method=java.lang.reflect.Method.equals(Ljava/lang/Object;)Z @ 5
Event: 73.532 Thread 0x0000012569642800 Uncommon trap: reason=class_check action=maybe_recompile pc=0x000001255588985c method=java.util.regex.Matcher.search(I)Z @ 86
Event: 73.540 Thread 0x0000012569642800 Uncommon trap: reason=class_check action=maybe_recompile pc=0x000001255588985c method=java.util.regex.Matcher.search(I)Z @ 86
Event: 73.542 Thread 0x0000012569642800 Uncommon trap: reason=class_check action=maybe_recompile pc=0x000001255588985c method=java.util.regex.Matcher.search(I)Z @ 86
Event: 73.542 Thread 0x0000012569642800 Uncommon trap: reason=class_check action=maybe_recompile pc=0x000001255588985c method=java.util.regex.Matcher.search(I)Z @ 86
Event: 74.236 Thread 0x0000012569642800 Uncommon trap: reason=unstable_if action=reinterpret pc=0x00000125559c1a70 method=com.sun.tools.javac.util.Name$Table.equals([BI[BII)Z @ 22
Event: 74.493 Thread 0x000001256c1e4000 Uncommon trap: reason=unstable_if action=reinterpret pc=0x00000125558cb708 method=com.esotericsoftware.kryo.io.Output.writeString(Ljava/lang/CharSequence;)V @ 50

Classes redefined (0 events):
No events

Internal exceptions (10 events):
Event: 72.841 Thread 0x0000012569642800 Exception <a 'java/lang/ClassNotFoundException': ijresolvers_bn4g7pr889a6g3l9dwdqz5za8Customizer> (0x00000000edc0b440) thrown at [C:\wsjdk\Corretto8Src\installers\windows\zip\corretto-build\buildRoot\src\hotspot\src\share\vm\classfile\systemDictionary.cpp
Event: 73.129 Thread 0x0000012569642800 Exception <a 'java/lang/ClassNotFoundException': IJTestEventLoggerBeanInfo> (0x00000000ee125ca0) thrown at [C:\wsjdk\Corretto8Src\installers\windows\zip\corretto-build\buildRoot\src\hotspot\src\share\vm\classfile\systemDictionary.cpp, line 217]
Event: 73.129 Thread 0x0000012569642800 Exception <a 'java/lang/ClassNotFoundException': IJTestEventLoggerCustomizer> (0x00000000ee12f4e8) thrown at [C:\wsjdk\Corretto8Src\installers\windows\zip\corretto-build\buildRoot\src\hotspot\src\share\vm\classfile\systemDictionary.cpp, line 217]
Event: 73.141 Thread 0x0000012569642800 Exception <a 'java/lang/ClassNotFoundException': IJTestEventLogger$1BeanInfo> (0x00000000ee1822e8) thrown at [C:\wsjdk\Corretto8Src\installers\windows\zip\corretto-build\buildRoot\src\hotspot\src\share\vm\classfile\systemDictionary.cpp, line 217]
Event: 73.142 Thread 0x0000012569642800 Exception <a 'java/lang/ClassNotFoundException': IJTestEventLogger$1Customizer> (0x00000000ee18bd88) thrown at [C:\wsjdk\Corretto8Src\installers\windows\zip\corretto-build\buildRoot\src\hotspot\src\share\vm\classfile\systemDictionary.cpp, line 217]
Event: 73.146 Thread 0x0000012569642800 Exception <a 'java/lang/ClassNotFoundException': IJTestEventLogger$2BeanInfo> (0x00000000ee1ba9b0) thrown at [C:\wsjdk\Corretto8Src\installers\windows\zip\corretto-build\buildRoot\src\hotspot\src\share\vm\classfile\systemDictionary.cpp, line 217]
Event: 73.147 Thread 0x0000012569642800 Exception <a 'java/lang/ClassNotFoundException': IJTestEventLogger$2Customizer> (0x00000000ee1c4450) thrown at [C:\wsjdk\Corretto8Src\installers\windows\zip\corretto-build\buildRoot\src\hotspot\src\share\vm\classfile\systemDictionary.cpp, line 217]
Event: 74.032 Thread 0x0000012569642800 Exception <a 'java/io/FileNotFoundException'> (0x00000000ef6d5b20) thrown at [C:\wsjdk\Corretto8Src\installers\windows\zip\corretto-build\buildRoot\src\hotspot\src\share\vm\prims\jni.cpp, line 711]
Event: 74.040 Thread 0x0000012569642800 Exception <a 'java/io/FileNotFoundException'> (0x00000000ef7312d0) thrown at [C:\wsjdk\Corretto8Src\installers\windows\zip\corretto-build\buildRoot\src\hotspot\src\share\vm\prims\jni.cpp, line 711]
Event: 74.076 Thread 0x0000012569642800 Exception <a 'java/io/FileNotFoundException'> (0x00000000efa53c20) thrown at [C:\wsjdk\Corretto8Src\installers\windows\zip\corretto-build\buildRoot\src\hotspot\src\share\vm\prims\jni.cpp, line 711]

Events (10 events):
Event: 79.381 loading class org/gradle/internal/serialize/ExceptionReplacingObjectInputStream$2
Event: 79.381 loading class org/gradle/internal/serialize/ExceptionReplacingObjectInputStream$2 done
Event: 79.381 loading class org/gradle/internal/serialize/ExceptionPlaceholder$2
Event: 79.381 loading class org/gradle/internal/serialize/ExceptionPlaceholder$2 done
Event: 79.382 loading class edu/ncsu/csc326/coffeemaker/exceptions/InventoryException
Event: 79.382 loading class edu/ncsu/csc326/coffeemaker/exceptions/InventoryException done
Event: 79.382 loading class edu/ncsu/csc326/coffeemaker/exceptions/InventoryException
Event: 79.382 loading class edu/ncsu/csc326/coffeemaker/exceptions/InventoryException done
Event: 79.389 loading class edu/ncsu/csc326/coffeemaker/exceptions/InventoryException
Event: 79.389 loading class edu/ncsu/csc326/coffeemaker/exceptions/InventoryException done


Dynamic libraries:
0x00007ff61f1d0000 - 0x00007ff61f20a000 	C:\Users\Никита\.jdks\corretto-1.8.0_282\bin\java.exe
0x00007ffb363e0000 - 0x00007ffb365d0000 	C:\WINDOWS\SYSTEM32\ntdll.dll
0x00007ffb35230000 - 0x00007ffb352e2000 	C:\WINDOWS\System32\KERNEL32.DLL
0x00007ffb33fd0000 - 0x00007ffb34275000 	C:\WINDOWS\System32\KERNELBASE.dll
0x00007ffb358c0000 - 0x00007ffb35963000 	C:\WINDOWS\System32\ADVAPI32.dll
0x00007ffb34500000 - 0x00007ffb3459e000 	C:\WINDOWS\System32\msvcrt.dll
0x00007ffb35430000 - 0x00007ffb354c7000 	C:\WINDOWS\System32\sechost.dll
0x00007ffb34ef0000 - 0x00007ffb3500f000 	C:\WINDOWS\System32\RPCRT4.dll
0x00007ffb345b0000 - 0x00007ffb34744000 	C:\WINDOWS\System32\USER32.dll
0x00007ffb33dd0000 - 0x00007ffb33df1000 	C:\WINDOWS\System32\win32u.dll
0x00007ffb354d0000 - 0x00007ffb354f6000 	C:\WINDOWS\System32\GDI32.dll
0x00007ffb33e00000 - 0x00007ffb33f98000 	C:\WINDOWS\System32\gdi32full.dll
0x00007ffb343f0000 - 0x00007ffb3448e000 	C:\WINDOWS\System32\msvcp_win.dll
0x00007ffb33360000 - 0x00007ffb3345a000 	C:\WINDOWS\System32\ucrtbase.dll
0x00007ffb26dc0000 - 0x00007ffb27044000 	C:\WINDOWS\WinSxS\amd64_microsoft.windows.common-controls_6595b64144ccf1df_6.0.18362.1316_none_9e7a364fe461dbd7\COMCTL32.dll
0x00007ffb36060000 - 0x00007ffb36397000 	C:\WINDOWS\System32\combase.dll
0x00007ffb33460000 - 0x00007ffb334e1000 	C:\WINDOWS\System32\bcryptPrimitives.dll
0x00007ffb34c40000 - 0x00007ffb34c6e000 	C:\WINDOWS\System32\IMM32.DLL
0x00007ffb13c60000 - 0x00007ffb13d4f000 	C:\Users\Никита\.jdks\corretto-1.8.0_282\jre\bin\msvcr120.dll
0x00007ffb1db90000 - 0x00007ffb1dc36000 	C:\Users\Никита\.jdks\corretto-1.8.0_282\jre\bin\msvcp120.dll
0x0000000070570000 - 0x0000000070ddf000 	C:\Users\Никита\.jdks\corretto-1.8.0_282\jre\bin\server\jvm.dll
0x00007ffb35010000 - 0x00007ffb35018000 	C:\WINDOWS\System32\PSAPI.DLL
0x00007ffb25610000 - 0x00007ffb25619000 	C:\WINDOWS\SYSTEM32\WSOCK32.dll
0x00007ffb34490000 - 0x00007ffb344ff000 	C:\WINDOWS\System32\WS2_32.dll
0x00007ffb2fe60000 - 0x00007ffb2fe84000 	C:\WINDOWS\SYSTEM32\WINMM.dll
0x00007ffb2cd60000 - 0x00007ffb2cd6a000 	C:\WINDOWS\SYSTEM32\VERSION.dll
0x00007ffb2fe30000 - 0x00007ffb2fe5d000 	C:\WINDOWS\SYSTEM32\WINMMBASE.dll
0x00007ffb33d80000 - 0x00007ffb33dca000 	C:\WINDOWS\System32\cfgmgr32.dll
0x00007ffb2fcd0000 - 0x00007ffb2fcdf000 	C:\Users\Никита\.jdks\corretto-1.8.0_282\jre\bin\verify.dll
0x00007ffb22ca0000 - 0x00007ffb22cc9000 	C:\Users\Никита\.jdks\corretto-1.8.0_282\jre\bin\java.dll
0x00007ffb2fca0000 - 0x00007ffb2fcb6000 	C:\Users\Никита\.jdks\corretto-1.8.0_282\jre\bin\zip.dll
0x00007ffb35970000 - 0x00007ffb36058000 	C:\WINDOWS\System32\SHELL32.dll
0x00007ffb35020000 - 0x00007ffb350c7000 	C:\WINDOWS\System32\shcore.dll
0x00007ffb334f0000 - 0x00007ffb33c6b000 	C:\WINDOWS\System32\windows.storage.dll
0x00007ffb332c0000 - 0x00007ffb332e3000 	C:\WINDOWS\System32\profapi.dll
0x00007ffb332f0000 - 0x00007ffb3333a000 	C:\WINDOWS\System32\powrprof.dll
0x00007ffb33290000 - 0x00007ffb332a0000 	C:\WINDOWS\System32\UMPDC.dll
0x00007ffb34d20000 - 0x00007ffb34d72000 	C:\WINDOWS\System32\shlwapi.dll
0x00007ffb33340000 - 0x00007ffb33351000 	C:\WINDOWS\System32\kernel.appcore.dll
0x00007ffb343d0000 - 0x00007ffb343e7000 	C:\WINDOWS\System32\cryptsp.dll
0x00007ffb28770000 - 0x00007ffb2878a000 	C:\Users\Никита\.jdks\corretto-1.8.0_282\jre\bin\net.dll
0x00007ffb32ad0000 - 0x00007ffb32b37000 	C:\WINDOWS\system32\mswsock.dll
0x00007ffb21170000 - 0x00007ffb21182000 	C:\Users\Никита\.jdks\corretto-1.8.0_282\jre\bin\nio.dll
0x00007ffb2fce0000 - 0x00007ffb2fcfe000 	C:\Users\Никита\.gradle\native\25\windows-amd64\native-platform.dll
0x00007ffb2b130000 - 0x00007ffb2b13d000 	C:\Users\Никита\.jdks\corretto-1.8.0_282\jre\bin\management.dll
0x00007ffb32650000 - 0x00007ffb32683000 	C:\WINDOWS\system32\rsaenh.dll
0x00007ffb33fa0000 - 0x00007ffb33fc6000 	C:\WINDOWS\System32\bcrypt.dll
0x00007ffb33170000 - 0x00007ffb33195000 	C:\WINDOWS\SYSTEM32\USERENV.dll
0x00007ffb32ca0000 - 0x00007ffb32cac000 	C:\WINDOWS\SYSTEM32\CRYPTBASE.dll
0x00007ffb327e0000 - 0x00007ffb3281a000 	C:\WINDOWS\SYSTEM32\IPHLPAPI.DLL
0x00007ffb345a0000 - 0x00007ffb345a8000 	C:\WINDOWS\System32\NSI.dll
0x00007ffb2bad0000 - 0x00007ffb2bae6000 	C:\WINDOWS\SYSTEM32\dhcpcsvc6.DLL
0x00007ffb2bd10000 - 0x00007ffb2bd2c000 	C:\WINDOWS\SYSTEM32\dhcpcsvc.DLL
0x00007ffb32820000 - 0x00007ffb328eb000 	C:\WINDOWS\SYSTEM32\DNSAPI.dll

VM Arguments:
jvm_args: -XX:+HeapDumpOnOutOfMemoryError -Xmx1024m -Dfile.encoding=windows-1251 -Duser.country=RU -Duser.language=ru -Duser.variant 
java_command: org.gradle.launcher.daemon.bootstrap.GradleDaemon 4.3.1
java_class_path (initial): C:\Users\Никита\.gradle\wrapper\dists\gradle-4.3.1-bin\7yzdu24db77gi3zukl2a7o0xx\gradle-4.3.1\lib\gradle-launcher-4.3.1.jar
Launcher Type: SUN_STANDARD

Environment Variables:
JAVA_HOME=C:\Program Files\Java\jdk-15.0.1
PATH=C:\Program Files\Common Files\Oracle\Java\javapath;C:\Program Files (x86)\NVIDIA Corporation\PhysX\Common;C:\Program Files (x86)\AMD APP\bin\x86_64;C:\Program Files (x86)\AMD APP\bin\x86;C:\WINDOWS\system32;C:\WINDOWS;C:\WINDOWS\System32\Wbem;C:\WINDOWS\System32\WindowsPowerShell\v1.0\;C:\Program Files (x86)\ATI Technologies\ATI.ACE\Core-Static;C:\Program Files (x86)\Common Files\Adobe\AGL;C:\WINDOWS\System32\OpenSSH\;C:\Program Files\Java\jdk-15.0.1\bin;C:\Program Files\Git\cmd;C:\Users\Никита\AppData\Local\Microsoft\WindowsApps;;C:\Program Files\JetBrains\PyCharm 2020.2.3\bin;;C:\Program Files\JetBrains\IntelliJ IDEA Community Edition 2020.3\bin;;C:\Program Files\JetBrains\PyCharm Community Edition 2020.3.2\bin;
USERNAME=Никита
OS=Windows_NT
PROCESSOR_IDENTIFIER=AMD64 Family 21 Model 16 Stepping 1, AuthenticAMD



---------------  S Y S T E M  ---------------

OS: Windows 10.0 , 64 bit Build 18362 (10.0.18362.1316)

CPU:total 4 (initial active 4) (4 cores per cpu, 1 threads per core) family 21 model 16 stepping 1, cmov, cx8, fxsr, mmx, sse, sse2, sse3, ssse3, sse4.1, sse4.2, popcnt, avx, aes, clmul, mmxext, 3dnowpref, lzcnt, sse4a, tsc, tscinvbit, tscinv, bmi1

Memory: 4k page, physical 7805192k(636012k free), swap 7805192k(5200k free)

vm_info: OpenJDK 64-Bit Server VM (25.282-b08) for windows-amd64 JRE (1.8.0_282-b08), built on Jan 14 2021 22:12:08 by "Administrator" with MS VC++ 12.0 (VS2013)

time: Thu Apr 29 15:43:24 2021
timezone: RTZ 2 (ceia)
elapsed time: 79.497167 seconds (0d 0h 1m 19s)

