#
# There is insufficient memory for the Java Runtime Environment to continue.
# Native memory allocation (malloc) failed to allocate 32744 bytes for ChunkPool::allocate
# Possible reasons:
#   The system is out of physical RAM or swap space
#   The process is running with CompressedOops enabled, and the Java Heap may be blocking the growth of the native heap
# Possible solutions:
#   Reduce memory load on the system
#   Increase physical memory or swap space
#   Check if swap backing store is full
#   Decrease Java heap size (-Xmx/-Xms)
#   Decrease number of Java threads
#   Decrease Java thread stack sizes (-Xss)
#   Set larger code cache with -XX:ReservedCodeCacheSize=
#   JVM is running with Unscaled Compressed Oops mode in which the Java heap is
#     placed in the first 4GB address space. The Java Heap base address is the
#     maximum limit for the native heap growth. Please use -XX:HeapBaseMinAddress
#     to set the Java Heap base and to place the Java Heap above 4GB virtual address.
# This output file may be truncated or incomplete.
#
#  Out of Memory Error (allocation.cpp:272), pid=12992, tid=0x0000000000001ba0
#
# JRE version: OpenJDK Runtime Environment (8.0_282-b08) (build 1.8.0_282-b08)
# Java VM: OpenJDK 64-Bit Server VM (25.282-b08 mixed mode windows-amd64 compressed oops)
# Failed to write core dump. Minidumps are not enabled by default on client versions of Windows
#

---------------  T H R E A D  ---------------

Current thread (0x000001a9c9f21800):  JavaThread "C2 CompilerThread0" daemon [_thread_in_native, id=7072, stack(0x00000042bc200000,0x00000042bc300000)]

Stack: [0x00000042bc200000,0x00000042bc300000]
[error occurred during error reporting (printing stack bounds), id 0xc0000005]

Native frames: (J=compiled Java code, j=interpreted, Vv=VM code, C=native code)


Current CompileTask:
C2:   1069  511       4       org.jacoco.agent.rt.internal_14f7ee5.asm.tree.VarInsnNode::accept (18 bytes)


---------------  P R O C E S S  ---------------

Java Threads: ( => current thread )
  0x000001a9caf4b800 JavaThread "Service Thread" daemon [_thread_blocked, id=13260, stack(0x00000042bc500000,0x00000042bc600000)]
  0x000001a9cae82800 JavaThread "C1 CompilerThread2" daemon [_thread_in_vm, id=2568, stack(0x00000042bc400000,0x00000042bc500000)]
  0x000001a9c9f24000 JavaThread "C2 CompilerThread1" daemon [_thread_in_native, id=4872, stack(0x00000042bc300000,0x00000042bc400000)]
=>0x000001a9c9f21800 JavaThread "C2 CompilerThread0" daemon [_thread_in_native, id=7072, stack(0x00000042bc200000,0x00000042bc300000)]
  0x000001a9c9eb9800 JavaThread "Attach Listener" daemon [_thread_blocked, id=4216, stack(0x00000042bc100000,0x00000042bc200000)]
  0x000001a9c9eb8800 JavaThread "Signal Dispatcher" daemon [_thread_blocked, id=12776, stack(0x00000042bc000000,0x00000042bc100000)]
  0x000001a9c96de000 JavaThread "Finalizer" daemon [_thread_blocked, id=5500, stack(0x00000042bbf00000,0x00000042bc000000)]
  0x000001a9c9e06000 JavaThread "Reference Handler" daemon [_thread_blocked, id=12424, stack(0x00000042bbe00000,0x00000042bbf00000)]
  0x000001a9b3a0e800 JavaThread "main" [_thread_blocked, id=11308, stack(0x00000042bb800000,0x00000042bb900000)]

Other Threads:
  0x000001a9c9de3800 VMThread [stack: 0x00000042bbd00000,0x00000042bbe00000] [id=5468]
  0x000001a9caf4c800 WatcherThread [stack: 0x00000042bc600000,0x00000042bc700000] [id=484]

VM state:synchronizing (normal execution)

VM Mutex/Monitor currently owned by a thread:  ([mutex/lock_event])
[0x000001a9b3a0b1d0] Threads_lock - owner thread: 0x000001a9c9de3800
[0x000001a9b3a0b550] Heap_lock - owner thread: 0x000001a9b3a0e800

heap address: 0x0000000088e00000, size: 1906 MB, Compressed Oops mode: 32-bit
Narrow klass base: 0x0000000000000000, Narrow klass shift: 3
Compressed class space size: 1073741824 Address: 0x0000000100000000

Heap:
 PSYoungGen      total 35840K, used 15479K [0x00000000d8500000, 0x00000000dad00000, 0x0000000100000000)
  eden space 30720K, 50% used [0x00000000d8500000,0x00000000d941dee8,0x00000000da300000)
  from space 5120K, 0% used [0x00000000da800000,0x00000000da800000,0x00000000dad00000)
  to   space 5120K, 0% used [0x00000000da300000,0x00000000da300000,0x00000000da800000)
 ParOldGen       total 81920K, used 0K [0x0000000088e00000, 0x000000008de00000, 0x00000000d8500000)
  object space 81920K, 0% used [0x0000000088e00000,0x0000000088e00000,0x000000008de00000)
 Metaspace       used 5490K, capacity 5848K, committed 6016K, reserved 1056768K
  class space    used 623K, capacity 632K, committed 640K, reserved 1048576K

Card table byte_map: [0x000001a9c4850000,0x000001a9c4c10000] byte_map_base: 0x000001a9c4409000

Marking Bits: (ParMarkBitMap*) 0x0000000070d60890
 Begin Bits: [0x000001a9c4e90000, 0x000001a9c6c58000)
 End Bits:   [0x000001a9c6c58000, 0x000001a9c8a20000)

Polling page: 0x000001a9b3bd0000

CodeCache: size=245760Kb used=2491Kb max_used=2501Kb free=243268Kb
 bounds [0x000001a9b5490000, 0x000001a9b5710000, 0x000001a9c4490000]
 total_blobs=787 nmethods=510 adapters=191
 compilation: enabled

Compilation events (10 events):
Event: 0.893 Thread 0x000001a9c9f21800  507       4       sun.nio.cs.UTF_8$Encoder::encode (359 bytes)
Event: 0.893 Thread 0x000001a9cae82800 nmethod 506 0x000001a9b56fda10 code [0x000001a9b56fdc00, 0x000001a9b56fe640]
Event: 0.895 Thread 0x000001a9cae82800  508       3       java.lang.String::substring (56 bytes)
Event: 0.896 Thread 0x000001a9cae82800 nmethod 508 0x000001a9b56fe990 code [0x000001a9b56feb20, 0x000001a9b56feed0]
Event: 0.898 Thread 0x000001a9cae82800  510       3       org.jacoco.agent.rt.internal_14f7ee5.asm.commons.AnalyzerAdapter::push (32 bytes)
Event: 0.898 Thread 0x000001a9cae82800 nmethod 510 0x000001a9b56ff090 code [0x000001a9b56ff220, 0x000001a9b56ff5c0]
Event: 0.898 Thread 0x000001a9c9f21800 nmethod 507 0x000001a9b5702550 code [0x000001a9b57026a0, 0x000001a9b57028d8]
Event: 0.899 Thread 0x000001a9c9f21800  509       4       java.lang.CharacterDataLatin1::toLowerCase (39 bytes)
Event: 0.900 Thread 0x000001a9c9f21800 nmethod 509 0x000001a9b5702a10 code [0x000001a9b5702b40, 0x000001a9b5702c18]
Event: 0.907 Thread 0x000001a9c9f21800  511       4       org.jacoco.agent.rt.internal_14f7ee5.asm.tree.VarInsnNode::accept (18 bytes)

GC Heap History (0 events):
No events

Deoptimization events (2 events):
Event: 0.811 Thread 0x000001a9b3a0e800 Uncommon trap: reason=unstable_if action=reinterpret pc=0x000001a9b56cb3fc method=org.jacoco.agent.rt.internal_14f7ee5.asm.ByteVector.putUTF8(Ljava/lang/String;)Lorg/jacoco/agent/rt/internal_14f7ee5/asm/ByteVector; @ 34
Event: 0.868 Thread 0x000001a9b3a0e800 Uncommon trap: reason=unstable_if action=reinterpret pc=0x000001a9b56b9c50 method=org.jacoco.agent.rt.internal_14f7ee5.asm.MethodVisitor.visitLineNumber(ILorg/jacoco/agent/rt/internal_14f7ee5/asm/Label;)V @ 4

Classes redefined (0 events):
No events

Internal exceptions (10 events):
Event: 0.533 Thread 0x000001a9b3a0e800 Exception <a 'java/security/PrivilegedActionException'> (0x00000000d8ae71e0) thrown at [C:\wsjdk\Corretto8Src\installers\windows\zip\corretto-build\buildRoot\src\hotspot\src\share\vm\prims\jvm.cpp, line 1522]
Event: 0.535 Thread 0x000001a9b3a0e800 Exception <a 'java/security/PrivilegedActionException'> (0x00000000d8ae96e0) thrown at [C:\wsjdk\Corretto8Src\installers\windows\zip\corretto-build\buildRoot\src\hotspot\src\share\vm\prims\jvm.cpp, line 1522]
Event: 0.535 Thread 0x000001a9b3a0e800 Exception <a 'java/security/PrivilegedActionException'> (0x00000000d8ae98f0) thrown at [C:\wsjdk\Corretto8Src\installers\windows\zip\corretto-build\buildRoot\src\hotspot\src\share\vm\prims\jvm.cpp, line 1522]
Event: 0.548 Thread 0x000001a9b3a0e800 Exception <a 'java/lang/NoClassDefFoundError': org/apache/commons/lang/StringUtils> (0x00000000d8b0c4c8) thrown at [C:\wsjdk\Corretto8Src\installers\windows\zip\corretto-build\buildRoot\src\hotspot\src\share\vm\classfile\systemDictionary.cpp, line 206]
Event: 0.548 Thread 0x000001a9b3a0e800 Exception <a 'java/lang/NoClassDefFoundError': org/apache/commons/lang/StringUtils> (0x00000000d8b0fcd8) thrown at [C:\wsjdk\Corretto8Src\installers\windows\zip\corretto-build\buildRoot\src\hotspot\src\share\vm\oops\constantPool.cpp, line 606]
Event: 0.818 Thread 0x000001a9b3a0e800 Exception <a 'java/lang/ArrayIndexOutOfBoundsException': 100> (0x00000000d8f3e1d8) thrown at [C:\wsjdk\Corretto8Src\installers\windows\zip\corretto-build\buildRoot\src\hotspot\src\share\vm\interpreter\interpreterRuntime.cpp, line 371]
Event: 0.821 Thread 0x000001a9b3a0e800 Exception <a 'java/lang/ArrayIndexOutOfBoundsException': 18> (0x00000000d8f4bfc0) thrown at [C:\wsjdk\Corretto8Src\installers\windows\zip\corretto-build\buildRoot\src\hotspot\src\share\vm\interpreter\interpreterRuntime.cpp, line 371]
Event: 0.822 Thread 0x000001a9b3a0e800 Exception <a 'java/lang/ArrayIndexOutOfBoundsException': 40> (0x00000000d8f4d2c8) thrown at [C:\wsjdk\Corretto8Src\installers\windows\zip\corretto-build\buildRoot\src\hotspot\src\share\vm\interpreter\interpreterRuntime.cpp, line 371]
Event: 0.850 Thread 0x000001a9b3a0e800 Exception <a 'java/lang/ArrayIndexOutOfBoundsException'> (0x00000000d900ce20) thrown at [C:\wsjdk\Corretto8Src\installers\windows\zip\corretto-build\buildRoot\src\hotspot\src\share\vm\runtime\sharedRuntime.cpp, line 609]
Event: 0.850 Thread 0x000001a9b3a0e800 Exception <a 'java/lang/ArrayIndexOutOfBoundsException'> (0x00000000d900daf8) thrown at [C:\wsjdk\Corretto8Src\installers\windows\zip\corretto-build\buildRoot\src\hotspot\src\share\vm\runtime\sharedRuntime.cpp, line 609]

Events (10 events):
Event: 0.893 Thread 0x000001a9b3a0e800 DEOPT PACKING pc=0x000001a9b55ad147 sp=0x00000042bb8f8fc0
Event: 0.893 Thread 0x000001a9b3a0e800 DEOPT UNPACKING pc=0x000001a9b54d71d8 sp=0x00000042bb8f8cf0 mode 0
Event: 0.895 loading class org/gradle/internal/event/BroadcastDispatch
Event: 0.895 loading class org/gradle/internal/event/BroadcastDispatch done
Event: 0.897 loading class org/gradle/internal/event/AbstractBroadcastDispatch
Event: 0.897 loading class org/gradle/internal/event/AbstractBroadcastDispatch done
Event: 0.899 loading class org/gradle/internal/event/ListenerNotificationException
Event: 0.899 loading class org/gradle/internal/event/ListenerNotificationException done
Event: 0.900 loading class org/gradle/internal/exceptions/DefaultMultiCauseException
Event: 0.900 loading class org/gradle/internal/exceptions/DefaultMultiCauseException done


Dynamic libraries:
0x00007ff61f1d0000 - 0x00007ff61f20a000 	C:\Users\Никита\.jdks\corretto-1.8.0_282\bin\java.exe
0x00007ffb363e0000 - 0x00007ffb365d0000 	C:\WINDOWS\SYSTEM32\ntdll.dll
0x00007ffb35230000 - 0x00007ffb352e2000 	C:\WINDOWS\System32\KERNEL32.DLL
0x00007ffb33fd0000 - 0x00007ffb34275000 	C:\WINDOWS\System32\KERNELBASE.dll
0x00007ffb358c0000 - 0x00007ffb35963000 	C:\WINDOWS\System32\ADVAPI32.dll
0x00007ffb34500000 - 0x00007ffb3459e000 	C:\WINDOWS\System32\msvcrt.dll
0x00007ffb35430000 - 0x00007ffb354c7000 	C:\WINDOWS\System32\sechost.dll
0x00007ffb34ef0000 - 0x00007ffb3500f000 	C:\WINDOWS\System32\RPCRT4.dll
0x00007ffb345b0000 - 0x00007ffb34744000 	C:\WINDOWS\System32\USER32.dll
0x00007ffb33dd0000 - 0x00007ffb33df1000 	C:\WINDOWS\System32\win32u.dll
0x00007ffb354d0000 - 0x00007ffb354f6000 	C:\WINDOWS\System32\GDI32.dll
0x00007ffb33e00000 - 0x00007ffb33f98000 	C:\WINDOWS\System32\gdi32full.dll
0x00007ffb343f0000 - 0x00007ffb3448e000 	C:\WINDOWS\System32\msvcp_win.dll
0x00007ffb33360000 - 0x00007ffb3345a000 	C:\WINDOWS\System32\ucrtbase.dll
0x00007ffb26dc0000 - 0x00007ffb27044000 	C:\WINDOWS\WinSxS\amd64_microsoft.windows.common-controls_6595b64144ccf1df_6.0.18362.1316_none_9e7a364fe461dbd7\COMCTL32.dll
0x00007ffb36060000 - 0x00007ffb36397000 	C:\WINDOWS\System32\combase.dll
0x00007ffb33460000 - 0x00007ffb334e1000 	C:\WINDOWS\System32\bcryptPrimitives.dll
0x00007ffb34c40000 - 0x00007ffb34c6e000 	C:\WINDOWS\System32\IMM32.DLL
0x00007ffb10d20000 - 0x00007ffb10e0f000 	C:\Users\Никита\.jdks\corretto-1.8.0_282\jre\bin\msvcr120.dll
0x00007ffb1db90000 - 0x00007ffb1dc36000 	C:\Users\Никита\.jdks\corretto-1.8.0_282\jre\bin\msvcp120.dll
0x0000000070570000 - 0x0000000070ddf000 	C:\Users\Никита\.jdks\corretto-1.8.0_282\jre\bin\server\jvm.dll
0x00007ffb35010000 - 0x00007ffb35018000 	C:\WINDOWS\System32\PSAPI.DLL
0x00007ffb2cd60000 - 0x00007ffb2cd6a000 	C:\WINDOWS\SYSTEM32\VERSION.dll
0x00007ffb25610000 - 0x00007ffb25619000 	C:\WINDOWS\SYSTEM32\WSOCK32.dll
0x00007ffb2fe60000 - 0x00007ffb2fe84000 	C:\WINDOWS\SYSTEM32\WINMM.dll
0x00007ffb34490000 - 0x00007ffb344ff000 	C:\WINDOWS\System32\WS2_32.dll
0x00007ffb2fe30000 - 0x00007ffb2fe5d000 	C:\WINDOWS\SYSTEM32\winmmbase.dll
0x00007ffb33d80000 - 0x00007ffb33dca000 	C:\WINDOWS\System32\cfgmgr32.dll
0x00007ffb2fcb0000 - 0x00007ffb2fcbf000 	C:\Users\Никита\.jdks\corretto-1.8.0_282\jre\bin\verify.dll
0x00007ffb22ca0000 - 0x00007ffb22cc9000 	C:\Users\Никита\.jdks\corretto-1.8.0_282\jre\bin\java.dll
0x00007ffb205e0000 - 0x00007ffb2060a000 	C:\Users\Никита\.jdks\corretto-1.8.0_282\jre\bin\instrument.dll
0x00007ffb28770000 - 0x00007ffb28786000 	C:\Users\Никита\.jdks\corretto-1.8.0_282\jre\bin\zip.dll
0x00007ffb35970000 - 0x00007ffb36058000 	C:\WINDOWS\System32\SHELL32.dll
0x00007ffb35020000 - 0x00007ffb350c7000 	C:\WINDOWS\System32\shcore.dll
0x00007ffb334f0000 - 0x00007ffb33c6b000 	C:\WINDOWS\System32\windows.storage.dll
0x00007ffb332c0000 - 0x00007ffb332e3000 	C:\WINDOWS\System32\profapi.dll
0x00007ffb332f0000 - 0x00007ffb3333a000 	C:\WINDOWS\System32\powrprof.dll
0x00007ffb33290000 - 0x00007ffb332a0000 	C:\WINDOWS\System32\UMPDC.dll
0x00007ffb34d20000 - 0x00007ffb34d72000 	C:\WINDOWS\System32\shlwapi.dll
0x00007ffb33340000 - 0x00007ffb33351000 	C:\WINDOWS\System32\kernel.appcore.dll
0x00007ffb343d0000 - 0x00007ffb343e7000 	C:\WINDOWS\System32\cryptsp.dll
0x00007ffb21170000 - 0x00007ffb2118a000 	C:\Users\Никита\.jdks\corretto-1.8.0_282\jre\bin\net.dll
0x00007ffb32ad0000 - 0x00007ffb32b37000 	C:\WINDOWS\system32\mswsock.dll
0x00007ffb13f90000 - 0x00007ffb13fa6000 	C:\WINDOWS\system32\napinsp.dll
0x00007ffb13fb0000 - 0x00007ffb13fca000 	C:\WINDOWS\system32\pnrpnsp.dll
0x00007ffb32820000 - 0x00007ffb328eb000 	C:\WINDOWS\SYSTEM32\DNSAPI.dll
0x00007ffb345a0000 - 0x00007ffb345a8000 	C:\WINDOWS\System32\NSI.dll
0x00007ffb327e0000 - 0x00007ffb3281a000 	C:\WINDOWS\SYSTEM32\IPHLPAPI.DLL
0x00007ffb217d0000 - 0x00007ffb217de000 	C:\WINDOWS\System32\winrnr.dll
0x00007ffb2fc80000 - 0x00007ffb2fc9c000 	C:\WINDOWS\system32\NLAapi.dll
0x00007ffb198f0000 - 0x00007ffb19905000 	C:\WINDOWS\system32\wshbth.dll
0x00007ffb27740000 - 0x00007ffb2774a000 	C:\Windows\System32\rasadhlp.dll
0x00007ffb2b9f0000 - 0x00007ffb2ba67000 	C:\WINDOWS\System32\fwpuclnt.dll
0x00007ffb33fa0000 - 0x00007ffb33fc6000 	C:\WINDOWS\System32\bcrypt.dll
0x00007ffb20720000 - 0x00007ffb20732000 	C:\Users\Никита\.jdks\corretto-1.8.0_282\jre\bin\nio.dll

VM Arguments:
jvm_args: -Djava.security.manager=worker.org.gradle.process.internal.worker.child.BootstrapSecurityManager -Dorg.gradle.native=false -javaagent:build/tmp/expandedArchives/org.jacoco.agent-0.7.6.201602180812.jar_c6e4c8f58c148113c152dc0b1072a756/jacocoagent.jar=destfile=build/jacoco/test.exec,append=true,inclnolocationclasses=false,dumponexit=true,output=file,jmx=false -Dfile.encoding=windows-1251 -Duser.country=RU -Duser.language=ru -Duser.variant -ea 
java_command: worker.org.gradle.process.internal.worker.GradleWorkerMain 'Gradle Test Executor 4'
java_class_path (initial): C:\Users\Никита\.gradle\caches\4.3.1\workerMain\gradle-worker.jar;build/tmp/expandedArchives/org.jacoco.agent-0.7.6.201602180812.jar_c6e4c8f58c148113c152dc0b1072a756/jacocoagent.jar
Launcher Type: SUN_STANDARD

Environment Variables:
JAVA_HOME=C:\Program Files\Java\jdk-15.0.1
PATH=C:\Program Files\Common Files\Oracle\Java\javapath;C:\Program Files (x86)\NVIDIA Corporation\PhysX\Common;C:\Program Files (x86)\AMD APP\bin\x86_64;C:\Program Files (x86)\AMD APP\bin\x86;C:\WINDOWS\system32;C:\WINDOWS;C:\WINDOWS\System32\Wbem;C:\WINDOWS\System32\WindowsPowerShell\v1.0\;C:\Program Files (x86)\ATI Technologies\ATI.ACE\Core-Static;C:\Program Files (x86)\Common Files\Adobe\AGL;C:\WINDOWS\System32\OpenSSH\;C:\Program Files\Java\jdk-15.0.1\bin;C:\Program Files\Git\cmd;C:\Users\Никита\AppData\Local\Microsoft\WindowsApps;;C:\Program Files\JetBrains\PyCharm 2020.2.3\bin;;C:\Program Files\JetBrains\IntelliJ IDEA Community Edition 2020.3\bin;;C:\Program Files\JetBrains\PyCharm Community Edition 2020.3.2\bin;
USERNAME=Никита
OS=Windows_NT
PROCESSOR_IDENTIFIER=AMD64 Family 21 Model 16 Stepping 1, AuthenticAMD



---------------  S Y S T E M  ---------------

OS: Windows 10.0 , 64 bit Build 18362 (10.0.18362.1316)

CPU:total 4 (initial active 4) (4 cores per cpu, 1 threads per core) family 21 model 16 stepping 1, cmov, cx8, fxsr, mmx, sse, sse2, sse3, ssse3, sse4.1, sse4.2, popcnt, avx, aes, clmul, mmxext, 3dnowpref, lzcnt, sse4a, tsc, tscinvbit, tscinv, bmi1

Memory: 4k page, physical 7805192k(1012892k free), swap 7805192k(3060k free)

vm_info: OpenJDK 64-Bit Server VM (25.282-b08) for windows-amd64 JRE (1.8.0_282-b08), built on Jan 14 2021 22:12:08 by "Administrator" with MS VC++ 12.0 (VS2013)

time: Thu Apr 29 16:11:06 2021
timezone: RTZ 2 (ceia)
elapsed time: 1.081905 seconds (0d 0h 0m 1s)

