#
# There is insufficient memory for the Java Runtime Environment to continue.
# Native memory allocation (malloc) failed to allocate 982480 bytes for Chunk::new
# Possible reasons:
#   The system is out of physical RAM or swap space
#   The process is running with CompressedOops enabled, and the Java Heap may be blocking the growth of the native heap
# Possible solutions:
#   Reduce memory load on the system
#   Increase physical memory or swap space
#   Check if swap backing store is full
#   Decrease Java heap size (-Xmx/-Xms)
#   Decrease number of Java threads
#   Decrease Java thread stack sizes (-Xss)
#   Set larger code cache with -XX:ReservedCodeCacheSize=
#   JVM is running with Unscaled Compressed Oops mode in which the Java heap is
#     placed in the first 4GB address space. The Java Heap base address is the
#     maximum limit for the native heap growth. Please use -XX:HeapBaseMinAddress
#     to set the Java Heap base and to place the Java Heap above 4GB virtual address.
# This output file may be truncated or incomplete.
#
#  Out of Memory Error (allocation.cpp:389), pid=6764, tid=0x0000000000002154
#
# JRE version: OpenJDK Runtime Environment (8.0_282-b08) (build 1.8.0_282-b08)
# Java VM: OpenJDK 64-Bit Server VM (25.282-b08 mixed mode windows-amd64 compressed oops)
# Failed to write core dump. Minidumps are not enabled by default on client versions of Windows
#

---------------  T H R E A D  ---------------

Current thread (0x000001aeda280800):  JavaThread "C2 CompilerThread0" daemon [_thread_in_native, id=8532, stack(0x0000009905300000,0x0000009905400000)]

Stack: [0x0000009905300000,0x0000009905400000]
[error occurred during error reporting (printing stack bounds), id 0xc0000005]

Native frames: (J=compiled Java code, j=interpreted, Vv=VM code, C=native code)


Current CompileTask:
C2:   3839 1266       4       org.jacoco.agent.rt.internal_14f7ee5.asm.ClassReader::readMethod (1111 bytes)


---------------  P R O C E S S  ---------------

Java Threads: ( => current thread )
  0x000001aeda19f800 JavaThread "/127.0.0.1:54666 to /127.0.0.1:54664 workers Thread 3" [_thread_in_native, id=12028, stack(0x0000009905b00000,0x0000009905c00000)]
  0x000001aeda1a4000 JavaThread "/127.0.0.1:54666 to /127.0.0.1:54664 workers Thread 2" [_thread_blocked, id=2760, stack(0x0000009905a00000,0x0000009905b00000)]
  0x000001aeda1a3000 JavaThread "Test worker" [_thread_in_Java, id=5720, stack(0x0000009905900000,0x0000009905a00000)]
  0x000001aeda25c800 JavaThread "Service Thread" daemon [_thread_blocked, id=9016, stack(0x0000009905600000,0x0000009905700000)]
  0x000001aeda1a1800 JavaThread "C1 CompilerThread2" daemon [_thread_blocked, id=5488, stack(0x0000009905500000,0x0000009905600000)]
  0x000001aeda15f800 JavaThread "C2 CompilerThread1" daemon [_thread_in_native, id=10204, stack(0x0000009905400000,0x0000009905500000)]
=>0x000001aeda280800 JavaThread "C2 CompilerThread0" daemon [_thread_in_native, id=8532, stack(0x0000009905300000,0x0000009905400000)]
  0x000001aed9519000 JavaThread "JDWP Command Reader" daemon [_thread_in_native, id=3228, stack(0x0000009905200000,0x0000009905300000)]
  0x000001aed9515800 JavaThread "JDWP Event Helper Thread" daemon [_thread_blocked, id=6316, stack(0x0000009905100000,0x0000009905200000)]
  0x000001aed94dd800 JavaThread "JDWP Transport Listener: dt_socket" daemon [_thread_blocked, id=12160, stack(0x0000009905000000,0x0000009905100000)]
  0x000001aed94c6800 JavaThread "Attach Listener" daemon [_thread_blocked, id=5728, stack(0x0000009904f00000,0x0000009905000000)]
  0x000001aed94c5800 JavaThread "Signal Dispatcher" daemon [_thread_blocked, id=3356, stack(0x0000009904e00000,0x0000009904f00000)]
  0x000001aed9423000 JavaThread "Finalizer" daemon [_thread_blocked, id=12884, stack(0x0000009904d00000,0x0000009904e00000)]
  0x000001aed941a800 JavaThread "Reference Handler" daemon [_thread_blocked, id=5836, stack(0x0000009904c00000,0x0000009904d00000)]
  0x000001aec30b1800 JavaThread "main" [_thread_blocked, id=7712, stack(0x0000009904600000,0x0000009904700000)]

Other Threads:
  0x000001aed93f3800 VMThread [stack: 0x0000009904b00000,0x0000009904c00000] [id=11148]
  0x000001aeda25d800 WatcherThread [stack: 0x0000009905700000,0x0000009905800000] [id=12372]

VM state:not at safepoint (normal execution)

VM Mutex/Monitor currently owned by a thread: None

heap address: 0x0000000088e00000, size: 1906 MB, Compressed Oops mode: 32-bit
Narrow klass base: 0x0000000000000000, Narrow klass shift: 3
Compressed class space size: 1073741824 Address: 0x0000000100000000

Heap:
 PSYoungGen      total 35840K, used 28294K [0x00000000d8500000, 0x00000000dad00000, 0x0000000100000000)
  eden space 30720K, 80% used [0x00000000d8500000,0x00000000d9d20f00,0x00000000da300000)
  from space 5120K, 70% used [0x00000000da800000,0x00000000dab80bb8,0x00000000dad00000)
  to   space 5120K, 0% used [0x00000000da300000,0x00000000da300000,0x00000000da800000)
 ParOldGen       total 81920K, used 35K [0x0000000088e00000, 0x000000008de00000, 0x00000000d8500000)
  object space 81920K, 0% used [0x0000000088e00000,0x0000000088e08c30,0x000000008de00000)
 Metaspace       used 11880K, capacity 12140K, committed 12416K, reserved 1060864K
  class space    used 1473K, capacity 1585K, committed 1664K, reserved 1048576K

Card table byte_map: [0x000001aed3e30000,0x000001aed41f0000] byte_map_base: 0x000001aed39e9000

Marking Bits: (ParMarkBitMap*) 0x0000000070d60890
 Begin Bits: [0x000001aed4470000, 0x000001aed6238000)
 End Bits:   [0x000001aed6238000, 0x000001aed8000000)

Polling page: 0x000001aec3420000

CodeCache: size=245760Kb used=5585Kb max_used=5585Kb free=240174Kb
 bounds [0x000001aec4a70000, 0x000001aec4ff0000, 0x000001aed3a70000]
 total_blobs=1615 nmethods=1277 adapters=259
 compilation: enabled

Compilation events (10 events):
Event: 3.704 Thread 0x000001aeda1a1800 1285       3       org.jacoco.agent.rt.internal_14f7ee5.asm.Type::<init> (26 bytes)
Event: 3.704 Thread 0x000001aeda1a1800 nmethod 1285 0x000001aec4fe3b10 code [0x000001aec4fe3c60, 0x000001aec4fe3e38]
Event: 3.704 Thread 0x000001aeda1a1800 1286       3       org.jacoco.agent.rt.internal_14f7ee5.asm.Type::getArgumentTypes (131 bytes)
Event: 3.705 Thread 0x000001aeda1a1800 nmethod 1286 0x000001aec4fe3f10 code [0x000001aec4fe40e0, 0x000001aec4fe49e0]
Event: 3.705 Thread 0x000001aeda1a1800 1287       3       org.jacoco.agent.rt.internal_14f7ee5.asm.Type::getType (269 bytes)
Event: 3.706 Thread 0x000001aeda1a1800 nmethod 1287 0x000001aec4fe4dd0 code [0x000001aec4fe4fc0, 0x000001aec4fe58b8]
Event: 3.806 Thread 0x000001aeda1a1800 1289       3       org.jacoco.agent.rt.internal_14f7ee5.asm.AnnotationWriter::<init> (34 bytes)
Event: 3.806 Thread 0x000001aeda1a1800 nmethod 1289 0x000001aec4fe5cd0 code [0x000001aec4fe5e40, 0x000001aec4fe60d0]
Event: 3.826 Thread 0x000001aeda1a1800 1291       3       org.jacoco.agent.rt.internal_14f7ee5.asm.Type::toString (5 bytes)
Event: 3.827 Thread 0x000001aeda1a1800 nmethod 1291 0x000001aec4fe61d0 code [0x000001aec4fe6360, 0x000001aec4fe6820]

GC Heap History (4 events):
Event: 1.657 GC heap before
{Heap before GC invocations=1 (full 0):
 PSYoungGen      total 35840K, used 30720K [0x00000000d8500000, 0x00000000dad00000, 0x0000000100000000)
  eden space 30720K, 100% used [0x00000000d8500000,0x00000000da300000,0x00000000da300000)
  from space 5120K, 0% used [0x00000000da800000,0x00000000da800000,0x00000000dad00000)
  to   space 5120K, 0% used [0x00000000da300000,0x00000000da300000,0x00000000da800000)
 ParOldGen       total 81920K, used 0K [0x0000000088e00000, 0x000000008de00000, 0x00000000d8500000)
  object space 81920K, 0% used [0x0000000088e00000,0x0000000088e00000,0x000000008de00000)
 Metaspace       used 8221K, capacity 8444K, committed 8576K, reserved 1056768K
  class space    used 947K, capacity 1038K, committed 1152K, reserved 1048576K
Event: 1.666 GC heap after
Heap after GC invocations=1 (full 0):
 PSYoungGen      total 35840K, used 3095K [0x00000000d8500000, 0x00000000dad00000, 0x0000000100000000)
  eden space 30720K, 0% used [0x00000000d8500000,0x00000000d8500000,0x00000000da300000)
  from space 5120K, 60% used [0x00000000da300000,0x00000000da605e90,0x00000000da800000)
  to   space 5120K, 0% used [0x00000000da800000,0x00000000da800000,0x00000000dad00000)
 ParOldGen       total 81920K, used 27K [0x0000000088e00000, 0x000000008de00000, 0x00000000d8500000)
  object space 81920K, 0% used [0x0000000088e00000,0x0000000088e06c30,0x000000008de00000)
 Metaspace       used 8221K, capacity 8444K, committed 8576K, reserved 1056768K
  class space    used 947K, capacity 1038K, committed 1152K, reserved 1048576K
}
Event: 3.232 GC heap before
{Heap before GC invocations=2 (full 0):
 PSYoungGen      total 35840K, used 33815K [0x00000000d8500000, 0x00000000dad00000, 0x0000000100000000)
  eden space 30720K, 100% used [0x00000000d8500000,0x00000000da300000,0x00000000da300000)
  from space 5120K, 60% used [0x00000000da300000,0x00000000da605e90,0x00000000da800000)
  to   space 5120K, 0% used [0x00000000da800000,0x00000000da800000,0x00000000dad00000)
 ParOldGen       total 81920K, used 27K [0x0000000088e00000, 0x000000008de00000, 0x00000000d8500000)
  object space 81920K, 0% used [0x0000000088e00000,0x0000000088e06c30,0x000000008de00000)
 Metaspace       used 10698K, capacity 10956K, committed 11136K, reserved 1058816K
  class space    used 1265K, capacity 1361K, committed 1408K, reserved 1048576K
Event: 3.243 GC heap after
Heap after GC invocations=2 (full 0):
 PSYoungGen      total 35840K, used 3586K [0x00000000d8500000, 0x00000000dad00000, 0x0000000100000000)
  eden space 30720K, 0% used [0x00000000d8500000,0x00000000d8500000,0x00000000da300000)
  from space 5120K, 70% used [0x00000000da800000,0x00000000dab80bb8,0x00000000dad00000)
  to   space 5120K, 0% used [0x00000000da300000,0x00000000da300000,0x00000000da800000)
 ParOldGen       total 81920K, used 35K [0x0000000088e00000, 0x000000008de00000, 0x00000000d8500000)
  object space 81920K, 0% used [0x0000000088e00000,0x0000000088e08c30,0x000000008de00000)
 Metaspace       used 10698K, capacity 10956K, committed 11136K, reserved 1058816K
  class space    used 1265K, capacity 1361K, committed 1408K, reserved 1048576K
}

Deoptimization events (10 events):
Event: 2.989 Thread 0x000001aeda1a3000 Uncommon trap: reason=class_check action=maybe_recompile pc=0x000001aec4ea9020 method=java.util.regex.Matcher.match(II)Z @ 86
Event: 2.989 Thread 0x000001aeda1a3000 Uncommon trap: reason=class_check action=maybe_recompile pc=0x000001aec4ea9020 method=java.util.regex.Matcher.match(II)Z @ 86
Event: 2.989 Thread 0x000001aeda1a3000 Uncommon trap: reason=class_check action=maybe_recompile pc=0x000001aec4ea9020 method=java.util.regex.Matcher.match(II)Z @ 86
Event: 3.018 Thread 0x000001aeda1a3000 Uncommon trap: reason=bimorphic action=maybe_recompile pc=0x000001aec4f9d4a4 method=java.util.regex.Pattern$CharProperty.match(Ljava/util/regex/Matcher;ILjava/lang/CharSequence;)Z @ 18
Event: 3.018 Thread 0x000001aeda1a3000 Uncommon trap: reason=bimorphic action=maybe_recompile pc=0x000001aec4f9d4a4 method=java.util.regex.Pattern$CharProperty.match(Ljava/util/regex/Matcher;ILjava/lang/CharSequence;)Z @ 18
Event: 3.018 Thread 0x000001aeda1a3000 Uncommon trap: reason=bimorphic action=maybe_recompile pc=0x000001aec4f9d4a4 method=java.util.regex.Pattern$CharProperty.match(Ljava/util/regex/Matcher;ILjava/lang/CharSequence;)Z @ 18
Event: 3.018 Thread 0x000001aeda1a3000 Uncommon trap: reason=bimorphic action=maybe_recompile pc=0x000001aec4f9d4a4 method=java.util.regex.Pattern$CharProperty.match(Ljava/util/regex/Matcher;ILjava/lang/CharSequence;)Z @ 18
Event: 3.163 Thread 0x000001aeda1a3000 Uncommon trap: reason=unstable_if action=reinterpret pc=0x000001aec4c5e320 method=org.jacoco.agent.rt.internal_14f7ee5.asm.Item.isEqualTo(Lorg/jacoco/agent/rt/internal_14f7ee5/asm/Item;)Z @ 345
Event: 3.702 Thread 0x000001aeda1a3000 Uncommon trap: reason=unstable_if action=reinterpret pc=0x000001aec4c7de94 method=org.jacoco.agent.rt.internal_14f7ee5.asm.Type.getType([CI)Lorg/jacoco/agent/rt/internal_14f7ee5/asm/Type; @ 165
Event: 3.702 Thread 0x000001aeda1a3000 Uncommon trap: reason=unstable_if action=reinterpret pc=0x000001aec4c76b68 method=org.jacoco.agent.rt.internal_14f7ee5.asm.Type.getType([CI)Lorg/jacoco/agent/rt/internal_14f7ee5/asm/Type; @ 165

Classes redefined (0 events):
No events

Internal exceptions (10 events):
Event: 0.983 Thread 0x000001aec30b1800 Exception <a 'java/security/PrivilegedActionException'> (0x00000000d950d640) thrown at [C:\wsjdk\Corretto8Src\installers\windows\zip\corretto-build\buildRoot\src\hotspot\src\share\vm\prims\jvm.cpp, line 1522]
Event: 0.984 Thread 0x000001aec30b1800 Exception <a 'java/security/PrivilegedActionException'> (0x00000000d95133d8) thrown at [C:\wsjdk\Corretto8Src\installers\windows\zip\corretto-build\buildRoot\src\hotspot\src\share\vm\prims\jvm.cpp, line 1522]
Event: 0.984 Thread 0x000001aec30b1800 Exception <a 'java/security/PrivilegedActionException'> (0x00000000d95135e8) thrown at [C:\wsjdk\Corretto8Src\installers\windows\zip\corretto-build\buildRoot\src\hotspot\src\share\vm\prims\jvm.cpp, line 1522]
Event: 1.181 Thread 0x000001aec30b1800 Exception <a 'java/lang/NoSuchFieldError': method resolution failed> (0x00000000d993f5e0) thrown at [C:\wsjdk\Corretto8Src\installers\windows\zip\corretto-build\buildRoot\src\hotspot\src\share\vm\prims\methodHandles.cpp, line 1169]
Event: 1.185 Thread 0x000001aec30b1800 Exception <a 'java/lang/NoSuchFieldError': method resolution failed> (0x00000000d994cdf0) thrown at [C:\wsjdk\Corretto8Src\installers\windows\zip\corretto-build\buildRoot\src\hotspot\src\share\vm\prims\methodHandles.cpp, line 1169]
Event: 1.320 Thread 0x000001aec30b1800 Exception <a 'java/lang/NoSuchMethodError': <clinit>> (0x00000000d9bbd770) thrown at [C:\wsjdk\Corretto8Src\installers\windows\zip\corretto-build\buildRoot\src\hotspot\src\share\vm\prims\jni.cpp, line 1616]
Event: 1.323 Thread 0x000001aec30b1800 Exception <a 'java/lang/NoSuchMethodError': <clinit>> (0x00000000d9bc7f90) thrown at [C:\wsjdk\Corretto8Src\installers\windows\zip\corretto-build\buildRoot\src\hotspot\src\share\vm\prims\jni.cpp, line 1616]
Event: 1.677 Thread 0x000001aec30b1800 Exception <a 'java/lang/ArrayIndexOutOfBoundsException'> (0x00000000d8517c80) thrown at [C:\wsjdk\Corretto8Src\installers\windows\zip\corretto-build\buildRoot\src\hotspot\src\share\vm\runtime\sharedRuntime.cpp, line 609]
Event: 1.677 Thread 0x000001aec30b1800 Exception <a 'java/lang/ArrayIndexOutOfBoundsException'> (0x00000000d8518ad8) thrown at [C:\wsjdk\Corretto8Src\installers\windows\zip\corretto-build\buildRoot\src\hotspot\src\share\vm\runtime\sharedRuntime.cpp, line 609]
Event: 2.976 Thread 0x000001aeda1a3000 Implicit null exception at 0x000001aec4e70a99 to 0x000001aec4e70f4d

Events (10 events):
Event: 3.828 Thread 0x000001aeda1a3000 DEOPT PACKING pc=0x000001aec4bf755c sp=0x00000099059f8750
Event: 3.828 Thread 0x000001aeda1a3000 DEOPT UNPACKING pc=0x000001aec4ab71d8 sp=0x00000099059f8570 mode 1
Event: 3.833 loading class net/bytebuddy/description/method/MethodList$Explicit
Event: 3.833 loading class net/bytebuddy/description/method/MethodList$Explicit done
Event: 3.833 Thread 0x000001aeda1a3000 DEOPT PACKING pc=0x000001aec4cc8cc1 sp=0x00000099059f99c0
Event: 3.833 Thread 0x000001aeda1a3000 DEOPT UNPACKING pc=0x000001aec4ab71d8 sp=0x00000099059f9710 mode 1
Event: 3.833 Thread 0x000001aeda1a3000 DEOPT PACKING pc=0x000001aec4bf77cc sp=0x00000099059f9a40
Event: 3.833 Thread 0x000001aeda1a3000 DEOPT UNPACKING pc=0x000001aec4ab71d8 sp=0x00000099059f9860 mode 1
Event: 3.833 Thread 0x000001aeda1a3000 DEOPT PACKING pc=0x000001aec4bf755c sp=0x00000099059f9bd0
Event: 3.833 Thread 0x000001aeda1a3000 DEOPT UNPACKING pc=0x000001aec4ab71d8 sp=0x00000099059f99f0 mode 1


Dynamic libraries:
0x00007ff61f1d0000 - 0x00007ff61f20a000 	C:\Users\Никита\.jdks\corretto-1.8.0_282\bin\java.exe
0x00007ffb363e0000 - 0x00007ffb365d0000 	C:\WINDOWS\SYSTEM32\ntdll.dll
0x00007ffb35230000 - 0x00007ffb352e2000 	C:\WINDOWS\System32\KERNEL32.DLL
0x00007ffb33fd0000 - 0x00007ffb34275000 	C:\WINDOWS\System32\KERNELBASE.dll
0x00007ffb358c0000 - 0x00007ffb35963000 	C:\WINDOWS\System32\ADVAPI32.dll
0x00007ffb34500000 - 0x00007ffb3459e000 	C:\WINDOWS\System32\msvcrt.dll
0x00007ffb35430000 - 0x00007ffb354c7000 	C:\WINDOWS\System32\sechost.dll
0x00007ffb34ef0000 - 0x00007ffb3500f000 	C:\WINDOWS\System32\RPCRT4.dll
0x00007ffb345b0000 - 0x00007ffb34744000 	C:\WINDOWS\System32\USER32.dll
0x00007ffb33dd0000 - 0x00007ffb33df1000 	C:\WINDOWS\System32\win32u.dll
0x00007ffb354d0000 - 0x00007ffb354f6000 	C:\WINDOWS\System32\GDI32.dll
0x00007ffb33e00000 - 0x00007ffb33f98000 	C:\WINDOWS\System32\gdi32full.dll
0x00007ffb343f0000 - 0x00007ffb3448e000 	C:\WINDOWS\System32\msvcp_win.dll
0x00007ffb33360000 - 0x00007ffb3345a000 	C:\WINDOWS\System32\ucrtbase.dll
0x00007ffb26dc0000 - 0x00007ffb27044000 	C:\WINDOWS\WinSxS\amd64_microsoft.windows.common-controls_6595b64144ccf1df_6.0.18362.1316_none_9e7a364fe461dbd7\COMCTL32.dll
0x00007ffb36060000 - 0x00007ffb36397000 	C:\WINDOWS\System32\combase.dll
0x00007ffb33460000 - 0x00007ffb334e1000 	C:\WINDOWS\System32\bcryptPrimitives.dll
0x00007ffb34c40000 - 0x00007ffb34c6e000 	C:\WINDOWS\System32\IMM32.DLL
0x00007ffb13c60000 - 0x00007ffb13d4f000 	C:\Users\Никита\.jdks\corretto-1.8.0_282\jre\bin\msvcr120.dll
0x00007ffb1db90000 - 0x00007ffb1dc36000 	C:\Users\Никита\.jdks\corretto-1.8.0_282\jre\bin\msvcp120.dll
0x0000000070570000 - 0x0000000070ddf000 	C:\Users\Никита\.jdks\corretto-1.8.0_282\jre\bin\server\jvm.dll
0x00007ffb35010000 - 0x00007ffb35018000 	C:\WINDOWS\System32\PSAPI.DLL
0x00007ffb25610000 - 0x00007ffb25619000 	C:\WINDOWS\SYSTEM32\WSOCK32.dll
0x00007ffb2cd60000 - 0x00007ffb2cd6a000 	C:\WINDOWS\SYSTEM32\VERSION.dll
0x00007ffb2fe60000 - 0x00007ffb2fe84000 	C:\WINDOWS\SYSTEM32\WINMM.dll
0x00007ffb34490000 - 0x00007ffb344ff000 	C:\WINDOWS\System32\WS2_32.dll
0x00007ffb2fe30000 - 0x00007ffb2fe5d000 	C:\WINDOWS\SYSTEM32\winmmbase.dll
0x00007ffb33d80000 - 0x00007ffb33dca000 	C:\WINDOWS\System32\cfgmgr32.dll
0x00007ffb2fcd0000 - 0x00007ffb2fcdf000 	C:\Users\Никита\.jdks\corretto-1.8.0_282\jre\bin\verify.dll
0x00007ffb22ca0000 - 0x00007ffb22cc9000 	C:\Users\Никита\.jdks\corretto-1.8.0_282\jre\bin\java.dll
0x00007ffb205e0000 - 0x00007ffb20615000 	C:\Users\Никита\.jdks\corretto-1.8.0_282\jre\bin\jdwp.dll
0x00007ffb22bb0000 - 0x00007ffb22bb8000 	C:\Users\Никита\.jdks\corretto-1.8.0_282\jre\bin\npt.dll
0x00007ffb20400000 - 0x00007ffb2042a000 	C:\Users\Никита\.jdks\corretto-1.8.0_282\jre\bin\instrument.dll
0x00007ffb2fca0000 - 0x00007ffb2fcb6000 	C:\Users\Никита\.jdks\corretto-1.8.0_282\jre\bin\zip.dll
0x00007ffb35970000 - 0x00007ffb36058000 	C:\WINDOWS\System32\SHELL32.dll
0x00007ffb35020000 - 0x00007ffb350c7000 	C:\WINDOWS\System32\shcore.dll
0x00007ffb334f0000 - 0x00007ffb33c6b000 	C:\WINDOWS\System32\windows.storage.dll
0x00007ffb332c0000 - 0x00007ffb332e3000 	C:\WINDOWS\System32\profapi.dll
0x00007ffb332f0000 - 0x00007ffb3333a000 	C:\WINDOWS\System32\powrprof.dll
0x00007ffb33290000 - 0x00007ffb332a0000 	C:\WINDOWS\System32\UMPDC.dll
0x00007ffb34d20000 - 0x00007ffb34d72000 	C:\WINDOWS\System32\shlwapi.dll
0x00007ffb33340000 - 0x00007ffb33351000 	C:\WINDOWS\System32\kernel.appcore.dll
0x00007ffb343d0000 - 0x00007ffb343e7000 	C:\WINDOWS\System32\cryptsp.dll
0x00007ffb21840000 - 0x00007ffb2184b000 	C:\Program Files\Java\jdk-15.0.1\bin\dt_socket.dll
0x00007ffb327e0000 - 0x00007ffb3281a000 	C:\WINDOWS\SYSTEM32\IPHLPAPI.DLL
0x00007ffb26580000 - 0x00007ffb26596000 	C:\WINDOWS\SYSTEM32\VCRUNTIME140.dll
0x00007ffb32ad0000 - 0x00007ffb32b37000 	C:\WINDOWS\system32\mswsock.dll
0x00007ffb28770000 - 0x00007ffb2878a000 	C:\Users\Никита\.jdks\corretto-1.8.0_282\jre\bin\net.dll
0x00007ffb13f90000 - 0x00007ffb13fa6000 	C:\WINDOWS\system32\napinsp.dll
0x00007ffb13fb0000 - 0x00007ffb13fca000 	C:\WINDOWS\system32\pnrpnsp.dll
0x00007ffb32820000 - 0x00007ffb328eb000 	C:\WINDOWS\SYSTEM32\DNSAPI.dll
0x00007ffb345a0000 - 0x00007ffb345a8000 	C:\WINDOWS\System32\NSI.dll
0x00007ffb217d0000 - 0x00007ffb217de000 	C:\WINDOWS\System32\winrnr.dll
0x00007ffb2fc80000 - 0x00007ffb2fc9c000 	C:\WINDOWS\system32\NLAapi.dll
0x00007ffb198f0000 - 0x00007ffb19905000 	C:\WINDOWS\system32\wshbth.dll
0x00007ffb27740000 - 0x00007ffb2774a000 	C:\Windows\System32\rasadhlp.dll
0x00007ffb2b9f0000 - 0x00007ffb2ba67000 	C:\WINDOWS\System32\fwpuclnt.dll
0x00007ffb33fa0000 - 0x00007ffb33fc6000 	C:\WINDOWS\System32\bcrypt.dll
0x00007ffb21170000 - 0x00007ffb21182000 	C:\Users\Никита\.jdks\corretto-1.8.0_282\jre\bin\nio.dll
0x00007ffb32650000 - 0x00007ffb32683000 	C:\WINDOWS\system32\rsaenh.dll
0x00007ffb33170000 - 0x00007ffb33195000 	C:\WINDOWS\SYSTEM32\USERENV.dll
0x00007ffb32ca0000 - 0x00007ffb32cac000 	C:\WINDOWS\SYSTEM32\CRYPTBASE.dll
0x00007ffb2bad0000 - 0x00007ffb2bae6000 	C:\WINDOWS\SYSTEM32\dhcpcsvc6.DLL
0x00007ffb2bd10000 - 0x00007ffb2bd2c000 	C:\WINDOWS\SYSTEM32\dhcpcsvc.DLL

VM Arguments:
jvm_args: -Djava.security.manager=worker.org.gradle.process.internal.worker.child.BootstrapSecurityManager -Dorg.gradle.native=false -agentlib:jdwp=transport=dt_socket,server=n,suspend=y,address=54662 -javaagent:build/tmp/expandedArchives/org.jacoco.agent-0.7.6.201602180812.jar_c6e4c8f58c148113c152dc0b1072a756/jacocoagent.jar=destfile=build/jacoco/test.exec,append=true,inclnolocationclasses=false,dumponexit=true,output=file,jmx=false -Dfile.encoding=windows-1251 -Duser.country=RU -Duser.language=ru -Duser.variant -ea 
java_command: worker.org.gradle.process.internal.worker.GradleWorkerMain 'Gradle Test Executor 1'
java_class_path (initial): C:\Users\Никита\.gradle\caches\4.3.1\workerMain\gradle-worker.jar;build/tmp/expandedArchives/org.jacoco.agent-0.7.6.201602180812.jar_c6e4c8f58c148113c152dc0b1072a756/jacocoagent.jar
Launcher Type: SUN_STANDARD

Environment Variables:
JAVA_HOME=C:\Program Files\Java\jdk-15.0.1
PATH=C:\Program Files\Common Files\Oracle\Java\javapath;C:\Program Files (x86)\NVIDIA Corporation\PhysX\Common;C:\Program Files (x86)\AMD APP\bin\x86_64;C:\Program Files (x86)\AMD APP\bin\x86;C:\WINDOWS\system32;C:\WINDOWS;C:\WINDOWS\System32\Wbem;C:\WINDOWS\System32\WindowsPowerShell\v1.0\;C:\Program Files (x86)\ATI Technologies\ATI.ACE\Core-Static;C:\Program Files (x86)\Common Files\Adobe\AGL;C:\WINDOWS\System32\OpenSSH\;C:\Program Files\Java\jdk-15.0.1\bin;C:\Program Files\Git\cmd;C:\Users\Никита\AppData\Local\Microsoft\WindowsApps;;C:\Program Files\JetBrains\PyCharm 2020.2.3\bin;;C:\Program Files\JetBrains\IntelliJ IDEA Community Edition 2020.3\bin;;C:\Program Files\JetBrains\PyCharm Community Edition 2020.3.2\bin;
USERNAME=Никита
OS=Windows_NT
PROCESSOR_IDENTIFIER=AMD64 Family 21 Model 16 Stepping 1, AuthenticAMD



---------------  S Y S T E M  ---------------

OS: Windows 10.0 , 64 bit Build 18362 (10.0.18362.1316)

CPU:total 4 (initial active 4) (4 cores per cpu, 1 threads per core) family 21 model 16 stepping 1, cmov, cx8, fxsr, mmx, sse, sse2, sse3, ssse3, sse4.1, sse4.2, popcnt, avx, aes, clmul, mmxext, 3dnowpref, lzcnt, sse4a, tsc, tscinvbit, tscinv, bmi1

Memory: 4k page, physical 7805192k(630012k free), swap 7805192k(5840k free)

vm_info: OpenJDK 64-Bit Server VM (25.282-b08) for windows-amd64 JRE (1.8.0_282-b08), built on Jan 14 2021 22:12:08 by "Administrator" with MS VC++ 12.0 (VS2013)

time: Thu Apr 29 15:42:20 2021
timezone: RTZ 2 (ceia)
elapsed time: 3.862123 seconds (0d 0h 0m 3s)

