#
# There is insufficient memory for the Java Runtime Environment to continue.
# Native memory allocation (malloc) failed to allocate 1962928 bytes for Chunk::new
# Possible reasons:
#   The system is out of physical RAM or swap space
#   The process is running with CompressedOops enabled, and the Java Heap may be blocking the growth of the native heap
# Possible solutions:
#   Reduce memory load on the system
#   Increase physical memory or swap space
#   Check if swap backing store is full
#   Decrease Java heap size (-Xmx/-Xms)
#   Decrease number of Java threads
#   Decrease Java thread stack sizes (-Xss)
#   Set larger code cache with -XX:ReservedCodeCacheSize=
#   JVM is running with Unscaled Compressed Oops mode in which the Java heap is
#     placed in the first 4GB address space. The Java Heap base address is the
#     maximum limit for the native heap growth. Please use -XX:HeapBaseMinAddress
#     to set the Java Heap base and to place the Java Heap above 4GB virtual address.
# This output file may be truncated or incomplete.
#
#  Out of Memory Error (allocation.cpp:389), pid=4744, tid=0x0000000000002950
#
# JRE version: OpenJDK Runtime Environment (8.0_282-b08) (build 1.8.0_282-b08)
# Java VM: OpenJDK 64-Bit Server VM (25.282-b08 mixed mode windows-amd64 compressed oops)
# Failed to write core dump. Minidumps are not enabled by default on client versions of Windows
#

---------------  T H R E A D  ---------------

Current thread (0x000001d0cce43800):  JavaThread "C2 CompilerThread1" daemon [_thread_in_native, id=10576, stack(0x0000009bced00000,0x0000009bcee00000)]

Stack: [0x0000009bced00000,0x0000009bcee00000]
[error occurred during error reporting (printing stack bounds), id 0xc0000005]

Native frames: (J=compiled Java code, j=interpreted, Vv=VM code, C=native code)


Current CompileTask:
C2:   4101 1287 %     4       org.jacoco.agent.rt.internal_14f7ee5.asm.ClassReader::readCode @ 618 (3343 bytes)


---------------  P R O C E S S  ---------------

Java Threads: ( => current thread )
  0x000001d0cda40800 JavaThread "/127.0.0.1:54554 to /127.0.0.1:54553 workers Thread 3" [_thread_in_native, id=4724, stack(0x0000009bcf400000,0x0000009bcf500000)]
  0x000001d0ceea5800 JavaThread "/127.0.0.1:54554 to /127.0.0.1:54553 workers Thread 2" [_thread_blocked, id=8080, stack(0x0000009bcf300000,0x0000009bcf400000)]
  0x000001d0ce63e000 JavaThread "Test worker" [_thread_in_vm, id=4940, stack(0x0000009bcf200000,0x0000009bcf300000)]
  0x000001d0cce5c000 JavaThread "Service Thread" daemon [_thread_blocked, id=8696, stack(0x0000009bcef00000,0x0000009bcf000000)]
  0x000001d0cceb9000 JavaThread "C1 CompilerThread2" daemon [_thread_blocked, id=10000, stack(0x0000009bcee00000,0x0000009bcef00000)]
=>0x000001d0cce43800 JavaThread "C2 CompilerThread1" daemon [_thread_in_native, id=10576, stack(0x0000009bced00000,0x0000009bcee00000)]
  0x000001d0cbeae800 JavaThread "C2 CompilerThread0" daemon [_thread_in_native, id=13040, stack(0x0000009bcec00000,0x0000009bced00000)]
  0x000001d0cbe47800 JavaThread "Attach Listener" daemon [_thread_blocked, id=11896, stack(0x0000009bceb00000,0x0000009bcec00000)]
  0x000001d0cbe42000 JavaThread "Signal Dispatcher" daemon [_thread_blocked, id=10344, stack(0x0000009bcea00000,0x0000009bceb00000)]
  0x000001d0cbd9e000 JavaThread "Finalizer" daemon [_thread_blocked, id=3876, stack(0x0000009bce900000,0x0000009bcea00000)]
  0x000001d0cbd96000 JavaThread "Reference Handler" daemon [_thread_blocked, id=6104, stack(0x0000009bce800000,0x0000009bce900000)]
  0x000001d0b5a3b000 JavaThread "main" [_thread_blocked, id=2220, stack(0x0000009bce200000,0x0000009bce300000)]

Other Threads:
  0x000001d0cbd74000 VMThread [stack: 0x0000009bce700000,0x0000009bce800000] [id=8552]
  0x000001d0cce5d000 WatcherThread [stack: 0x0000009bcf000000,0x0000009bcf100000] [id=6972]

VM state:not at safepoint (normal execution)

VM Mutex/Monitor currently owned by a thread: None

heap address: 0x0000000088e00000, size: 1906 MB, Compressed Oops mode: 32-bit
Narrow klass base: 0x0000000000000000, Narrow klass shift: 3
Compressed class space size: 1073741824 Address: 0x0000000100000000

Heap:
 PSYoungGen      total 35840K, used 7484K [0x00000000d8500000, 0x00000000dad00000, 0x0000000100000000)
  eden space 30720K, 11% used [0x00000000d8500000,0x00000000d8874ba8,0x00000000da300000)
  from space 5120K, 77% used [0x00000000da800000,0x00000000dabda728,0x00000000dad00000)
  to   space 5120K, 0% used [0x00000000da300000,0x00000000da300000,0x00000000da800000)
 ParOldGen       total 81920K, used 59K [0x0000000088e00000, 0x000000008de00000, 0x00000000d8500000)
  object space 81920K, 0% used [0x0000000088e00000,0x0000000088e0ec30,0x000000008de00000)
 Metaspace       used 13748K, capacity 13978K, committed 14208K, reserved 1060864K
  class space    used 1809K, capacity 1916K, committed 1920K, reserved 1048576K

Card table byte_map: [0x000001d0c67e0000,0x000001d0c6ba0000] byte_map_base: 0x000001d0c6399000

Marking Bits: (ParMarkBitMap*) 0x0000000070d60890
 Begin Bits: [0x000001d0c6e20000, 0x000001d0c8be8000)
 End Bits:   [0x000001d0c8be8000, 0x000001d0ca9b0000)

Polling page: 0x000001d0b59d0000

CodeCache: size=245760Kb used=6316Kb max_used=6316Kb free=239443Kb
 bounds [0x000001d0b7420000, 0x000001d0b7a50000, 0x000001d0c6420000]
 total_blobs=1829 nmethods=1475 adapters=267
 compilation: enabled

Compilation events (10 events):
Event: 3.954 Thread 0x000001d0cceb9000 1487       3       org.jacoco.agent.rt.internal_14f7ee5.core.internal.flow.LabelFlowAnalyzer::setTargetIfNotDone (16 bytes)
Event: 3.955 Thread 0x000001d0cceb9000 nmethod 1487 0x000001d0b7a4a150 code [0x000001d0b7a4a360, 0x000001d0b7a4b120]
Event: 3.955 Thread 0x000001d0cceb9000 1488       3       org.jacoco.agent.rt.internal_14f7ee5.core.internal.flow.MethodProbesAdapter::frame (9 bytes)
Event: 3.955 Thread 0x000001d0cceb9000 nmethod 1488 0x000001d0b7a4b590 code [0x000001d0b7a4b700, 0x000001d0b7a4b890]
Event: 3.982 Thread 0x000001d0cceb9000 1490       3       net.bytebuddy.description.type.TypeDescription$AbstractBase::equals (133 bytes)
Event: 3.983 Thread 0x000001d0cceb9000 nmethod 1490 0x000001d0b7a4b910 code [0x000001d0b7a4bb40, 0x000001d0b7a4c870]
Event: 3.983 Thread 0x000001d0cceb9000 1491       3       net.bytebuddy.description.type.TypeDefinition$Sort::isNonGeneric (32 bytes)
Event: 3.983 Thread 0x000001d0cceb9000 nmethod 1491 0x000001d0b7a4ce90 code [0x000001d0b7a4d000, 0x000001d0b7a4d270]
Event: 4.078 Thread 0x000001d0cceb9000 1493       2       net.bytebuddy.description.type.TypeList$Generic$AbstractBase::<init> (13 bytes)
Event: 4.079 Thread 0x000001d0cceb9000 nmethod 1493 0x000001d0b7a4d690 code [0x000001d0b7a4d800, 0x000001d0b7a4da00]

GC Heap History (8 events):
Event: 1.356 GC heap before
{Heap before GC invocations=1 (full 0):
 PSYoungGen      total 35840K, used 30720K [0x00000000d8500000, 0x00000000dad00000, 0x0000000100000000)
  eden space 30720K, 100% used [0x00000000d8500000,0x00000000da300000,0x00000000da300000)
  from space 5120K, 0% used [0x00000000da800000,0x00000000da800000,0x00000000dad00000)
  to   space 5120K, 0% used [0x00000000da300000,0x00000000da300000,0x00000000da800000)
 ParOldGen       total 81920K, used 0K [0x0000000088e00000, 0x000000008de00000, 0x00000000d8500000)
  object space 81920K, 0% used [0x0000000088e00000,0x0000000088e00000,0x000000008de00000)
 Metaspace       used 8169K, capacity 8456K, committed 8576K, reserved 1056768K
  class space    used 951K, capacity 1070K, committed 1152K, reserved 1048576K
Event: 1.364 GC heap after
Heap after GC invocations=1 (full 0):
 PSYoungGen      total 35840K, used 3111K [0x00000000d8500000, 0x00000000dad00000, 0x0000000100000000)
  eden space 30720K, 0% used [0x00000000d8500000,0x00000000d8500000,0x00000000da300000)
  from space 5120K, 60% used [0x00000000da300000,0x00000000da609ea0,0x00000000da800000)
  to   space 5120K, 0% used [0x00000000da800000,0x00000000da800000,0x00000000dad00000)
 ParOldGen       total 81920K, used 35K [0x0000000088e00000, 0x000000008de00000, 0x00000000d8500000)
  object space 81920K, 0% used [0x0000000088e00000,0x0000000088e08c30,0x000000008de00000)
 Metaspace       used 8169K, capacity 8456K, committed 8576K, reserved 1056768K
  class space    used 951K, capacity 1070K, committed 1152K, reserved 1048576K
}
Event: 2.762 GC heap before
{Heap before GC invocations=2 (full 0):
 PSYoungGen      total 35840K, used 33831K [0x00000000d8500000, 0x00000000dad00000, 0x0000000100000000)
  eden space 30720K, 100% used [0x00000000d8500000,0x00000000da300000,0x00000000da300000)
  from space 5120K, 60% used [0x00000000da300000,0x00000000da609ea0,0x00000000da800000)
  to   space 5120K, 0% used [0x00000000da800000,0x00000000da800000,0x00000000dad00000)
 ParOldGen       total 81920K, used 35K [0x0000000088e00000, 0x000000008de00000, 0x00000000d8500000)
  object space 81920K, 0% used [0x0000000088e00000,0x0000000088e08c30,0x000000008de00000)
 Metaspace       used 10646K, capacity 10872K, committed 11136K, reserved 1058816K
  class space    used 1270K, capacity 1361K, committed 1408K, reserved 1048576K
Event: 2.772 GC heap after
Heap after GC invocations=2 (full 0):
 PSYoungGen      total 35840K, used 3336K [0x00000000d8500000, 0x00000000dad00000, 0x0000000100000000)
  eden space 30720K, 0% used [0x00000000d8500000,0x00000000d8500000,0x00000000da300000)
  from space 5120K, 65% used [0x00000000da800000,0x00000000dab42010,0x00000000dad00000)
  to   space 5120K, 0% used [0x00000000da300000,0x00000000da300000,0x00000000da800000)
 ParOldGen       total 81920K, used 43K [0x0000000088e00000, 0x000000008de00000, 0x00000000d8500000)
  object space 81920K, 0% used [0x0000000088e00000,0x0000000088e0ac30,0x000000008de00000)
 Metaspace       used 10646K, capacity 10872K, committed 11136K, reserved 1058816K
  class space    used 1270K, capacity 1361K, committed 1408K, reserved 1048576K
}
Event: 3.473 GC heap before
{Heap before GC invocations=3 (full 0):
 PSYoungGen      total 35840K, used 34056K [0x00000000d8500000, 0x00000000dad00000, 0x0000000100000000)
  eden space 30720K, 100% used [0x00000000d8500000,0x00000000da300000,0x00000000da300000)
  from space 5120K, 65% used [0x00000000da800000,0x00000000dab42010,0x00000000dad00000)
  to   space 5120K, 0% used [0x00000000da300000,0x00000000da300000,0x00000000da800000)
 ParOldGen       total 81920K, used 43K [0x0000000088e00000, 0x000000008de00000, 0x00000000d8500000)
  object space 81920K, 0% used [0x0000000088e00000,0x0000000088e0ac30,0x000000008de00000)
 Metaspace       used 12075K, capacity 12280K, committed 12416K, reserved 1060864K
  class space    used 1530K, capacity 1617K, committed 1664K, reserved 1048576K
Event: 3.482 GC heap after
Heap after GC invocations=3 (full 0):
 PSYoungGen      total 35840K, used 3833K [0x00000000d8500000, 0x00000000dad00000, 0x0000000100000000)
  eden space 30720K, 0% used [0x00000000d8500000,0x00000000d8500000,0x00000000da300000)
  from space 5120K, 74% used [0x00000000da300000,0x00000000da6be5e0,0x00000000da800000)
  to   space 5120K, 0% used [0x00000000da800000,0x00000000da800000,0x00000000dad00000)
 ParOldGen       total 81920K, used 51K [0x0000000088e00000, 0x000000008de00000, 0x00000000d8500000)
  object space 81920K, 0% used [0x0000000088e00000,0x0000000088e0cc30,0x000000008de00000)
 Metaspace       used 12075K, capacity 12280K, committed 12416K, reserved 1060864K
  class space    used 1530K, capacity 1617K, committed 1664K, reserved 1048576K
}
Event: 4.031 GC heap before
{Heap before GC invocations=4 (full 0):
 PSYoungGen      total 35840K, used 34553K [0x00000000d8500000, 0x00000000dad00000, 0x0000000100000000)
  eden space 30720K, 100% used [0x00000000d8500000,0x00000000da300000,0x00000000da300000)
  from space 5120K, 74% used [0x00000000da300000,0x00000000da6be5e0,0x00000000da800000)
  to   space 5120K, 0% used [0x00000000da800000,0x00000000da800000,0x00000000dad00000)
 ParOldGen       total 81920K, used 51K [0x0000000088e00000, 0x000000008de00000, 0x00000000d8500000)
  object space 81920K, 0% used [0x0000000088e00000,0x0000000088e0cc30,0x000000008de00000)
 Metaspace       used 13605K, capacity 13882K, committed 13952K, reserved 1060864K
  class space    used 1786K, capacity 1884K, committed 1920K, reserved 1048576K
Event: 4.040 GC heap after
Heap after GC invocations=4 (full 0):
 PSYoungGen      total 35840K, used 3945K [0x00000000d8500000, 0x00000000dad00000, 0x0000000100000000)
  eden space 30720K, 0% used [0x00000000d8500000,0x00000000d8500000,0x00000000da300000)
  from space 5120K, 77% used [0x00000000da800000,0x00000000dabda728,0x00000000dad00000)
  to   space 5120K, 0% used [0x00000000da300000,0x00000000da300000,0x00000000da800000)
 ParOldGen       total 81920K, used 59K [0x0000000088e00000, 0x000000008de00000, 0x00000000d8500000)
  object space 81920K, 0% used [0x0000000088e00000,0x0000000088e0ec30,0x000000008de00000)
 Metaspace       used 13605K, capacity 13882K, committed 13952K, reserved 1060864K
  class space    used 1786K, capacity 1884K, committed 1920K, reserved 1048576K
}

Deoptimization events (10 events):
Event: 2.466 Thread 0x000001d0ce63e000 Uncommon trap: reason=class_check action=maybe_recompile pc=0x000001d0b7858090 method=java.util.regex.Matcher.match(II)Z @ 86
Event: 2.466 Thread 0x000001d0ce63e000 Uncommon trap: reason=class_check action=maybe_recompile pc=0x000001d0b7858090 method=java.util.regex.Matcher.match(II)Z @ 86
Event: 2.649 Thread 0x000001d0ce63e000 Uncommon trap: reason=unstable_if action=reinterpret pc=0x000001d0b75e1b80 method=org.jacoco.agent.rt.internal_14f7ee5.asm.Item.isEqualTo(Lorg/jacoco/agent/rt/internal_14f7ee5/asm/Item;)Z @ 345
Event: 2.861 Thread 0x000001d0ce63e000 Uncommon trap: reason=unstable_if action=reinterpret pc=0x000001d0b79291cc method=org.jacoco.agent.rt.internal_14f7ee5.asm.ClassReader.readCode(Lorg/jacoco/agent/rt/internal_14f7ee5/asm/MethodVisitor;Lorg/jacoco/agent/rt/internal_14f7ee5/asm/Context;I)V @
Event: 3.208 Thread 0x000001d0ce63e000 Uncommon trap: reason=unstable_if action=reinterpret pc=0x000001d0b7624894 method=org.jacoco.agent.rt.internal_14f7ee5.asm.Type.getType([CI)Lorg/jacoco/agent/rt/internal_14f7ee5/asm/Type; @ 165
Event: 3.209 Thread 0x000001d0ce63e000 Uncommon trap: reason=unstable_if action=reinterpret pc=0x000001d0b761faa8 method=org.jacoco.agent.rt.internal_14f7ee5.asm.Type.getType([CI)Lorg/jacoco/agent/rt/internal_14f7ee5/asm/Type; @ 165
Event: 3.761 Thread 0x000001d0ce63e000 Uncommon trap: reason=class_check action=maybe_recompile pc=0x000001d0b7920a1c method=java.util.HashMap.putVal(ILjava/lang/Object;Ljava/lang/Object;ZZ)Ljava/lang/Object; @ 203
Event: 3.761 Thread 0x000001d0ce63e000 Uncommon trap: reason=class_check action=maybe_recompile pc=0x000001d0b7920a1c method=java.util.HashMap.putVal(ILjava/lang/Object;Ljava/lang/Object;ZZ)Ljava/lang/Object; @ 203
Event: 3.761 Thread 0x000001d0ce63e000 Uncommon trap: reason=class_check action=maybe_recompile pc=0x000001d0b7920a1c method=java.util.HashMap.putVal(ILjava/lang/Object;Ljava/lang/Object;ZZ)Ljava/lang/Object; @ 203
Event: 3.762 Thread 0x000001d0ce63e000 Uncommon trap: reason=class_check action=maybe_recompile pc=0x000001d0b7920a1c method=java.util.HashMap.putVal(ILjava/lang/Object;Ljava/lang/Object;ZZ)Ljava/lang/Object; @ 203

Classes redefined (0 events):
No events

Internal exceptions (10 events):
Event: 0.853 Thread 0x000001d0b5a3b000 Exception <a 'java/security/PrivilegedActionException'> (0x00000000d947be68) thrown at [C:\wsjdk\Corretto8Src\installers\windows\zip\corretto-build\buildRoot\src\hotspot\src\share\vm\prims\jvm.cpp, line 1522]
Event: 1.017 Thread 0x000001d0b5a3b000 Exception <a 'java/lang/NoSuchFieldError': method resolution failed> (0x00000000d98a6728) thrown at [C:\wsjdk\Corretto8Src\installers\windows\zip\corretto-build\buildRoot\src\hotspot\src\share\vm\prims\methodHandles.cpp, line 1169]
Event: 1.021 Thread 0x000001d0b5a3b000 Exception <a 'java/lang/NoSuchFieldError': method resolution failed> (0x00000000d98b3f38) thrown at [C:\wsjdk\Corretto8Src\installers\windows\zip\corretto-build\buildRoot\src\hotspot\src\share\vm\prims\methodHandles.cpp, line 1169]
Event: 1.131 Thread 0x000001d0b5a3b000 Exception <a 'java/lang/NoSuchMethodError': <clinit>> (0x00000000d9b25578) thrown at [C:\wsjdk\Corretto8Src\installers\windows\zip\corretto-build\buildRoot\src\hotspot\src\share\vm\prims\jni.cpp, line 1616]
Event: 1.133 Thread 0x000001d0b5a3b000 Exception <a 'java/lang/NoSuchMethodError': <clinit>> (0x00000000d9b2fd98) thrown at [C:\wsjdk\Corretto8Src\installers\windows\zip\corretto-build\buildRoot\src\hotspot\src\share\vm\prims\jni.cpp, line 1616]
Event: 1.345 Thread 0x000001d0b5a3b000 Exception <a 'java/lang/ArrayIndexOutOfBoundsException'> (0x00000000da2801e8) thrown at [C:\wsjdk\Corretto8Src\installers\windows\zip\corretto-build\buildRoot\src\hotspot\src\share\vm\runtime\sharedRuntime.cpp, line 609]
Event: 1.345 Thread 0x000001d0b5a3b000 Exception <a 'java/lang/ArrayIndexOutOfBoundsException'> (0x00000000da281040) thrown at [C:\wsjdk\Corretto8Src\installers\windows\zip\corretto-build\buildRoot\src\hotspot\src\share\vm\runtime\sharedRuntime.cpp, line 609]
Event: 2.455 Thread 0x000001d0ce63e000 Implicit null exception at 0x000001d0b7849854 to 0x000001d0b7849c15
Event: 3.763 Thread 0x000001d0ce63e000 Exception <a 'java/lang/ArrayIndexOutOfBoundsException'> (0x00000000d92a19d0) thrown at [C:\wsjdk\Corretto8Src\installers\windows\zip\corretto-build\buildRoot\src\hotspot\src\share\vm\runtime\sharedRuntime.cpp, line 609]
Event: 3.764 Thread 0x000001d0ce63e000 Exception <a 'java/lang/ArrayIndexOutOfBoundsException'> (0x00000000d92a46c0) thrown at [C:\wsjdk\Corretto8Src\installers\windows\zip\corretto-build\buildRoot\src\hotspot\src\share\vm\runtime\sharedRuntime.cpp, line 609]

Events (10 events):
Event: 4.089 loading class net/bytebuddy/description/field/FieldList$Explicit
Event: 4.089 loading class net/bytebuddy/description/field/FieldList$Explicit done
Event: 4.091 loading class net/bytebuddy/dynamic/scaffold/FieldLocator$Resolution$Simple
Event: 4.091 loading class net/bytebuddy/dynamic/scaffold/FieldLocator$Resolution$Simple done
Event: 4.093 loading class net/bytebuddy/implementation/bytecode/member/FieldAccess
Event: 4.093 loading class net/bytebuddy/implementation/bytecode/member/FieldAccess done
Event: 4.094 loading class net/bytebuddy/implementation/bytecode/member/FieldAccess$Defined
Event: 4.094 loading class net/bytebuddy/implementation/bytecode/member/FieldAccess$Defined done
Event: 4.096 loading class net/bytebuddy/implementation/bytecode/member/FieldAccess$AccessDispatcher
Event: 4.096 loading class net/bytebuddy/implementation/bytecode/member/FieldAccess$AccessDispatcher done


Dynamic libraries:
0x00007ff61f1d0000 - 0x00007ff61f20a000 	C:\Users\Никита\.jdks\corretto-1.8.0_282\bin\java.exe
0x00007ffb363e0000 - 0x00007ffb365d0000 	C:\WINDOWS\SYSTEM32\ntdll.dll
0x00007ffb35230000 - 0x00007ffb352e2000 	C:\WINDOWS\System32\KERNEL32.DLL
0x00007ffb33fd0000 - 0x00007ffb34275000 	C:\WINDOWS\System32\KERNELBASE.dll
0x00007ffb358c0000 - 0x00007ffb35963000 	C:\WINDOWS\System32\ADVAPI32.dll
0x00007ffb34500000 - 0x00007ffb3459e000 	C:\WINDOWS\System32\msvcrt.dll
0x00007ffb35430000 - 0x00007ffb354c7000 	C:\WINDOWS\System32\sechost.dll
0x00007ffb34ef0000 - 0x00007ffb3500f000 	C:\WINDOWS\System32\RPCRT4.dll
0x00007ffb345b0000 - 0x00007ffb34744000 	C:\WINDOWS\System32\USER32.dll
0x00007ffb33dd0000 - 0x00007ffb33df1000 	C:\WINDOWS\System32\win32u.dll
0x00007ffb354d0000 - 0x00007ffb354f6000 	C:\WINDOWS\System32\GDI32.dll
0x00007ffb33e00000 - 0x00007ffb33f98000 	C:\WINDOWS\System32\gdi32full.dll
0x00007ffb343f0000 - 0x00007ffb3448e000 	C:\WINDOWS\System32\msvcp_win.dll
0x00007ffb33360000 - 0x00007ffb3345a000 	C:\WINDOWS\System32\ucrtbase.dll
0x00007ffb26dc0000 - 0x00007ffb27044000 	C:\WINDOWS\WinSxS\amd64_microsoft.windows.common-controls_6595b64144ccf1df_6.0.18362.1316_none_9e7a364fe461dbd7\COMCTL32.dll
0x00007ffb36060000 - 0x00007ffb36397000 	C:\WINDOWS\System32\combase.dll
0x00007ffb33460000 - 0x00007ffb334e1000 	C:\WINDOWS\System32\bcryptPrimitives.dll
0x00007ffb34c40000 - 0x00007ffb34c6e000 	C:\WINDOWS\System32\IMM32.DLL
0x00007ffb10e30000 - 0x00007ffb10f1f000 	C:\Users\Никита\.jdks\corretto-1.8.0_282\jre\bin\msvcr120.dll
0x00007ffb1db90000 - 0x00007ffb1dc36000 	C:\Users\Никита\.jdks\corretto-1.8.0_282\jre\bin\msvcp120.dll
0x0000000070570000 - 0x0000000070ddf000 	C:\Users\Никита\.jdks\corretto-1.8.0_282\jre\bin\server\jvm.dll
0x00007ffb35010000 - 0x00007ffb35018000 	C:\WINDOWS\System32\PSAPI.DLL
0x00007ffb25610000 - 0x00007ffb25619000 	C:\WINDOWS\SYSTEM32\WSOCK32.dll
0x00007ffb2fe60000 - 0x00007ffb2fe84000 	C:\WINDOWS\SYSTEM32\WINMM.dll
0x00007ffb34490000 - 0x00007ffb344ff000 	C:\WINDOWS\System32\WS2_32.dll
0x00007ffb2cd60000 - 0x00007ffb2cd6a000 	C:\WINDOWS\SYSTEM32\VERSION.dll
0x00007ffb2fe30000 - 0x00007ffb2fe5d000 	C:\WINDOWS\SYSTEM32\winmmbase.dll
0x00007ffb33d80000 - 0x00007ffb33dca000 	C:\WINDOWS\System32\cfgmgr32.dll
0x00007ffb2fcd0000 - 0x00007ffb2fcdf000 	C:\Users\Никита\.jdks\corretto-1.8.0_282\jre\bin\verify.dll
0x00007ffb22ca0000 - 0x00007ffb22cc9000 	C:\Users\Никита\.jdks\corretto-1.8.0_282\jre\bin\java.dll
0x00007ffb20400000 - 0x00007ffb2042a000 	C:\Users\Никита\.jdks\corretto-1.8.0_282\jre\bin\instrument.dll
0x00007ffb28770000 - 0x00007ffb28786000 	C:\Users\Никита\.jdks\corretto-1.8.0_282\jre\bin\zip.dll
0x00007ffb35970000 - 0x00007ffb36058000 	C:\WINDOWS\System32\SHELL32.dll
0x00007ffb35020000 - 0x00007ffb350c7000 	C:\WINDOWS\System32\shcore.dll
0x00007ffb334f0000 - 0x00007ffb33c6b000 	C:\WINDOWS\System32\windows.storage.dll
0x00007ffb332c0000 - 0x00007ffb332e3000 	C:\WINDOWS\System32\profapi.dll
0x00007ffb332f0000 - 0x00007ffb3333a000 	C:\WINDOWS\System32\powrprof.dll
0x00007ffb33290000 - 0x00007ffb332a0000 	C:\WINDOWS\System32\UMPDC.dll
0x00007ffb34d20000 - 0x00007ffb34d72000 	C:\WINDOWS\System32\shlwapi.dll
0x00007ffb33340000 - 0x00007ffb33351000 	C:\WINDOWS\System32\kernel.appcore.dll
0x00007ffb343d0000 - 0x00007ffb343e7000 	C:\WINDOWS\System32\cryptsp.dll
0x00007ffb21170000 - 0x00007ffb2118a000 	C:\Users\Никита\.jdks\corretto-1.8.0_282\jre\bin\net.dll
0x00007ffb32ad0000 - 0x00007ffb32b37000 	C:\WINDOWS\system32\mswsock.dll
0x00007ffb13f90000 - 0x00007ffb13fa6000 	C:\WINDOWS\system32\napinsp.dll
0x00007ffb13fb0000 - 0x00007ffb13fca000 	C:\WINDOWS\system32\pnrpnsp.dll
0x00007ffb32820000 - 0x00007ffb328eb000 	C:\WINDOWS\SYSTEM32\DNSAPI.dll
0x00007ffb345a0000 - 0x00007ffb345a8000 	C:\WINDOWS\System32\NSI.dll
0x00007ffb327e0000 - 0x00007ffb3281a000 	C:\WINDOWS\SYSTEM32\IPHLPAPI.DLL
0x00007ffb217d0000 - 0x00007ffb217de000 	C:\WINDOWS\System32\winrnr.dll
0x00007ffb2fc80000 - 0x00007ffb2fc9c000 	C:\WINDOWS\system32\NLAapi.dll
0x00007ffb198f0000 - 0x00007ffb19905000 	C:\WINDOWS\system32\wshbth.dll
0x00007ffb27740000 - 0x00007ffb2774a000 	C:\Windows\System32\rasadhlp.dll
0x00007ffb2b9f0000 - 0x00007ffb2ba67000 	C:\WINDOWS\System32\fwpuclnt.dll
0x00007ffb33fa0000 - 0x00007ffb33fc6000 	C:\WINDOWS\System32\bcrypt.dll
0x00007ffb20230000 - 0x00007ffb20242000 	C:\Users\Никита\.jdks\corretto-1.8.0_282\jre\bin\nio.dll
0x00007ffb32650000 - 0x00007ffb32683000 	C:\WINDOWS\system32\rsaenh.dll
0x00007ffb33170000 - 0x00007ffb33195000 	C:\WINDOWS\SYSTEM32\USERENV.dll
0x00007ffb32ca0000 - 0x00007ffb32cac000 	C:\WINDOWS\SYSTEM32\CRYPTBASE.dll
0x00007ffb2bad0000 - 0x00007ffb2bae6000 	C:\WINDOWS\SYSTEM32\dhcpcsvc6.DLL
0x00007ffb2bd10000 - 0x00007ffb2bd2c000 	C:\WINDOWS\SYSTEM32\dhcpcsvc.DLL

VM Arguments:
jvm_args: -Djava.security.manager=worker.org.gradle.process.internal.worker.child.BootstrapSecurityManager -Dorg.gradle.native=false -javaagent:build/tmp/expandedArchives/org.jacoco.agent-0.7.6.201602180812.jar_c6e4c8f58c148113c152dc0b1072a756/jacocoagent.jar=destfile=build/jacoco/test.exec,append=true,inclnolocationclasses=false,dumponexit=true,output=file,jmx=false -Dfile.encoding=windows-1251 -Duser.country=RU -Duser.language=ru -Duser.variant -ea 
java_command: worker.org.gradle.process.internal.worker.GradleWorkerMain 'Gradle Test Executor 11'
java_class_path (initial): C:\Users\Никита\.gradle\caches\4.3.1\workerMain\gradle-worker.jar;build/tmp/expandedArchives/org.jacoco.agent-0.7.6.201602180812.jar_c6e4c8f58c148113c152dc0b1072a756/jacocoagent.jar
Launcher Type: SUN_STANDARD

Environment Variables:
JAVA_HOME=C:\Program Files\Java\jdk-15.0.1
PATH=C:\Program Files\Common Files\Oracle\Java\javapath;C:\Program Files (x86)\NVIDIA Corporation\PhysX\Common;C:\Program Files (x86)\AMD APP\bin\x86_64;C:\Program Files (x86)\AMD APP\bin\x86;C:\WINDOWS\system32;C:\WINDOWS;C:\WINDOWS\System32\Wbem;C:\WINDOWS\System32\WindowsPowerShell\v1.0\;C:\Program Files (x86)\ATI Technologies\ATI.ACE\Core-Static;C:\Program Files (x86)\Common Files\Adobe\AGL;C:\WINDOWS\System32\OpenSSH\;C:\Program Files\Java\jdk-15.0.1\bin;C:\Program Files\Git\cmd;C:\Users\Никита\AppData\Local\Microsoft\WindowsApps;;C:\Program Files\JetBrains\PyCharm 2020.2.3\bin;;C:\Program Files\JetBrains\IntelliJ IDEA Community Edition 2020.3\bin;;C:\Program Files\JetBrains\PyCharm Community Edition 2020.3.2\bin;
USERNAME=Никита
OS=Windows_NT
PROCESSOR_IDENTIFIER=AMD64 Family 21 Model 16 Stepping 1, AuthenticAMD



---------------  S Y S T E M  ---------------

OS: Windows 10.0 , 64 bit Build 18362 (10.0.18362.1316)

CPU:total 4 (initial active 4) (4 cores per cpu, 1 threads per core) family 21 model 16 stepping 1, cmov, cx8, fxsr, mmx, sse, sse2, sse3, ssse3, sse4.1, sse4.2, popcnt, avx, aes, clmul, mmxext, 3dnowpref, lzcnt, sse4a, tsc, tscinvbit, tscinv, bmi1

Memory: 4k page, physical 7805192k(606648k free), swap 7805192k(6352k free)

vm_info: OpenJDK 64-Bit Server VM (25.282-b08) for windows-amd64 JRE (1.8.0_282-b08), built on Jan 14 2021 22:12:08 by "Administrator" with MS VC++ 12.0 (VS2013)

time: Thu Apr 29 15:38:36 2021
timezone: RTZ 2 (ceia)
elapsed time: 4.119674 seconds (0d 0h 0m 4s)

