#
# There is insufficient memory for the Java Runtime Environment to continue.
# Native memory allocation (malloc) failed to allocate 902256 bytes for Chunk::new
# Possible reasons:
#   The system is out of physical RAM or swap space
#   The process is running with CompressedOops enabled, and the Java Heap may be blocking the growth of the native heap
# Possible solutions:
#   Reduce memory load on the system
#   Increase physical memory or swap space
#   Check if swap backing store is full
#   Decrease Java heap size (-Xmx/-Xms)
#   Decrease number of Java threads
#   Decrease Java thread stack sizes (-Xss)
#   Set larger code cache with -XX:ReservedCodeCacheSize=
#   JVM is running with Unscaled Compressed Oops mode in which the Java heap is
#     placed in the first 4GB address space. The Java Heap base address is the
#     maximum limit for the native heap growth. Please use -XX:HeapBaseMinAddress
#     to set the Java Heap base and to place the Java Heap above 4GB virtual address.
# This output file may be truncated or incomplete.
#
#  Out of Memory Error (allocation.cpp:389), pid=8644, tid=0x0000000000003148
#
# JRE version: OpenJDK Runtime Environment (8.0_282-b08) (build 1.8.0_282-b08)
# Java VM: OpenJDK 64-Bit Server VM (25.282-b08 mixed mode windows-amd64 compressed oops)
# Failed to write core dump. Minidumps are not enabled by default on client versions of Windows
#

---------------  T H R E A D  ---------------

Current thread (0x00000204cb1a7800):  JavaThread "C2 CompilerThread1" daemon [_thread_in_native, id=12616, stack(0x00000072fce00000,0x00000072fcf00000)]

Stack: [0x00000072fce00000,0x00000072fcf00000]
[error occurred during error reporting (printing stack bounds), id 0xc0000005]

Native frames: (J=compiled Java code, j=interpreted, Vv=VM code, C=native code)


Current CompileTask:
C2:   3920 1350       4       org.jacoco.agent.rt.internal_14f7ee5.asm.ClassReader::readCode (3343 bytes)


---------------  P R O C E S S  ---------------

Java Threads: ( => current thread )
  0x00000204cca7f800 JavaThread "/127.0.0.1:54767 to /127.0.0.1:54765 workers Thread 3" [_thread_in_native, id=5528, stack(0x00000072fd500000,0x00000072fd600000)]
  0x00000204cca80000 JavaThread "/127.0.0.1:54767 to /127.0.0.1:54765 workers Thread 2" [_thread_blocked, id=3112, stack(0x00000072fd400000,0x00000072fd500000)]
  0x00000204cd5a3000 JavaThread "Test worker" [_thread_in_Java, id=11192, stack(0x00000072fd300000,0x00000072fd400000)]
  0x00000204cb1bb800 JavaThread "Service Thread" daemon [_thread_blocked, id=4996, stack(0x00000072fd000000,0x00000072fd100000)]
  0x00000204cb1c1800 JavaThread "C1 CompilerThread2" daemon [_thread_blocked, id=12036, stack(0x00000072fcf00000,0x00000072fd000000)]
=>0x00000204cb1a7800 JavaThread "C2 CompilerThread1" daemon [_thread_in_native, id=12616, stack(0x00000072fce00000,0x00000072fcf00000)]
  0x00000204cc143000 JavaThread "C2 CompilerThread0" daemon [_thread_in_native, id=4904, stack(0x00000072fcd00000,0x00000072fce00000)]
  0x00000204cb145000 JavaThread "Attach Listener" daemon [_thread_blocked, id=2896, stack(0x00000072fcc00000,0x00000072fcd00000)]
  0x00000204cb13f000 JavaThread "Signal Dispatcher" daemon [_thread_blocked, id=10340, stack(0x00000072fcb00000,0x00000072fcc00000)]
  0x00000204cb09d800 JavaThread "Finalizer" daemon [_thread_blocked, id=8032, stack(0x00000072fca00000,0x00000072fcb00000)]
  0x00000204cb095800 JavaThread "Reference Handler" daemon [_thread_blocked, id=7616, stack(0x00000072fc900000,0x00000072fca00000)]
  0x00000204b4e5a800 JavaThread "main" [_thread_blocked, id=5712, stack(0x00000072fc300000,0x00000072fc400000)]

Other Threads:
  0x00000204b5011800 VMThread [stack: 0x00000072fc800000,0x00000072fc900000] [id=1316]
  0x00000204cc0fb000 WatcherThread [stack: 0x00000072fd100000,0x00000072fd200000] [id=11820]

VM state:not at safepoint (normal execution)

VM Mutex/Monitor currently owned by a thread:  ([mutex/lock_event])
[0x00000204b4e591d0] Compile_lock - owner thread: 0x0000000000000000

heap address: 0x0000000088e00000, size: 1906 MB, Compressed Oops mode: 32-bit
Narrow klass base: 0x0000000000000000, Narrow klass shift: 3
Compressed class space size: 1073741824 Address: 0x0000000100000000

Heap:
 PSYoungGen      total 35840K, used 8994K [0x00000000d8500000, 0x00000000dcb00000, 0x0000000100000000)
  eden space 30720K, 16% used [0x00000000d8500000,0x00000000d89ee230,0x00000000da300000)
  from space 5120K, 77% used [0x00000000da800000,0x00000000dabda7a8,0x00000000dad00000)
  to   space 5120K, 0% used [0x00000000da300000,0x00000000da300000,0x00000000da800000)
 ParOldGen       total 81920K, used 63K [0x0000000088e00000, 0x000000008de00000, 0x00000000d8500000)
  object space 81920K, 0% used [0x0000000088e00000,0x0000000088e0fc40,0x000000008de00000)
 Metaspace       used 13816K, capacity 14054K, committed 14208K, reserved 1060864K
  class space    used 1817K, capacity 1916K, committed 1920K, reserved 1048576K

Card table byte_map: [0x00000204c5be0000,0x00000204c5fa0000] byte_map_base: 0x00000204c5799000

Marking Bits: (ParMarkBitMap*) 0x0000000070d60890
 Begin Bits: [0x00000204c6220000, 0x00000204c7fe8000)
 End Bits:   [0x00000204c7fe8000, 0x00000204c9db0000)

Polling page: 0x00000204b4da0000

CodeCache: size=245760Kb used=6315Kb max_used=6315Kb free=239444Kb
 bounds [0x00000204b6820000, 0x00000204b6e50000, 0x00000204c5820000]
 total_blobs=1814 nmethods=1460 adapters=267
 compilation: enabled

Compilation events (10 events):
Event: 3.842 Thread 0x00000204cb1c1800 1466       2       net.bytebuddy.description.ModifierReviewable$AbstractBase::matchesMask (35 bytes)
Event: 3.842 Thread 0x00000204cb1c1800 nmethod 1466 0x00000204b6e3b550 code [0x00000204b6e3b6c0, 0x00000204b6e3b900]
Event: 3.876 Thread 0x00000204cb1c1800 1467       2       net.bytebuddy.description.type.TypeList$Generic$AbstractBase::<init> (13 bytes)
Event: 3.877 Thread 0x00000204cb1c1800 nmethod 1467 0x00000204b6e4a250 code [0x00000204b6e4a3c0, 0x00000204b6e4a5c0]
Event: 3.898 Thread 0x00000204cb1c1800 1469       2       net.bytebuddy.description.annotation.AnnotationList$ForLoadedAnnotations::$jacocoInit (52 bytes)
Event: 3.899 Thread 0x00000204cb1c1800 nmethod 1469 0x00000204b6e4a790 code [0x00000204b6e4a920, 0x00000204b6e4ad80]
Event: 3.905 Thread 0x00000204cb1c1800 1470       2       net.bytebuddy.description.ByteCodeElement$Token$TokenList::$jacocoInit (52 bytes)
Event: 3.905 Thread 0x00000204cb1c1800 nmethod 1470 0x00000204b6e4af90 code [0x00000204b6e4b120, 0x00000204b6e4b580]
Event: 3.905 Thread 0x00000204cb1c1800 1471       2       net.bytebuddy.description.method.MethodDescription$Token::$jacocoInit (53 bytes)
Event: 3.906 Thread 0x00000204cb1c1800 nmethod 1471 0x00000204b6e4b790 code [0x00000204b6e4b920, 0x00000204b6e4bd80]

GC Heap History (8 events):
Event: 1.570 GC heap before
{Heap before GC invocations=1 (full 0):
 PSYoungGen      total 35840K, used 30720K [0x00000000d8500000, 0x00000000dad00000, 0x0000000100000000)
  eden space 30720K, 100% used [0x00000000d8500000,0x00000000da300000,0x00000000da300000)
  from space 5120K, 0% used [0x00000000da800000,0x00000000da800000,0x00000000dad00000)
  to   space 5120K, 0% used [0x00000000da300000,0x00000000da300000,0x00000000da800000)
 ParOldGen       total 81920K, used 0K [0x0000000088e00000, 0x000000008de00000, 0x00000000d8500000)
  object space 81920K, 0% used [0x0000000088e00000,0x0000000088e00000,0x000000008de00000)
 Metaspace       used 8170K, capacity 8468K, committed 8576K, reserved 1056768K
  class space    used 951K, capacity 1070K, committed 1152K, reserved 1048576K
Event: 1.577 GC heap after
Heap after GC invocations=1 (full 0):
 PSYoungGen      total 35840K, used 3161K [0x00000000d8500000, 0x00000000dad00000, 0x0000000100000000)
  eden space 30720K, 0% used [0x00000000d8500000,0x00000000d8500000,0x00000000da300000)
  from space 5120K, 61% used [0x00000000da300000,0x00000000da616688,0x00000000da800000)
  to   space 5120K, 0% used [0x00000000da800000,0x00000000da800000,0x00000000dad00000)
 ParOldGen       total 81920K, used 39K [0x0000000088e00000, 0x000000008de00000, 0x00000000d8500000)
  object space 81920K, 0% used [0x0000000088e00000,0x0000000088e09c40,0x000000008de00000)
 Metaspace       used 8170K, capacity 8468K, committed 8576K, reserved 1056768K
  class space    used 951K, capacity 1070K, committed 1152K, reserved 1048576K
}
Event: 2.783 GC heap before
{Heap before GC invocations=2 (full 0):
 PSYoungGen      total 35840K, used 33881K [0x00000000d8500000, 0x00000000dad00000, 0x0000000100000000)
  eden space 30720K, 100% used [0x00000000d8500000,0x00000000da300000,0x00000000da300000)
  from space 5120K, 61% used [0x00000000da300000,0x00000000da616688,0x00000000da800000)
  to   space 5120K, 0% used [0x00000000da800000,0x00000000da800000,0x00000000dad00000)
 ParOldGen       total 81920K, used 39K [0x0000000088e00000, 0x000000008de00000, 0x00000000d8500000)
  object space 81920K, 0% used [0x0000000088e00000,0x0000000088e09c40,0x000000008de00000)
 Metaspace       used 10646K, capacity 10884K, committed 11136K, reserved 1058816K
  class space    used 1270K, capacity 1361K, committed 1408K, reserved 1048576K
Event: 2.793 GC heap after
Heap after GC invocations=2 (full 0):
 PSYoungGen      total 35840K, used 3318K [0x00000000d8500000, 0x00000000dad00000, 0x0000000100000000)
  eden space 30720K, 0% used [0x00000000d8500000,0x00000000d8500000,0x00000000da300000)
  from space 5120K, 64% used [0x00000000da800000,0x00000000dab3d950,0x00000000dad00000)
  to   space 5120K, 0% used [0x00000000da300000,0x00000000da300000,0x00000000da800000)
 ParOldGen       total 81920K, used 47K [0x0000000088e00000, 0x000000008de00000, 0x00000000d8500000)
  object space 81920K, 0% used [0x0000000088e00000,0x0000000088e0bc40,0x000000008de00000)
 Metaspace       used 10646K, capacity 10884K, committed 11136K, reserved 1058816K
  class space    used 1270K, capacity 1361K, committed 1408K, reserved 1048576K
}
Event: 3.298 GC heap before
{Heap before GC invocations=3 (full 0):
 PSYoungGen      total 35840K, used 34038K [0x00000000d8500000, 0x00000000dad00000, 0x0000000100000000)
  eden space 30720K, 100% used [0x00000000d8500000,0x00000000da300000,0x00000000da300000)
  from space 5120K, 64% used [0x00000000da800000,0x00000000dab3d950,0x00000000dad00000)
  to   space 5120K, 0% used [0x00000000da300000,0x00000000da300000,0x00000000da800000)
 ParOldGen       total 81920K, used 47K [0x0000000088e00000, 0x000000008de00000, 0x00000000d8500000)
  object space 81920K, 0% used [0x0000000088e00000,0x0000000088e0bc40,0x000000008de00000)
 Metaspace       used 12065K, capacity 12292K, committed 12416K, reserved 1060864K
  class space    used 1531K, capacity 1617K, committed 1664K, reserved 1048576K
Event: 3.305 GC heap after
Heap after GC invocations=3 (full 0):
 PSYoungGen      total 35840K, used 3865K [0x00000000d8500000, 0x00000000dad00000, 0x0000000100000000)
  eden space 30720K, 0% used [0x00000000d8500000,0x00000000d8500000,0x00000000da300000)
  from space 5120K, 75% used [0x00000000da300000,0x00000000da6c65e0,0x00000000da800000)
  to   space 5120K, 0% used [0x00000000da800000,0x00000000da800000,0x00000000dad00000)
 ParOldGen       total 81920K, used 55K [0x0000000088e00000, 0x000000008de00000, 0x00000000d8500000)
  object space 81920K, 0% used [0x0000000088e00000,0x0000000088e0dc40,0x000000008de00000)
 Metaspace       used 12065K, capacity 12292K, committed 12416K, reserved 1060864K
  class space    used 1531K, capacity 1617K, committed 1664K, reserved 1048576K
}
Event: 3.817 GC heap before
{Heap before GC invocations=4 (full 0):
 PSYoungGen      total 35840K, used 34585K [0x00000000d8500000, 0x00000000dad00000, 0x0000000100000000)
  eden space 30720K, 100% used [0x00000000d8500000,0x00000000da300000,0x00000000da300000)
  from space 5120K, 75% used [0x00000000da300000,0x00000000da6c65e0,0x00000000da800000)
  to   space 5120K, 0% used [0x00000000da800000,0x00000000da800000,0x00000000dad00000)
 ParOldGen       total 81920K, used 55K [0x0000000088e00000, 0x000000008de00000, 0x00000000d8500000)
  object space 81920K, 0% used [0x0000000088e00000,0x0000000088e0dc40,0x000000008de00000)
 Metaspace       used 13590K, capacity 13830K, committed 13952K, reserved 1060864K
  class space    used 1783K, capacity 1884K, committed 1920K, reserved 1048576K
Event: 3.826 GC heap after
Heap after GC invocations=4 (full 0):
 PSYoungGen      total 35840K, used 3945K [0x00000000d8500000, 0x00000000dcb00000, 0x0000000100000000)
  eden space 30720K, 0% used [0x00000000d8500000,0x00000000d8500000,0x00000000da300000)
  from space 5120K, 77% used [0x00000000da800000,0x00000000dabda7a8,0x00000000dad00000)
  to   space 5120K, 0% used [0x00000000da300000,0x00000000da300000,0x00000000da800000)
 ParOldGen       total 81920K, used 63K [0x0000000088e00000, 0x000000008de00000, 0x00000000d8500000)
  object space 81920K, 0% used [0x0000000088e00000,0x0000000088e0fc40,0x000000008de00000)
 Metaspace       used 13590K, capacity 13830K, committed 13952K, reserved 1060864K
  class space    used 1783K, capacity 1884K, committed 1920K, reserved 1048576K
}

Deoptimization events (10 events):
Event: 2.537 Thread 0x00000204cd5a3000 Uncommon trap: reason=class_check action=maybe_recompile pc=0x00000204b6c6cd50 method=java.util.regex.Matcher.match(II)Z @ 86
Event: 2.537 Thread 0x00000204cd5a3000 Uncommon trap: reason=class_check action=maybe_recompile pc=0x00000204b6c6cd50 method=java.util.regex.Matcher.match(II)Z @ 86
Event: 2.714 Thread 0x00000204cd5a3000 Uncommon trap: reason=unstable_if action=reinterpret pc=0x00000204b69e7f00 method=org.jacoco.agent.rt.internal_14f7ee5.asm.Item.isEqualTo(Lorg/jacoco/agent/rt/internal_14f7ee5/asm/Item;)Z @ 345
Event: 3.061 Thread 0x00000204cd5a3000 Uncommon trap: reason=unstable_if action=reinterpret pc=0x00000204b6a25714 method=org.jacoco.agent.rt.internal_14f7ee5.asm.Type.getType([CI)Lorg/jacoco/agent/rt/internal_14f7ee5/asm/Type; @ 165
Event: 3.061 Thread 0x00000204cd5a3000 Uncommon trap: reason=unstable_if action=reinterpret pc=0x00000204b6a1b3a8 method=org.jacoco.agent.rt.internal_14f7ee5.asm.Type.getType([CI)Lorg/jacoco/agent/rt/internal_14f7ee5/asm/Type; @ 165
Event: 3.098 Thread 0x00000204cd5a3000 Uncommon trap: reason=unstable_if action=reinterpret pc=0x00000204b6d3795c method=org.jacoco.agent.rt.internal_14f7ee5.asm.ClassReader.readCode(Lorg/jacoco/agent/rt/internal_14f7ee5/asm/MethodVisitor;Lorg/jacoco/agent/rt/internal_14f7ee5/asm/Context;I)V @
Event: 3.544 Thread 0x00000204cd5a3000 Uncommon trap: reason=class_check action=maybe_recompile pc=0x00000204b6dfc2a0 method=java.util.HashMap.putVal(ILjava/lang/Object;Ljava/lang/Object;ZZ)Ljava/lang/Object; @ 203
Event: 3.544 Thread 0x00000204cd5a3000 Uncommon trap: reason=class_check action=maybe_recompile pc=0x00000204b6dfc2a0 method=java.util.HashMap.putVal(ILjava/lang/Object;Ljava/lang/Object;ZZ)Ljava/lang/Object; @ 203
Event: 3.566 Thread 0x00000204cd5a3000 Uncommon trap: reason=class_check action=maybe_recompile pc=0x00000204b6dfc2a0 method=java.util.HashMap.putVal(ILjava/lang/Object;Ljava/lang/Object;ZZ)Ljava/lang/Object; @ 203
Event: 3.569 Thread 0x00000204cd5a3000 Uncommon trap: reason=class_check action=maybe_recompile pc=0x00000204b6dfc2a0 method=java.util.HashMap.putVal(ILjava/lang/Object;Ljava/lang/Object;ZZ)Ljava/lang/Object; @ 203

Classes redefined (0 events):
No events

Internal exceptions (10 events):
Event: 1.125 Thread 0x00000204b4e5a800 Exception <a 'java/lang/NoSuchFieldError': method resolution failed> (0x00000000d98b6d00) thrown at [C:\wsjdk\Corretto8Src\installers\windows\zip\corretto-build\buildRoot\src\hotspot\src\share\vm\prims\methodHandles.cpp, line 1169]
Event: 1.229 Thread 0x00000204b4e5a800 Exception <a 'java/lang/NoSuchMethodError': <clinit>> (0x00000000d9b282f0) thrown at [C:\wsjdk\Corretto8Src\installers\windows\zip\corretto-build\buildRoot\src\hotspot\src\share\vm\prims\jni.cpp, line 1616]
Event: 1.231 Thread 0x00000204b4e5a800 Exception <a 'java/lang/NoSuchMethodError': <clinit>> (0x00000000d9b32b10) thrown at [C:\wsjdk\Corretto8Src\installers\windows\zip\corretto-build\buildRoot\src\hotspot\src\share\vm\prims\jni.cpp, line 1616]
Event: 1.557 Thread 0x00000204b4e5a800 Exception <a 'java/lang/ArrayIndexOutOfBoundsException'> (0x00000000da282f70) thrown at [C:\wsjdk\Corretto8Src\installers\windows\zip\corretto-build\buildRoot\src\hotspot\src\share\vm\runtime\sharedRuntime.cpp, line 609]
Event: 1.557 Thread 0x00000204b4e5a800 Exception <a 'java/lang/ArrayIndexOutOfBoundsException'> (0x00000000da283dc8) thrown at [C:\wsjdk\Corretto8Src\installers\windows\zip\corretto-build\buildRoot\src\hotspot\src\share\vm\runtime\sharedRuntime.cpp, line 609]
Event: 2.527 Thread 0x00000204cd5a3000 Implicit null exception at 0x00000204b6c4abd4 to 0x00000204b6c4af55
Event: 3.546 Thread 0x00000204cd5a3000 Exception <a 'java/lang/ArrayIndexOutOfBoundsException'> (0x00000000d92d6ce8) thrown at [C:\wsjdk\Corretto8Src\installers\windows\zip\corretto-build\buildRoot\src\hotspot\src\share\vm\runtime\sharedRuntime.cpp, line 609]
Event: 3.546 Thread 0x00000204cd5a3000 Exception <a 'java/lang/ArrayIndexOutOfBoundsException'> (0x00000000d92d99d8) thrown at [C:\wsjdk\Corretto8Src\installers\windows\zip\corretto-build\buildRoot\src\hotspot\src\share\vm\runtime\sharedRuntime.cpp, line 609]
Event: 3.883 Thread 0x00000204cd5a3000 Exception <a 'java/lang/ArrayIndexOutOfBoundsException'> (0x00000000d8773a40) thrown at [C:\wsjdk\Corretto8Src\installers\windows\zip\corretto-build\buildRoot\src\hotspot\src\share\vm\runtime\sharedRuntime.cpp, line 609]
Event: 3.885 Thread 0x00000204cd5a3000 Exception <a 'java/lang/ArrayIndexOutOfBoundsException'> (0x00000000d878f6e0) thrown at [C:\wsjdk\Corretto8Src\installers\windows\zip\corretto-build\buildRoot\src\hotspot\src\share\vm\runtime\sharedRuntime.cpp, line 609]

Events (10 events):
Event: 3.907 loading class net/bytebuddy/implementation/bytecode/collection/ArrayFactory$ArrayCreator
Event: 3.907 loading class net/bytebuddy/implementation/bytecode/collection/ArrayFactory$ArrayCreator done
Event: 3.909 loading class net/bytebuddy/implementation/bytecode/collection/ArrayFactory$ArrayCreator$ForReferenceType
Event: 3.909 loading class net/bytebuddy/implementation/bytecode/collection/ArrayFactory$ArrayCreator$ForReferenceType done
Event: 3.910 loading class net/bytebuddy/implementation/bytecode/collection/ArrayFactory$ArrayStackManipulation
Event: 3.910 loading class net/bytebuddy/implementation/bytecode/collection/ArrayFactory$ArrayStackManipulation done
Event: 3.912 loading class net/bytebuddy/description/method/MethodDescription$SignatureToken
Event: 3.912 loading class net/bytebuddy/description/method/MethodDescription$SignatureToken done
Event: 3.914 loading class net/bytebuddy/implementation/Implementation$SpecialMethodInvocation$Simple
Event: 3.914 loading class net/bytebuddy/implementation/Implementation$SpecialMethodInvocation$Simple done


Dynamic libraries:
0x00007ff61f1d0000 - 0x00007ff61f20a000 	C:\Users\Никита\.jdks\corretto-1.8.0_282\bin\java.exe
0x00007ffb363e0000 - 0x00007ffb365d0000 	C:\WINDOWS\SYSTEM32\ntdll.dll
0x00007ffb35230000 - 0x00007ffb352e2000 	C:\WINDOWS\System32\KERNEL32.DLL
0x00007ffb33fd0000 - 0x00007ffb34275000 	C:\WINDOWS\System32\KERNELBASE.dll
0x00007ffb358c0000 - 0x00007ffb35963000 	C:\WINDOWS\System32\ADVAPI32.dll
0x00007ffb34500000 - 0x00007ffb3459e000 	C:\WINDOWS\System32\msvcrt.dll
0x00007ffb35430000 - 0x00007ffb354c7000 	C:\WINDOWS\System32\sechost.dll
0x00007ffb34ef0000 - 0x00007ffb3500f000 	C:\WINDOWS\System32\RPCRT4.dll
0x00007ffb345b0000 - 0x00007ffb34744000 	C:\WINDOWS\System32\USER32.dll
0x00007ffb33dd0000 - 0x00007ffb33df1000 	C:\WINDOWS\System32\win32u.dll
0x00007ffb354d0000 - 0x00007ffb354f6000 	C:\WINDOWS\System32\GDI32.dll
0x00007ffb33e00000 - 0x00007ffb33f98000 	C:\WINDOWS\System32\gdi32full.dll
0x00007ffb343f0000 - 0x00007ffb3448e000 	C:\WINDOWS\System32\msvcp_win.dll
0x00007ffb33360000 - 0x00007ffb3345a000 	C:\WINDOWS\System32\ucrtbase.dll
0x00007ffb26dc0000 - 0x00007ffb27044000 	C:\WINDOWS\WinSxS\amd64_microsoft.windows.common-controls_6595b64144ccf1df_6.0.18362.1316_none_9e7a364fe461dbd7\COMCTL32.dll
0x00007ffb36060000 - 0x00007ffb36397000 	C:\WINDOWS\System32\combase.dll
0x00007ffb33460000 - 0x00007ffb334e1000 	C:\WINDOWS\System32\bcryptPrimitives.dll
0x00007ffb34c40000 - 0x00007ffb34c6e000 	C:\WINDOWS\System32\IMM32.DLL
0x00007ffb10d20000 - 0x00007ffb10e0f000 	C:\Users\Никита\.jdks\corretto-1.8.0_282\jre\bin\msvcr120.dll
0x00007ffb1db90000 - 0x00007ffb1dc36000 	C:\Users\Никита\.jdks\corretto-1.8.0_282\jre\bin\msvcp120.dll
0x0000000070570000 - 0x0000000070ddf000 	C:\Users\Никита\.jdks\corretto-1.8.0_282\jre\bin\server\jvm.dll
0x00007ffb35010000 - 0x00007ffb35018000 	C:\WINDOWS\System32\PSAPI.DLL
0x00007ffb25610000 - 0x00007ffb25619000 	C:\WINDOWS\SYSTEM32\WSOCK32.dll
0x00007ffb2fe60000 - 0x00007ffb2fe84000 	C:\WINDOWS\SYSTEM32\WINMM.dll
0x00007ffb34490000 - 0x00007ffb344ff000 	C:\WINDOWS\System32\WS2_32.dll
0x00007ffb2cd60000 - 0x00007ffb2cd6a000 	C:\WINDOWS\SYSTEM32\VERSION.dll
0x00007ffb2fe30000 - 0x00007ffb2fe5d000 	C:\WINDOWS\SYSTEM32\WINMMBASE.dll
0x00007ffb33d80000 - 0x00007ffb33dca000 	C:\WINDOWS\System32\cfgmgr32.dll
0x00007ffb2fcb0000 - 0x00007ffb2fcbf000 	C:\Users\Никита\.jdks\corretto-1.8.0_282\jre\bin\verify.dll
0x00007ffb22ca0000 - 0x00007ffb22cc9000 	C:\Users\Никита\.jdks\corretto-1.8.0_282\jre\bin\java.dll
0x00007ffb205f0000 - 0x00007ffb2061a000 	C:\Users\Никита\.jdks\corretto-1.8.0_282\jre\bin\instrument.dll
0x00007ffb28770000 - 0x00007ffb28786000 	C:\Users\Никита\.jdks\corretto-1.8.0_282\jre\bin\zip.dll
0x00007ffb35970000 - 0x00007ffb36058000 	C:\WINDOWS\System32\SHELL32.dll
0x00007ffb35020000 - 0x00007ffb350c7000 	C:\WINDOWS\System32\shcore.dll
0x00007ffb334f0000 - 0x00007ffb33c6b000 	C:\WINDOWS\System32\windows.storage.dll
0x00007ffb332c0000 - 0x00007ffb332e3000 	C:\WINDOWS\System32\profapi.dll
0x00007ffb332f0000 - 0x00007ffb3333a000 	C:\WINDOWS\System32\powrprof.dll
0x00007ffb33290000 - 0x00007ffb332a0000 	C:\WINDOWS\System32\UMPDC.dll
0x00007ffb34d20000 - 0x00007ffb34d72000 	C:\WINDOWS\System32\shlwapi.dll
0x00007ffb33340000 - 0x00007ffb33351000 	C:\WINDOWS\System32\kernel.appcore.dll
0x00007ffb343d0000 - 0x00007ffb343e7000 	C:\WINDOWS\System32\cryptsp.dll
0x00007ffb21170000 - 0x00007ffb2118a000 	C:\Users\Никита\.jdks\corretto-1.8.0_282\jre\bin\net.dll
0x00007ffb32ad0000 - 0x00007ffb32b37000 	C:\WINDOWS\system32\mswsock.dll
0x00007ffb13f90000 - 0x00007ffb13fa6000 	C:\WINDOWS\system32\napinsp.dll
0x00007ffb13fb0000 - 0x00007ffb13fca000 	C:\WINDOWS\system32\pnrpnsp.dll
0x00007ffb32820000 - 0x00007ffb328eb000 	C:\WINDOWS\SYSTEM32\DNSAPI.dll
0x00007ffb345a0000 - 0x00007ffb345a8000 	C:\WINDOWS\System32\NSI.dll
0x00007ffb327e0000 - 0x00007ffb3281a000 	C:\WINDOWS\SYSTEM32\IPHLPAPI.DLL
0x00007ffb217d0000 - 0x00007ffb217de000 	C:\WINDOWS\System32\winrnr.dll
0x00007ffb2fc80000 - 0x00007ffb2fc9c000 	C:\WINDOWS\system32\NLAapi.dll
0x00007ffb198f0000 - 0x00007ffb19905000 	C:\WINDOWS\system32\wshbth.dll
0x00007ffb27740000 - 0x00007ffb2774a000 	C:\Windows\System32\rasadhlp.dll
0x00007ffb2b9f0000 - 0x00007ffb2ba67000 	C:\WINDOWS\System32\fwpuclnt.dll
0x00007ffb33fa0000 - 0x00007ffb33fc6000 	C:\WINDOWS\System32\bcrypt.dll
0x00007ffb20720000 - 0x00007ffb20732000 	C:\Users\Никита\.jdks\corretto-1.8.0_282\jre\bin\nio.dll
0x00007ffb32650000 - 0x00007ffb32683000 	C:\WINDOWS\system32\rsaenh.dll
0x00007ffb33170000 - 0x00007ffb33195000 	C:\WINDOWS\SYSTEM32\USERENV.dll
0x00007ffb32ca0000 - 0x00007ffb32cac000 	C:\WINDOWS\SYSTEM32\CRYPTBASE.dll
0x00007ffb2bad0000 - 0x00007ffb2bae6000 	C:\WINDOWS\SYSTEM32\dhcpcsvc6.DLL
0x00007ffb2bd10000 - 0x00007ffb2bd2c000 	C:\WINDOWS\SYSTEM32\dhcpcsvc.DLL

VM Arguments:
jvm_args: -Djava.security.manager=worker.org.gradle.process.internal.worker.child.BootstrapSecurityManager -Dorg.gradle.native=false -javaagent:build/tmp/expandedArchives/org.jacoco.agent-0.7.6.201602180812.jar_c6e4c8f58c148113c152dc0b1072a756/jacocoagent.jar=destfile=build/jacoco/test.exec,append=true,inclnolocationclasses=false,dumponexit=true,output=file,jmx=false -Dfile.encoding=windows-1251 -Duser.country=RU -Duser.language=ru -Duser.variant -ea 
java_command: worker.org.gradle.process.internal.worker.GradleWorkerMain 'Gradle Test Executor 1'
java_class_path (initial): C:\Users\Никита\.gradle\caches\4.3.1\workerMain\gradle-worker.jar;build/tmp/expandedArchives/org.jacoco.agent-0.7.6.201602180812.jar_c6e4c8f58c148113c152dc0b1072a756/jacocoagent.jar
Launcher Type: SUN_STANDARD

Environment Variables:
JAVA_HOME=C:\Program Files\Java\jdk-15.0.1
PATH=C:\Program Files\Common Files\Oracle\Java\javapath;C:\Program Files (x86)\NVIDIA Corporation\PhysX\Common;C:\Program Files (x86)\AMD APP\bin\x86_64;C:\Program Files (x86)\AMD APP\bin\x86;C:\WINDOWS\system32;C:\WINDOWS;C:\WINDOWS\System32\Wbem;C:\WINDOWS\System32\WindowsPowerShell\v1.0\;C:\Program Files (x86)\ATI Technologies\ATI.ACE\Core-Static;C:\Program Files (x86)\Common Files\Adobe\AGL;C:\WINDOWS\System32\OpenSSH\;C:\Program Files\Java\jdk-15.0.1\bin;C:\Program Files\Git\cmd;C:\Users\Никита\AppData\Local\Microsoft\WindowsApps;;C:\Program Files\JetBrains\PyCharm 2020.2.3\bin;;C:\Program Files\JetBrains\IntelliJ IDEA Community Edition 2020.3\bin;;C:\Program Files\JetBrains\PyCharm Community Edition 2020.3.2\bin;
USERNAME=Никита
OS=Windows_NT
PROCESSOR_IDENTIFIER=AMD64 Family 21 Model 16 Stepping 1, AuthenticAMD



---------------  S Y S T E M  ---------------

OS: Windows 10.0 , 64 bit Build 18362 (10.0.18362.1316)

CPU:total 4 (initial active 4) (4 cores per cpu, 1 threads per core) family 21 model 16 stepping 1, cmov, cx8, fxsr, mmx, sse, sse2, sse3, ssse3, sse4.1, sse4.2, popcnt, avx, aes, clmul, mmxext, 3dnowpref, lzcnt, sse4a, tsc, tscinvbit, tscinv, bmi1

Memory: 4k page, physical 7805192k(664060k free), swap 7805192k(5860k free)

vm_info: OpenJDK 64-Bit Server VM (25.282-b08) for windows-amd64 JRE (1.8.0_282-b08), built on Jan 14 2021 22:12:08 by "Administrator" with MS VC++ 12.0 (VS2013)

time: Thu Apr 29 15:46:19 2021
timezone: RTZ 2 (ceia)
elapsed time: 3.939604 seconds (0d 0h 0m 3s)

